#
# There is insufficient memory for the Java Runtime Environment to continue.
# Native memory allocation (mmap) failed to map 172490752 bytes for committing reserved memory.
# Possible reasons:
#   The system is out of physical RAM or swap space
#   In 32 bit mode, the process size limit was hit
# Possible solutions:
#   Reduce memory load on the system
#   Increase physical memory or swap space
#   Check if swap backing store is full
#   Use 64 bit Java on a 64 bit OS
#   Decrease Java heap size (-Xmx/-Xms)
#   Decrease number of Java threads
#   Decrease Java thread stack sizes (-Xss)
#   Set larger code cache with -XX:ReservedCodeCacheSize=
# This output file may be truncated or incomplete.
#
#  Out of Memory Error (os_linux.cpp:2627), pid=4344, tid=139709122791168
#
# JRE version: Java(TM) SE Runtime Environment (8.0_66-b17) (build 1.8.0_66-b17)
# Java VM: Java HotSpot(TM) 64-Bit Server VM (25.66-b17 mixed mode linux-amd64 compressed oops)
# Failed to write core dump. Core dumps have been disabled. To enable core dumping, try "ulimit -c unlimited" before starting Java again
#

---------------  T H R E A D  ---------------

Current thread (0x00007f10a4080000):  VMThread [stack: 0x00007f109092c000,0x00007f1090a2d000] [id=4358]

Stack: [0x00007f109092c000,0x00007f1090a2d000],  sp=0x00007f1090a2b2e0,  free space=1020k
Native frames: (J=compiled Java code, j=interpreted, Vv=VM code, C=native code)
V  [libjvm.so+0xab9a1a]  VMError::report_and_die()+0x2ba
V  [libjvm.so+0x4f9e0b]  report_vm_out_of_memory(char const*, int, unsigned long, VMErrorType, char const*)+0x8b
V  [libjvm.so+0x91a8a3]  os::Linux::commit_memory_impl(char*, unsigned long, bool)+0x103
V  [libjvm.so+0x91adf9]  os::pd_commit_memory(char*, unsigned long, unsigned long, bool)+0x29
V  [libjvm.so+0x91510a]  os::commit_memory(char*, unsigned long, unsigned long, bool)+0x2a
V  [libjvm.so+0x9887a3]  PSVirtualSpace::expand_by(unsigned long)+0x53
V  [libjvm.so+0x989ba8]  PSYoungGen::resize_generation(unsigned long, unsigned long)+0xf8
V  [libjvm.so+0x988d02]  PSYoungGen::resize(unsigned long, unsigned long)+0x22
V  [libjvm.so+0x985fdb]  PSScavenge::invoke_no_policy()+0xf3b
V  [libjvm.so+0x986761]  PSScavenge::invoke()+0x41
V  [libjvm.so+0x93e500]  ParallelScavengeHeap::failed_mem_allocate(unsigned long)+0x70
V  [libjvm.so+0xabb437]  VM_ParallelGCFailedAllocation::doit()+0x97
V  [libjvm.so+0xac2e65]  VM_Operation::evaluate()+0x55
V  [libjvm.so+0xac123a]  VMThread::evaluate_operation(VM_Operation*)+0xba
V  [libjvm.so+0xac15be]  VMThread::loop()+0x1ce
V  [libjvm.so+0xac1a30]  VMThread::run()+0x70
V  [libjvm.so+0x91cc68]  java_start(Thread*)+0x108

VM_Operation (0x00007f10aa695530): ParallelGCFailedAllocation, mode: safepoint, requested by thread 0x00007f10a4009800


---------------  P R O C E S S  ---------------

Java Threads: ( => current thread )
  0x00007f10a40d4800 JavaThread "Service Thread" daemon [_thread_blocked, id=4366, stack(0x00007f1073afb000,0x00007f1073bfc000)]
  0x00007f10a40c7800 JavaThread "C1 CompilerThread3" daemon [_thread_blocked, id=4365, stack(0x00007f1073bfc000,0x00007f1073cfd000)]
  0x00007f10a40c5000 JavaThread "C2 CompilerThread2" daemon [_thread_blocked, id=4364, stack(0x00007f1073cfd000,0x00007f1073dfe000)]
  0x00007f10a40c3800 JavaThread "C2 CompilerThread1" daemon [_thread_blocked, id=4363, stack(0x00007f1073dfe000,0x00007f1073eff000)]
  0x00007f10a40c0800 JavaThread "C2 CompilerThread0" daemon [_thread_blocked, id=4362, stack(0x00007f1073eff000,0x00007f1074000000)]
  0x00007f10a40bf000 JavaThread "Signal Dispatcher" daemon [_thread_blocked, id=4361, stack(0x00007f10780af000,0x00007f10781b0000)]
  0x00007f10a4087000 JavaThread "Finalizer" daemon [_thread_blocked, id=4360, stack(0x00007f109072a000,0x00007f109082b000)]
  0x00007f10a4085000 JavaThread "Reference Handler" daemon [_thread_blocked, id=4359, stack(0x00007f109082b000,0x00007f109092c000)]
  0x00007f10a4009800 JavaThread "main" [_thread_blocked, id=4349, stack(0x00007f10aa596000,0x00007f10aa697000)]

Other Threads:
=>0x00007f10a4080000 VMThread [stack: 0x00007f109092c000,0x00007f1090a2d000] [id=4358]
  0x00007f10a40d7800 WatcherThread [stack: 0x00007f10739fa000,0x00007f1073afb000] [id=4367]

VM state:at safepoint (normal execution)

VM Mutex/Monitor currently owned by a thread:  ([mutex/lock_event])
[0x00007f10a4005fb0] Threads_lock - owner thread: 0x00007f10a4080000
[0x00007f10a40064b0] Heap_lock - owner thread: 0x00007f10a4009800

Heap:
 PSYoungGen      total 281600K, used 29184K [0x00000000d6780000, 0x00000000e9c80000, 0x0000000100000000)
  eden space 252416K, 0% used [0x00000000d6780000,0x00000000d6780000,0x00000000e5e00000)
  from space 29184K, 100% used [0x00000000e5e00000,0x00000000e7a80000,0x00000000e7a80000)
  to   space 23552K, 0% used [0x00000000e7a80000,0x00000000e7a80000,0x00000000e9180000)
 ParOldGen       total 86016K, used 48752K [0x0000000083600000, 0x0000000088a00000, 0x00000000d6780000)
  object space 86016K, 56% used [0x0000000083600000,0x000000008659c060,0x0000000088a00000)
 Metaspace       used 3287K, capacity 4564K, committed 4864K, reserved 1056768K
  class space    used 364K, capacity 388K, committed 512K, reserved 1048576K

Card table byte_map: [0x00007f1093e03000,0x00007f10941e9000] byte_map_base: 0x00007f10939e8000

Marking Bits: (ParMarkBitMap*) 0x00007f10a9a6a020
 Begin Bits: [0x00007f10781b0000, 0x00007f107a0d8000)
 End Bits:   [0x00007f107a0d8000, 0x00007f107c000000)

Polling page: 0x00007f10aa6b1000

CodeCache: size=245760Kb used=1532Kb max_used=1539Kb free=244227Kb
 bounds [0x00007f10945a9000, 0x00007f1094819000, 0x00007f10a35a9000]
 total_blobs=385 nmethods=147 adapters=152
 compilation: enabled

Compilation events (10 events):
Event: 5.487 Thread 0x00007f10a40c5000  143       4       java.util.regex.Pattern::RemoveQEQuoting (346 bytes)
Event: 5.489 Thread 0x00007f10a40c5000 nmethod 143 0x00007f109471b2d0 code [0x00007f109471b420, 0x00007f109471b558]
Event: 5.491 Thread 0x00007f10a40c0800  144       4       java.lang.String::split (326 bytes)
Event: 5.505 Thread 0x00007f10a40c0800 nmethod 144 0x00007f1094728c10 code [0x00007f1094728e00, 0x00007f1094729748]
Event: 5.552 Thread 0x00007f10a40c3800  145       4       java.util.regex.Pattern$Curly::match (86 bytes)
Event: 5.553 Thread 0x00007f10a40c5000  146       4       java.util.regex.Pattern$BmpCharProperty::match (50 bytes)
Event: 5.554 Thread 0x00007f10a40c0800  147       4       java.util.regex.Pattern::escape (1151 bytes)
Event: 5.555 Thread 0x00007f10a40c5000 nmethod 146 0x00007f10947131d0 code [0x00007f1094713340, 0x00007f10947135f8]
Event: 5.555 Thread 0x00007f10a40c3800 nmethod 145 0x00007f109472a850 code [0x00007f109472a9e0, 0x00007f109472ad38]
Event: 5.567 Thread 0x00007f10a40c0800 nmethod 147 0x00007f109472b210 code [0x00007f109472b840, 0x00007f109472c490]

GC Heap History (10 events):
Event: 5.158 GC heap after
Heap after GC invocations=4 (full 0):
 PSYoungGen      total 70656K, used 5104K [0x00000000d6780000, 0x00000000db180000, 0x0000000100000000)
  eden space 65536K, 0% used [0x00000000d6780000,0x00000000d6780000,0x00000000da780000)
  from space 5120K, 99% used [0x00000000dac80000,0x00000000db17c010,0x00000000db180000)
  to   space 5120K, 0% used [0x00000000da780000,0x00000000da780000,0x00000000dac80000)
 ParOldGen       total 86016K, used 9984K [0x0000000083600000, 0x0000000088a00000, 0x00000000d6780000)
  object space 86016K, 11% used [0x0000000083600000,0x0000000083fc0000,0x0000000088a00000)
 Metaspace       used 3287K, capacity 4564K, committed 4864K, reserved 1056768K
  class space    used 364K, capacity 388K, committed 512K, reserved 1048576K
}
Event: 5.196 GC heap before
{Heap before GC invocations=5 (full 0):
 PSYoungGen      total 70656K, used 70640K [0x00000000d6780000, 0x00000000db180000, 0x0000000100000000)
  eden space 65536K, 100% used [0x00000000d6780000,0x00000000da780000,0x00000000da780000)
  from space 5120K, 99% used [0x00000000dac80000,0x00000000db17c010,0x00000000db180000)
  to   space 5120K, 0% used [0x00000000da780000,0x00000000da780000,0x00000000dac80000)
 ParOldGen       total 86016K, used 9984K [0x0000000083600000, 0x0000000088a00000, 0x00000000d6780000)
  object space 86016K, 11% used [0x0000000083600000,0x0000000083fc0000,0x0000000088a00000)
 Metaspace       used 3287K, capacity 4564K, committed 4864K, reserved 1056768K
  class space    used 364K, capacity 388K, committed 512K, reserved 1048576K
Event: 5.208 GC heap after
Heap after GC invocations=5 (full 0):
 PSYoungGen      total 70656K, used 5120K [0x00000000d6780000, 0x00000000e0180000, 0x0000000100000000)
  eden space 65536K, 0% used [0x00000000d6780000,0x00000000d6780000,0x00000000da780000)
  from space 5120K, 100% used [0x00000000da780000,0x00000000dac80000,0x00000000dac80000)
  to   space 13312K, 0% used [0x00000000df480000,0x00000000df480000,0x00000000e0180000)
 ParOldGen       total 86016K, used 16232K [0x0000000083600000, 0x0000000088a00000, 0x00000000d6780000)
  object space 86016K, 18% used [0x0000000083600000,0x00000000845da000,0x0000000088a00000)
 Metaspace       used 3287K, capacity 4564K, committed 4864K, reserved 1056768K
  class space    used 364K, capacity 388K, committed 512K, reserved 1048576K
}
Event: 5.230 GC heap before
{Heap before GC invocations=6 (full 0):
 PSYoungGen      total 70656K, used 70656K [0x00000000d6780000, 0x00000000e0180000, 0x0000000100000000)
  eden space 65536K, 100% used [0x00000000d6780000,0x00000000da780000,0x00000000da780000)
  from space 5120K, 100% used [0x00000000da780000,0x00000000dac80000,0x00000000dac80000)
  to   space 13312K, 0% used [0x00000000df480000,0x00000000df480000,0x00000000e0180000)
 ParOldGen       total 86016K, used 16232K [0x0000000083600000, 0x0000000088a00000, 0x00000000d6780000)
  object space 86016K, 18% used [0x0000000083600000,0x00000000845da000,0x0000000088a00000)
 Metaspace       used 3287K, capacity 4564K, committed 4864K, reserved 1056768K
  class space    used 364K, capacity 388K, committed 512K, reserved 1048576K
Event: 5.240 GC heap after
Heap after GC invocations=6 (full 0):
 PSYoungGen      total 142336K, used 12912K [0x00000000d6780000, 0x00000000e0580000, 0x0000000100000000)
  eden space 129024K, 0% used [0x00000000d6780000,0x00000000d6780000,0x00000000de580000)
  from space 13312K, 96% used [0x00000000df480000,0x00000000e011c010,0x00000000e0180000)
  to   space 15360K, 0% used [0x00000000de580000,0x00000000de580000,0x00000000df480000)
 ParOldGen       total 86016K, used 16232K [0x0000000083600000, 0x0000000088a00000, 0x00000000d6780000)
  object space 86016K, 18% used [0x0000000083600000,0x00000000845da000,0x0000000088a00000)
 Metaspace       used 3287K, capacity 4564K, committed 4864K, reserved 1056768K
  class space    used 364K, capacity 388K, committed 512K, reserved 1048576K
}
Event: 5.305 GC heap before
{Heap before GC invocations=7 (full 0):
 PSYoungGen      total 142336K, used 141936K [0x00000000d6780000, 0x00000000e0580000, 0x0000000100000000)
  eden space 129024K, 100% used [0x00000000d6780000,0x00000000de580000,0x00000000de580000)
  from space 13312K, 96% used [0x00000000df480000,0x00000000e011c010,0x00000000e0180000)
  to   space 15360K, 0% used [0x00000000de580000,0x00000000de580000,0x00000000df480000)
 ParOldGen       total 86016K, used 16232K [0x0000000083600000, 0x0000000088a00000, 0x00000000d6780000)
  object space 86016K, 18% used [0x0000000083600000,0x00000000845da000,0x0000000088a00000)
 Metaspace       used 3287K, capacity 4564K, committed 4864K, reserved 1056768K
  class space    used 364K, capacity 388K, committed 512K, reserved 1048576K
Event: 5.341 GC heap after
Heap after GC invocations=7 (full 0):
 PSYoungGen      total 144384K, used 15360K [0x00000000d6780000, 0x00000000e9180000, 0x0000000100000000)
  eden space 129024K, 0% used [0x00000000d6780000,0x00000000d6780000,0x00000000de580000)
  from space 15360K, 100% used [0x00000000de580000,0x00000000df480000,0x00000000df480000)
  to   space 23552K, 0% used [0x00000000e7a80000,0x00000000e7a80000,0x00000000e9180000)
 ParOldGen       total 86016K, used 27608K [0x0000000083600000, 0x0000000088a00000, 0x00000000d6780000)
  object space 86016K, 32% used [0x0000000083600000,0x00000000850f6060,0x0000000088a00000)
 Metaspace       used 3287K, capacity 4564K, committed 4864K, reserved 1056768K
  class space    used 364K, capacity 388K, committed 512K, reserved 1048576K
}
Event: 5.386 GC heap before
{Heap before GC invocations=8 (full 0):
 PSYoungGen      total 144384K, used 144384K [0x00000000d6780000, 0x00000000e9180000, 0x0000000100000000)
  eden space 129024K, 100% used [0x00000000d6780000,0x00000000de580000,0x00000000de580000)
  from space 15360K, 100% used [0x00000000de580000,0x00000000df480000,0x00000000df480000)
  to   space 23552K, 0% used [0x00000000e7a80000,0x00000000e7a80000,0x00000000e9180000)
 ParOldGen       total 86016K, used 27608K [0x0000000083600000, 0x0000000088a00000, 0x00000000d6780000)
  object space 86016K, 32% used [0x0000000083600000,0x00000000850f6060,0x0000000088a00000)
 Metaspace       used 3287K, capacity 4564K, committed 4864K, reserved 1056768K
  class space    used 364K, capacity 388K, committed 512K, reserved 1048576K
Event: 5.416 GC heap after
Heap after GC invocations=8 (full 0):
 PSYoungGen      total 275968K, used 23552K [0x00000000d6780000, 0x00000000e9c80000, 0x0000000100000000)
  eden space 252416K, 0% used [0x00000000d6780000,0x00000000d6780000,0x00000000e5e00000)
  from space 23552K, 100% used [0x00000000e7a80000,0x00000000e9180000,0x00000000e9180000)
  to   space 29184K, 0% used [0x00000000e5e00000,0x00000000e5e00000,0x00000000e7a80000)
 ParOldGen       total 86016K, used 31984K [0x0000000083600000, 0x0000000088a00000, 0x00000000d6780000)
  object space 86016K, 37% used [0x0000000083600000,0x000000008553c060,0x0000000088a00000)
 Metaspace       used 3287K, capacity 4564K, committed 4864K, reserved 1056768K
  class space    used 364K, capacity 388K, committed 512K, reserved 1048576K
}
Event: 5.824 GC heap before
{Heap before GC invocations=9 (full 0):
 PSYoungGen      total 275968K, used 275968K [0x00000000d6780000, 0x00000000e9c80000, 0x0000000100000000)
  eden space 252416K, 100% used [0x00000000d6780000,0x00000000e5e00000,0x00000000e5e00000)
  from space 23552K, 100% used [0x00000000e7a80000,0x00000000e9180000,0x00000000e9180000)
  to   space 29184K, 0% used [0x00000000e5e00000,0x00000000e5e00000,0x00000000e7a80000)
 ParOldGen       total 86016K, used 31984K [0x0000000083600000, 0x0000000088a00000, 0x00000000d6780000)
  object space 86016K, 37% used [0x0000000083600000,0x000000008553c060,0x0000000088a00000)
 Metaspace       used 3287K, capacity 4564K, committed 4864K, reserved 1056768K
  class space    used 364K, capacity 388K, committed 512K, reserved 1048576K

Deoptimization events (0 events):
No events

Internal exceptions (6 events):
Event: 0.030 Thread 0x00007f10a4009800 Exception <a 'java/lang/NoSuchMethodError': Method sun.misc.Unsafe.defineClass(Ljava/lang/String;[BII)Ljava/lang/Class; name or signature does not match> (0x00000000d6792b98) thrown at [/HUDSON/workspace/8-2-build-linux-amd64/jdk8u66/4988/hotspot/src/shar
Event: 0.030 Thread 0x00007f10a4009800 Exception <a 'java/lang/NoSuchMethodError': Method sun.misc.Unsafe.prefetchRead(Ljava/lang/Object;J)V name or signature does not match> (0x00000000d6792e80) thrown at [/HUDSON/workspace/8-2-build-linux-amd64/jdk8u66/4988/hotspot/src/share/vm/prims/jni.cpp
Event: 0.075 Thread 0x00007f10a4009800 Exception <a 'java/security/PrivilegedActionException'> (0x00000000d6801f10) thrown at [/HUDSON/workspace/8-2-build-linux-amd64/jdk8u66/4988/hotspot/src/share/vm/prims/jvm.cpp, line 1386]
Event: 0.075 Thread 0x00007f10a4009800 Exception <a 'java/security/PrivilegedActionException'> (0x00000000d6802308) thrown at [/HUDSON/workspace/8-2-build-linux-amd64/jdk8u66/4988/hotspot/src/share/vm/prims/jvm.cpp, line 1386]
Event: 0.075 Thread 0x00007f10a4009800 Exception <a 'java/security/PrivilegedActionException'> (0x00000000d6804930) thrown at [/HUDSON/workspace/8-2-build-linux-amd64/jdk8u66/4988/hotspot/src/share/vm/prims/jvm.cpp, line 1386]
Event: 0.075 Thread 0x00007f10a4009800 Exception <a 'java/security/PrivilegedActionException'> (0x00000000d6804d28) thrown at [/HUDSON/workspace/8-2-build-linux-amd64/jdk8u66/4988/hotspot/src/share/vm/prims/jvm.cpp, line 1386]

Events (10 events):
Event: 5.160 Thread 0x00007f10a4009800 DEOPT UNPACKING pc=0x00007f10945f0633 sp=0x00007f10aa695418 mode 0
Event: 5.196 Executing VM operation: ParallelGCFailedAllocation
Event: 5.208 Executing VM operation: ParallelGCFailedAllocation done
Event: 5.230 Executing VM operation: ParallelGCFailedAllocation
Event: 5.240 Executing VM operation: ParallelGCFailedAllocation done
Event: 5.305 Executing VM operation: ParallelGCFailedAllocation
Event: 5.341 Executing VM operation: ParallelGCFailedAllocation done
Event: 5.386 Executing VM operation: ParallelGCFailedAllocation
Event: 5.416 Executing VM operation: ParallelGCFailedAllocation done
Event: 5.631 Executing VM operation: ParallelGCFailedAllocation


Dynamic libraries:
00400000-00401000 r-xp 00000000 08:01 902532                             /usr/lib/jvm/java-8-oracle/bin/java
00600000-00601000 rw-p 00000000 08:01 902532                             /usr/lib/jvm/java-8-oracle/bin/java
0128e000-012af000 rw-p 00000000 00:00 0                                  [heap]
83600000-88a00000 rw-p 00000000 00:00 0 
88a00000-d6780000 ---p 00000000 00:00 0 
d6780000-e9c80000 rw-p 00000000 00:00 0 
f4100000-100000000 ---p 00000000 00:00 0 
100000000-100080000 rw-p 00000000 00:00 0 
100080000-140000000 ---p 00000000 00:00 0 
7f103c000000-7f103c021000 rw-p 00000000 00:00 0 
7f103c021000-7f1040000000 ---p 00000000 00:00 0 
7f1044000000-7f10441b1000 rw-p 00000000 00:00 0 
7f10441b1000-7f1048000000 ---p 00000000 00:00 0 
7f1048000000-7f1048021000 rw-p 00000000 00:00 0 
7f1048021000-7f104c000000 ---p 00000000 00:00 0 
7f104c000000-7f104c152000 rw-p 00000000 00:00 0 
7f104c152000-7f1050000000 ---p 00000000 00:00 0 
7f1050000000-7f1050197000 rw-p 00000000 00:00 0 
7f1050197000-7f1054000000 ---p 00000000 00:00 0 
7f1054000000-7f1054021000 rw-p 00000000 00:00 0 
7f1054021000-7f1058000000 ---p 00000000 00:00 0 
7f1058000000-7f105827b000 rw-p 00000000 00:00 0 
7f105827b000-7f105c000000 ---p 00000000 00:00 0 
7f105c000000-7f105c021000 rw-p 00000000 00:00 0 
7f105c021000-7f1060000000 ---p 00000000 00:00 0 
7f1060000000-7f1060021000 rw-p 00000000 00:00 0 
7f1060021000-7f1064000000 ---p 00000000 00:00 0 
7f1064000000-7f1064021000 rw-p 00000000 00:00 0 
7f1064021000-7f1068000000 ---p 00000000 00:00 0 
7f1068000000-7f1068021000 rw-p 00000000 00:00 0 
7f1068021000-7f106c000000 ---p 00000000 00:00 0 
7f106c000000-7f106c021000 rw-p 00000000 00:00 0 
7f106c021000-7f1070000000 ---p 00000000 00:00 0 
7f1073775000-7f10739fa000 rw-p 00000000 00:00 0 
7f10739fa000-7f10739fb000 ---p 00000000 00:00 0 
7f10739fb000-7f1073afb000 rw-p 00000000 00:00 0                          [stack:4367]
7f1073afb000-7f1073afe000 ---p 00000000 00:00 0 
7f1073afe000-7f1073bfc000 rw-p 00000000 00:00 0                          [stack:4366]
7f1073bfc000-7f1073bff000 ---p 00000000 00:00 0 
7f1073bff000-7f1073cfd000 rw-p 00000000 00:00 0                          [stack:4365]
7f1073cfd000-7f1073d00000 ---p 00000000 00:00 0 
7f1073d00000-7f1073dfe000 rw-p 00000000 00:00 0                          [stack:4364]
7f1073dfe000-7f1073e01000 ---p 00000000 00:00 0 
7f1073e01000-7f1073eff000 rw-p 00000000 00:00 0                          [stack:4363]
7f1073eff000-7f1073f02000 ---p 00000000 00:00 0 
7f1073f02000-7f1074000000 rw-p 00000000 00:00 0                          [stack:4362]
7f1074000000-7f1074021000 rw-p 00000000 00:00 0 
7f1074021000-7f1078000000 ---p 00000000 00:00 0 
7f10780af000-7f10780b2000 ---p 00000000 00:00 0 
7f10780b2000-7f107c000000 rw-p 00000000 00:00 0                          [stack:4361]
7f107c000000-7f107c021000 rw-p 00000000 00:00 0 
7f107c021000-7f1080000000 ---p 00000000 00:00 0 
7f1080000000-7f1080021000 rw-p 00000000 00:00 0 
7f1080021000-7f1084000000 ---p 00000000 00:00 0 
7f1084000000-7f1084021000 rw-p 00000000 00:00 0 
7f1084021000-7f1088000000 ---p 00000000 00:00 0 
7f1088000000-7f1088021000 rw-p 00000000 00:00 0 
7f1088021000-7f108c000000 ---p 00000000 00:00 0 
7f108c000000-7f108c021000 rw-p 00000000 00:00 0 
7f108c021000-7f1090000000 ---p 00000000 00:00 0 
7f1090046000-7f109072a000 r--p 00000000 08:01 659733                     /usr/lib/locale/locale-archive
7f109072a000-7f109072d000 ---p 00000000 00:00 0 
7f109072d000-7f109082b000 rw-p 00000000 00:00 0                          [stack:4360]
7f109082b000-7f109082e000 ---p 00000000 00:00 0 
7f109082e000-7f109092c000 rw-p 00000000 00:00 0                          [stack:4359]
7f109092c000-7f109092d000 ---p 00000000 00:00 0 
7f109092d000-7f109262f000 rw-p 00000000 00:00 0                          [stack:4358]
7f109262f000-7f1092808000 r--s 03d20000 08:01 539072                     /usr/lib/jvm/java-8-oracle/jre/lib/rt.jar
7f1092808000-7f1092cbe000 rw-p 00000000 00:00 0 
7f1092cbe000-7f109307e000 ---p 00000000 00:00 0 
7f109307e000-7f1093463000 rw-p 00000000 00:00 0 
7f1093463000-7f1093464000 ---p 00000000 00:00 0 
7f1093464000-7f1093564000 rw-p 00000000 00:00 0                          [stack:4357]
7f1093564000-7f1093565000 ---p 00000000 00:00 0 
7f1093565000-7f1093665000 rw-p 00000000 00:00 0                          [stack:4356]
7f1093665000-7f1093666000 ---p 00000000 00:00 0 
7f1093666000-7f1093766000 rw-p 00000000 00:00 0                          [stack:4355]
7f1093766000-7f1093767000 ---p 00000000 00:00 0 
7f1093767000-7f1093867000 rw-p 00000000 00:00 0                          [stack:4354]
7f1093867000-7f1093868000 ---p 00000000 00:00 0 
7f1093868000-7f1093968000 rw-p 00000000 00:00 0                          [stack:4353]
7f1093968000-7f1093969000 ---p 00000000 00:00 0 
7f1093969000-7f1093a69000 rw-p 00000000 00:00 0                          [stack:4352]
7f1093a69000-7f1093a6a000 ---p 00000000 00:00 0 
7f1093a6a000-7f1093b94000 rw-p 00000000 00:00 0                          [stack:4351]
7f1093b94000-7f1093e03000 ---p 00000000 00:00 0 
7f1093e03000-7f1093e2d000 rw-p 00000000 00:00 0 
7f1093e2d000-7f109409b000 ---p 00000000 00:00 0 
7f109409b000-7f1094137000 rw-p 00000000 00:00 0 
7f1094137000-7f10941e8000 ---p 00000000 00:00 0 
7f10941e8000-7f10941f3000 rw-p 00000000 00:00 0 
7f10941f3000-7f10945a9000 ---p 00000000 00:00 0 
7f10945a9000-7f1094819000 rwxp 00000000 00:00 0 
7f1094819000-7f10a35a9000 ---p 00000000 00:00 0 
7f10a35a9000-7f10a35c3000 r-xp 00000000 08:01 539120                     /usr/lib/jvm/java-8-oracle/jre/lib/amd64/libzip.so
7f10a35c3000-7f10a37c3000 ---p 0001a000 08:01 539120                     /usr/lib/jvm/java-8-oracle/jre/lib/amd64/libzip.so
7f10a37c3000-7f10a37c4000 rw-p 0001a000 08:01 539120                     /usr/lib/jvm/java-8-oracle/jre/lib/amd64/libzip.so
7f10a37c4000-7f10a37cf000 r-xp 00000000 08:01 393311                     /lib/x86_64-linux-gnu/libnss_files-2.19.so
7f10a37cf000-7f10a39ce000 ---p 0000b000 08:01 393311                     /lib/x86_64-linux-gnu/libnss_files-2.19.so
7f10a39ce000-7f10a39cf000 r--p 0000a000 08:01 393311                     /lib/x86_64-linux-gnu/libnss_files-2.19.so
7f10a39cf000-7f10a39d0000 rw-p 0000b000 08:01 393311                     /lib/x86_64-linux-gnu/libnss_files-2.19.so
7f10a39d0000-7f10a39db000 r-xp 00000000 08:01 397494                     /lib/x86_64-linux-gnu/libnss_nis-2.19.so
7f10a39db000-7f10a3bda000 ---p 0000b000 08:01 397494                     /lib/x86_64-linux-gnu/libnss_nis-2.19.so
7f10a3bda000-7f10a3bdb000 r--p 0000a000 08:01 397494                     /lib/x86_64-linux-gnu/libnss_nis-2.19.so
7f10a3bdb000-7f10a3bdc000 rw-p 0000b000 08:01 397494                     /lib/x86_64-linux-gnu/libnss_nis-2.19.so
7f10a3bdc000-7f10a3bf3000 r-xp 00000000 08:01 393320                     /lib/x86_64-linux-gnu/libnsl-2.19.so
7f10a3bf3000-7f10a3df2000 ---p 00017000 08:01 393320                     /lib/x86_64-linux-gnu/libnsl-2.19.so
7f10a3df2000-7f10a3df3000 r--p 00016000 08:01 393320                     /lib/x86_64-linux-gnu/libnsl-2.19.so
7f10a3df3000-7f10a3df4000 rw-p 00017000 08:01 393320                     /lib/x86_64-linux-gnu/libnsl-2.19.so
7f10a3df4000-7f10a3df6000 rw-p 00000000 00:00 0 
7f10a3df6000-7f10a3dff000 r-xp 00000000 08:01 393319                     /lib/x86_64-linux-gnu/libnss_compat-2.19.so
7f10a3dff000-7f10a3ffe000 ---p 00009000 08:01 393319                     /lib/x86_64-linux-gnu/libnss_compat-2.19.so
7f10a3ffe000-7f10a3fff000 r--p 00008000 08:01 393319                     /lib/x86_64-linux-gnu/libnss_compat-2.19.so
7f10a3fff000-7f10a4000000 rw-p 00009000 08:01 393319                     /lib/x86_64-linux-gnu/libnss_compat-2.19.so
7f10a4000000-7f10a414d000 rw-p 00000000 00:00 0 
7f10a414d000-7f10a8000000 ---p 00000000 00:00 0 
7f10a8001000-7f10a8071000 rw-p 00000000 00:00 0 
7f10a8071000-7f10a8072000 ---p 00000000 00:00 0 
7f10a8072000-7f10a8172000 rw-p 00000000 00:00 0                          [stack:4350]
7f10a8172000-7f10a819c000 r-xp 00000000 08:01 539127                     /usr/lib/jvm/java-8-oracle/jre/lib/amd64/libjava.so
7f10a819c000-7f10a839c000 ---p 0002a000 08:01 539127                     /usr/lib/jvm/java-8-oracle/jre/lib/amd64/libjava.so
7f10a839c000-7f10a839e000 rw-p 0002a000 08:01 539127                     /usr/lib/jvm/java-8-oracle/jre/lib/amd64/libjava.so
7f10a839e000-7f10a83ab000 r-xp 00000000 08:01 539146                     /usr/lib/jvm/java-8-oracle/jre/lib/amd64/libverify.so
7f10a83ab000-7f10a85ab000 ---p 0000d000 08:01 539146                     /usr/lib/jvm/java-8-oracle/jre/lib/amd64/libverify.so
7f10a85ab000-7f10a85ad000 rw-p 0000d000 08:01 539146                     /usr/lib/jvm/java-8-oracle/jre/lib/amd64/libverify.so
7f10a85ad000-7f10a85b4000 r-xp 00000000 08:01 394230                     /lib/x86_64-linux-gnu/librt-2.19.so
7f10a85b4000-7f10a87b3000 ---p 00007000 08:01 394230                     /lib/x86_64-linux-gnu/librt-2.19.so
7f10a87b3000-7f10a87b4000 r--p 00006000 08:01 394230                     /lib/x86_64-linux-gnu/librt-2.19.so
7f10a87b4000-7f10a87b5000 rw-p 00007000 08:01 394230                     /lib/x86_64-linux-gnu/librt-2.19.so
7f10a87b5000-7f10a88ba000 r-xp 00000000 08:01 393310                     /lib/x86_64-linux-gnu/libm-2.19.so
7f10a88ba000-7f10a8ab9000 ---p 00105000 08:01 393310                     /lib/x86_64-linux-gnu/libm-2.19.so
7f10a8ab9000-7f10a8aba000 r--p 00104000 08:01 393310                     /lib/x86_64-linux-gnu/libm-2.19.so
7f10a8aba000-7f10a8abb000 rw-p 00105000 08:01 393310                     /lib/x86_64-linux-gnu/libm-2.19.so
7f10a8abb000-7f10a9779000 r-xp 00000000 08:01 539157                     /usr/lib/jvm/java-8-oracle/jre/lib/amd64/server/libjvm.so
7f10a9779000-7f10a9978000 ---p 00cbe000 08:01 539157                     /usr/lib/jvm/java-8-oracle/jre/lib/amd64/server/libjvm.so
7f10a9978000-7f10a9a51000 rw-p 00cbd000 08:01 539157                     /usr/lib/jvm/java-8-oracle/jre/lib/amd64/server/libjvm.so
7f10a9a51000-7f10a9a95000 rw-p 00000000 00:00 0 
7f10a9a95000-7f10a9c50000 r-xp 00000000 08:01 394226                     /lib/x86_64-linux-gnu/libc-2.19.so
7f10a9c50000-7f10a9e4f000 ---p 001bb000 08:01 394226                     /lib/x86_64-linux-gnu/libc-2.19.so
7f10a9e4f000-7f10a9e53000 r--p 001ba000 08:01 394226                     /lib/x86_64-linux-gnu/libc-2.19.so
7f10a9e53000-7f10a9e55000 rw-p 001be000 08:01 394226                     /lib/x86_64-linux-gnu/libc-2.19.so
7f10a9e55000-7f10a9e5a000 rw-p 00000000 00:00 0 
7f10a9e5a000-7f10a9e5d000 r-xp 00000000 08:01 393314                     /lib/x86_64-linux-gnu/libdl-2.19.so
7f10a9e5d000-7f10aa05c000 ---p 00003000 08:01 393314                     /lib/x86_64-linux-gnu/libdl-2.19.so
7f10aa05c000-7f10aa05d000 r--p 00002000 08:01 393314                     /lib/x86_64-linux-gnu/libdl-2.19.so
7f10aa05d000-7f10aa05e000 rw-p 00003000 08:01 393314                     /lib/x86_64-linux-gnu/libdl-2.19.so
7f10aa05e000-7f10aa073000 r-xp 00000000 08:01 903800                     /usr/lib/jvm/java-8-oracle/lib/amd64/jli/libjli.so
7f10aa073000-7f10aa273000 ---p 00015000 08:01 903800                     /usr/lib/jvm/java-8-oracle/lib/amd64/jli/libjli.so
7f10aa273000-7f10aa274000 rw-p 00015000 08:01 903800                     /usr/lib/jvm/java-8-oracle/lib/amd64/jli/libjli.so
7f10aa274000-7f10aa28d000 r-xp 00000000 08:01 394227                     /lib/x86_64-linux-gnu/libpthread-2.19.so
7f10aa28d000-7f10aa48c000 ---p 00019000 08:01 394227                     /lib/x86_64-linux-gnu/libpthread-2.19.so
7f10aa48c000-7f10aa48d000 r--p 00018000 08:01 394227                     /lib/x86_64-linux-gnu/libpthread-2.19.so
7f10aa48d000-7f10aa48e000 rw-p 00019000 08:01 394227                     /lib/x86_64-linux-gnu/libpthread-2.19.so
7f10aa48e000-7f10aa492000 rw-p 00000000 00:00 0 
7f10aa492000-7f10aa4b5000 r-xp 00000000 08:01 394222                     /lib/x86_64-linux-gnu/ld-2.19.so
7f10aa4cb000-7f10aa596000 rw-p 00000000 00:00 0 
7f10aa596000-7f10aa599000 ---p 00000000 00:00 0 
7f10aa599000-7f10aa69b000 rw-p 00000000 00:00 0                          [stack:4349]
7f10aa6a7000-7f10aa6a8000 rw-p 00000000 00:00 0 
7f10aa6a8000-7f10aa6b0000 rw-s 00000000 08:01 1849787                    /tmp/hsperfdata_k/4344
7f10aa6b0000-7f10aa6b1000 rw-p 00000000 00:00 0 
7f10aa6b1000-7f10aa6b2000 ---p 00000000 00:00 0 
7f10aa6b2000-7f10aa6b4000 rw-p 00000000 00:00 0 
7f10aa6b4000-7f10aa6b5000 r--p 00022000 08:01 394222                     /lib/x86_64-linux-gnu/ld-2.19.so
7f10aa6b5000-7f10aa6b6000 rw-p 00023000 08:01 394222                     /lib/x86_64-linux-gnu/ld-2.19.so
7f10aa6b6000-7f10aa6b7000 rw-p 00000000 00:00 0 
7ffdde83d000-7ffdde85e000 rw-p 00000000 00:00 0                          [stack]
7ffdde8ac000-7ffdde8ae000 r-xp 00000000 00:00 0                          [vdso]
7ffdde8ae000-7ffdde8b0000 r--p 00000000 00:00 0                          [vvar]
ffffffffff600000-ffffffffff601000 r-xp 00000000 00:00 0                  [vsyscall]

VM Arguments:
jvm_args: -Dfile.encoding=UTF-8 
java_command: MainClass
java_class_path (initial): /home/k/Dropbox/Java/Homework5/bin:/usr/share/eclipse/dropins/jdt/plugins/org.junit_4.8.2.dist/junit.jar:/usr/share/eclipse/dropins/jdt/plugins/org.hamcrest.core_1.3.0.jar
Launcher Type: SUN_STANDARD

Environment Variables:
JAVA_HOME=/usr/lib/jvm/java-8-oracle
PATH=/usr/local/sbin:/usr/local/bin:/usr/sbin:/usr/bin:/sbin:/bin:/usr/games:/usr/local/games:/usr/lib/jvm/java-8-oracle/bin:/usr/lib/jvm/java-8-oracle/db/bin:/usr/lib/jvm/java-8-oracle/jre/bin
SHELL=/bin/bash
DISPLAY=:0

Signal Handlers:
SIGSEGV: [libjvm.so+0xaba2a0], sa_mask[0]=11111111011111111101111111111110, sa_flags=SA_RESTART|SA_SIGINFO
SIGBUS: [libjvm.so+0xaba2a0], sa_mask[0]=11111111011111111101111111111110, sa_flags=SA_RESTART|SA_SIGINFO
SIGFPE: [libjvm.so+0x917710], sa_mask[0]=11111111011111111101111111111110, sa_flags=SA_RESTART|SA_SIGINFO
SIGPIPE: [libjvm.so+0x917710], sa_mask[0]=11111111011111111101111111111110, sa_flags=SA_RESTART|SA_SIGINFO
SIGXFSZ: [libjvm.so+0x917710], sa_mask[0]=11111111011111111101111111111110, sa_flags=SA_RESTART|SA_SIGINFO
SIGILL: [libjvm.so+0x917710], sa_mask[0]=11111111011111111101111111111110, sa_flags=SA_RESTART|SA_SIGINFO
SIGUSR1: SIG_DFL, sa_mask[0]=00000000000000000000000000000000, sa_flags=none
SIGUSR2: [libjvm.so+0x918d40], sa_mask[0]=00100000000000000000000000000000, sa_flags=SA_RESTART|SA_SIGINFO
SIGHUP: [libjvm.so+0x91a140], sa_mask[0]=11111111011111111101111111111110, sa_flags=SA_RESTART|SA_SIGINFO
SIGINT: [libjvm.so+0x91a140], sa_mask[0]=11111111011111111101111111111110, sa_flags=SA_RESTART|SA_SIGINFO
SIGTERM: [libjvm.so+0x91a140], sa_mask[0]=11111111011111111101111111111110, sa_flags=SA_RESTART|SA_SIGINFO
SIGQUIT: [libjvm.so+0x91a140], sa_mask[0]=11111111011111111101111111111110, sa_flags=SA_RESTART|SA_SIGINFO


---------------  S Y S T E M  ---------------

OS:DISTRIB_ID=Ubuntu
DISTRIB_RELEASE=14.04
DISTRIB_CODENAME=trusty
DISTRIB_DESCRIPTION="Ubuntu 14.04.3 LTS"

uname:Linux 3.16.0-53-generic #72~14.04.1-Ubuntu SMP Fri Nov 6 18:17:23 UTC 2015 x86_64
libc:glibc 2.19 NPTL 2.19 
rlimit: STACK 8192k, CORE 0k, NPROC 31802, NOFILE 4096, AS infinity
load average:3.56 3.38 1.66

/proc/meminfo:
MemTotal:        8162964 kB
MemFree:          122692 kB
MemAvailable:      74788 kB
Buffers:            1156 kB
Cached:            73188 kB
SwapCached:            0 kB
Active:          7139648 kB
Inactive:          63512 kB
Active(anon):    7134024 kB
Inactive(anon):    33084 kB
Active(file):       5624 kB
Inactive(file):    30428 kB
Unevictable:      306324 kB
Mlocked:          306324 kB
SwapTotal:             0 kB
SwapFree:              0 kB
Dirty:               172 kB
Writeback:             0 kB
AnonPages:       7436984 kB
Mapped:            58108 kB
Shmem:             36448 kB
Slab:              95900 kB
SReclaimable:      37072 kB
SUnreclaim:        58828 kB
KernelStack:       23680 kB
PageTables:        59592 kB
NFS_Unstable:          0 kB
Bounce:                0 kB
WritebackTmp:          0 kB
CommitLimit:     4081480 kB
Committed_AS:   15298340 kB
VmallocTotal:   34359738367 kB
VmallocUsed:      183920 kB
VmallocChunk:   34359502192 kB
HardwareCorrupted:     0 kB
AnonHugePages:   5097472 kB
HugePages_Total:       0
HugePages_Free:        0
HugePages_Rsvd:        0
HugePages_Surp:        0
Hugepagesize:       2048 kB
DirectMap4k:       85824 kB
DirectMap2M:     8302592 kB


CPU:total 8 (8 cores per cpu, 1 threads per core) family 6 model 62 stepping 4, cmov, cx8, fxsr, mmx, sse, sse2, sse3, ssse3, sse4.1, sse4.2, popcnt, avx, aes, clmul, erms, tsc, tscinvbit

/proc/cpuinfo:
processor	: 0
vendor_id	: GenuineIntel
cpu family	: 6
model		: 62
model name	: Intel(R) Core(TM) i7-4820K CPU @ 3.70GHz
stepping	: 4
microcode	: 0x428
cpu MHz		: 3700.000
cache size	: 10240 KB
physical id	: 0
siblings	: 8
core id		: 0
cpu cores	: 8
apicid		: 0
initial apicid	: 0
fpu		: yes
fpu_exception	: yes
cpuid level	: 13
wp		: yes
flags		: fpu vme de pse tsc msr pae mce cx8 apic sep mtrr pge mca cmov pat pse36 clflush dts mmx fxsr sse sse2 ss ht syscall nx rdtscp lm constant_tsc arch_perfmon pebs bts nopl xtopology tsc_reliable nonstop_tsc aperfmperf pni pclmulqdq ssse3 cx16 pcid sse4_1 sse4_2 x2apic popcnt tsc_deadline_timer aes xsave avx f16c rdrand hypervisor lahf_lm ida arat pln pts dtherm fsgsbase tsc_adjust smep
bogomips	: 7400.00
clflush size	: 64
cache_alignment	: 64
address sizes	: 42 bits physical, 48 bits virtual
power management:

processor	: 1
vendor_id	: GenuineIntel
cpu family	: 6
model		: 62
model name	: Intel(R) Core(TM) i7-4820K CPU @ 3.70GHz
stepping	: 4
microcode	: 0x428
cpu MHz		: 3700.000
cache size	: 10240 KB
physical id	: 0
siblings	: 8
core id		: 1
cpu cores	: 8
apicid		: 1
initial apicid	: 1
fpu		: yes
fpu_exception	: yes
cpuid level	: 13
wp		: yes
flags		: fpu vme de pse tsc msr pae mce cx8 apic sep mtrr pge mca cmov pat pse36 clflush dts mmx fxsr sse sse2 ss ht syscall nx rdtscp lm constant_tsc arch_perfmon pebs bts nopl xtopology tsc_reliable nonstop_tsc aperfmperf pni pclmulqdq ssse3 cx16 pcid sse4_1 sse4_2 x2apic popcnt tsc_deadline_timer aes xsave avx f16c rdrand hypervisor lahf_lm ida arat pln pts dtherm fsgsbase tsc_adjust smep
bogomips	: 7400.00
clflush size	: 64
cache_alignment	: 64
address sizes	: 42 bits physical, 48 bits virtual
power management:

processor	: 2
vendor_id	: GenuineIntel
cpu family	: 6
model		: 62
model name	: Intel(R) Core(TM) i7-4820K CPU @ 3.70GHz
stepping	: 4
microcode	: 0x428
cpu MHz		: 3700.000
cache size	: 10240 KB
physical id	: 0
siblings	: 8
core id		: 2
cpu cores	: 8
apicid		: 2
initial apicid	: 2
fpu		: yes
fpu_exception	: yes
cpuid level	: 13
wp		: yes
flags		: fpu vme de pse tsc msr pae mce cx8 apic sep mtrr pge mca cmov pat pse36 clflush dts mmx fxsr sse sse2 ss ht syscall nx rdtscp lm constant_tsc arch_perfmon pebs bts nopl xtopology tsc_reliable nonstop_tsc aperfmperf pni pclmulqdq ssse3 cx16 pcid sse4_1 sse4_2 x2apic popcnt tsc_deadline_timer aes xsave avx f16c rdrand hypervisor lahf_lm ida arat pln pts dtherm fsgsbase tsc_adjust smep
bogomips	: 7400.00
clflush size	: 64
cache_alignment	: 64
address sizes	: 42 bits physical, 48 bits virtual
power management:

processor	: 3
vendor_id	: GenuineIntel
cpu family	: 6
model		: 62
model name	: Intel(R) Core(TM) i7-4820K CPU @ 3.70GHz
stepping	: 4
microcode	: 0x428
cpu MHz		: 3700.000
cache size	: 10240 KB
physical id	: 0
siblings	: 8
core id		: 3
cpu cores	: 8
apicid		: 3
initial apicid	: 3
fpu		: yes
fpu_exception	: yes
cpuid level	: 13
wp		: yes
flags		: fpu vme de pse tsc msr pae mce cx8 apic sep mtrr pge mca cmov pat pse36 clflush dts mmx fxsr sse sse2 ss ht syscall nx rdtscp lm constant_tsc arch_perfmon pebs bts nopl xtopology tsc_reliable nonstop_tsc aperfmperf pni pclmulqdq ssse3 cx16 pcid sse4_1 sse4_2 x2apic popcnt tsc_deadline_timer aes xsave avx f16c rdrand hypervisor lahf_lm ida arat pln pts dtherm fsgsbase tsc_adjust smep
bogomips	: 7400.00
clflush size	: 64
cache_alignment	: 64
address sizes	: 42 bits physical, 48 bits virtual
power management:

processor	: 4
vendor_id	: GenuineIntel
cpu family	: 6
model		: 62
model name	: Intel(R) Core(TM) i7-4820K CPU @ 3.70GHz
stepping	: 4
microcode	: 0x428
cpu MHz		: 3700.000
cache size	: 10240 KB
physical id	: 0
siblings	: 8
core id		: 4
cpu cores	: 8
apicid		: 4
initial apicid	: 4
fpu		: yes
fpu_exception	: yes
cpuid level	: 13
wp		: yes
flags		: fpu vme de pse tsc msr pae mce cx8 apic sep mtrr pge mca cmov pat pse36 clflush dts mmx fxsr sse sse2 ss ht syscall nx rdtscp lm constant_tsc arch_perfmon pebs bts nopl xtopology tsc_reliable nonstop_tsc aperfmperf pni pclmulqdq ssse3 cx16 pcid sse4_1 sse4_2 x2apic popcnt tsc_deadline_timer aes xsave avx f16c rdrand hypervisor lahf_lm ida arat pln pts dtherm fsgsbase tsc_adjust smep
bogomips	: 7400.00
clflush size	: 64
cache_alignment	: 64
address sizes	: 42 bits physical, 48 bits virtual
power management:

processor	: 5
vendor_id	: GenuineIntel
cpu family	: 6
model		: 62
model name	: Intel(R) Core(TM) i7-4820K CPU @ 3.70GHz
stepping	: 4
microcode	: 0x428
cpu MHz		: 3700.000
cache size	: 10240 KB
physical id	: 0
siblings	: 8
core id		: 5
cpu cores	: 8
apicid		: 5
initial apicid	: 5
fpu		: yes
fpu_exception	: yes
cpuid level	: 13
wp		: yes
flags		: fpu vme de pse tsc msr pae mce cx8 apic sep mtrr pge mca cmov pat pse36 clflush dts mmx fxsr sse sse2 ss ht syscall nx rdtscp lm constant_tsc arch_perfmon pebs bts nopl xtopology tsc_reliable nonstop_tsc aperfmperf pni pclmulqdq ssse3 cx16 pcid sse4_1 sse4_2 x2apic popcnt tsc_deadline_timer aes xsave avx f16c rdrand hypervisor lahf_lm ida arat pln pts dtherm fsgsbase tsc_adjust smep
bogomips	: 7400.00
clflush size	: 64
cache_alignment	: 64
address sizes	: 42 bits physical, 48 bits virtual
power management:

processor	: 6
vendor_id	: GenuineIntel
cpu family	: 6
model		: 62
model name	: Intel(R) Core(TM) i7-4820K CPU @ 3.70GHz
stepping	: 4
microcode	: 0x428
cpu MHz		: 3700.000
cache size	: 10240 KB
physical id	: 0
siblings	: 8
core id		: 6
cpu cores	: 8
apicid		: 6
initial apicid	: 6
fpu		: yes
fpu_exception	: yes
cpuid level	: 13
wp		: yes
flags		: fpu vme de pse tsc msr pae mce cx8 apic sep mtrr pge mca cmov pat pse36 clflush dts mmx fxsr sse sse2 ss ht syscall nx rdtscp lm constant_tsc arch_perfmon pebs bts nopl xtopology tsc_reliable nonstop_tsc aperfmperf pni pclmulqdq ssse3 cx16 pcid sse4_1 sse4_2 x2apic popcnt tsc_deadline_timer aes xsave avx f16c rdrand hypervisor lahf_lm ida arat pln pts dtherm fsgsbase tsc_adjust smep
bogomips	: 7400.00
clflush size	: 64
cache_alignment	: 64
address sizes	: 42 bits physical, 48 bits virtual
power management:

processor	: 7
vendor_id	: GenuineIntel
cpu family	: 6
model		: 62
model name	: Intel(R) Core(TM) i7-4820K CPU @ 3.70GHz
stepping	: 4
microcode	: 0x428
cpu MHz		: 3700.000
cache size	: 10240 KB
physical id	: 0
siblings	: 8
core id		: 7
cpu cores	: 8
apicid		: 7
initial apicid	: 7
fpu		: yes
fpu_exception	: yes
cpuid level	: 13
wp		: yes
flags		: fpu vme de pse tsc msr pae mce cx8 apic sep mtrr pge mca cmov pat pse36 clflush dts mmx fxsr sse sse2 ss ht syscall nx rdtscp lm constant_tsc arch_perfmon pebs bts nopl xtopology tsc_reliable nonstop_tsc aperfmperf pni pclmulqdq ssse3 cx16 pcid sse4_1 sse4_2 x2apic popcnt tsc_deadline_timer aes xsave avx f16c rdrand hypervisor lahf_lm ida arat pln pts dtherm fsgsbase tsc_adjust smep
bogomips	: 7400.00
clflush size	: 64
cache_alignment	: 64
address sizes	: 42 bits physical, 48 bits virtual
power management:



Memory: 4k page, physical 8162964k(122692k free), swap 0k(0k free)

vm_info: Java HotSpot(TM) 64-Bit Server VM (25.66-b17) for linux-amd64 JRE (1.8.0_66-b17), built on Oct  6 2015 17:28:34 by "java_re" with gcc 4.3.0 20080428 (Red Hat 4.3.0-8)

time: Wed Nov 18 12:02:33 2015
elapsed time: 11 seconds (0d 0h 0m 11s)

