#
# There is insufficient memory for the Java Runtime Environment to continue.
# Native memory allocation (mmap) failed to map 157810688 bytes for committing reserved memory.
# Possible reasons:
#   The system is out of physical RAM or swap space
#   In 32 bit mode, the process size limit was hit
# Possible solutions:
#   Reduce memory load on the system
#   Increase physical memory or swap space
#   Check if swap backing store is full
#   Use 64 bit Java on a 64 bit OS
#   Decrease Java heap size (-Xmx/-Xms)
#   Decrease number of Java threads
#   Decrease Java thread stack sizes (-Xss)
#   Set larger code cache with -XX:ReservedCodeCacheSize=
# This output file may be truncated or incomplete.
#
#  Out of Memory Error (os_linux.cpp:2627), pid=5945, tid=140062758991616
#
# JRE version: Java(TM) SE Runtime Environment (8.0_66-b17) (build 1.8.0_66-b17)
# Java VM: Java HotSpot(TM) 64-Bit Server VM (25.66-b17 mixed mode linux-amd64 compressed oops)
# Failed to write core dump. Core dumps have been disabled. To enable core dumping, try "ulimit -c unlimited" before starting Java again
#

---------------  T H R E A D  ---------------

Current thread (0x00007f630c080000):  VMThread [stack: 0x00007f62e6eef000,0x00007f62e6ff0000] [id=5959]

Stack: [0x00007f62e6eef000,0x00007f62e6ff0000],  sp=0x00007f62e6fee260,  free space=1020k
Native frames: (J=compiled Java code, j=interpreted, Vv=VM code, C=native code)
V  [libjvm.so+0xab9a1a]  VMError::report_and_die()+0x2ba
V  [libjvm.so+0x4f9e0b]  report_vm_out_of_memory(char const*, int, unsigned long, VMErrorType, char const*)+0x8b
V  [libjvm.so+0x91a8a3]  os::Linux::commit_memory_impl(char*, unsigned long, bool)+0x103
V  [libjvm.so+0x91adf9]  os::pd_commit_memory(char*, unsigned long, unsigned long, bool)+0x29
V  [libjvm.so+0x91510a]  os::commit_memory(char*, unsigned long, unsigned long, bool)+0x2a
V  [libjvm.so+0x9887a3]  PSVirtualSpace::expand_by(unsigned long)+0x53
V  [libjvm.so+0x989ba8]  PSYoungGen::resize_generation(unsigned long, unsigned long)+0xf8
V  [libjvm.so+0x988d02]  PSYoungGen::resize(unsigned long, unsigned long)+0x22
V  [libjvm.so+0x985fdb]  PSScavenge::invoke_no_policy()+0xf3b
V  [libjvm.so+0x986761]  PSScavenge::invoke()+0x41
V  [libjvm.so+0x93e500]  ParallelScavengeHeap::failed_mem_allocate(unsigned long)+0x70
V  [libjvm.so+0xabb437]  VM_ParallelGCFailedAllocation::doit()+0x97
V  [libjvm.so+0xac2e65]  VM_Operation::evaluate()+0x55
V  [libjvm.so+0xac123a]  VMThread::evaluate_operation(VM_Operation*)+0xba
V  [libjvm.so+0xac15be]  VMThread::loop()+0x1ce
V  [libjvm.so+0xac1a30]  VMThread::run()+0x70
V  [libjvm.so+0x91cc68]  java_start(Thread*)+0x108

VM_Operation (0x00007f6314b67680): ParallelGCFailedAllocation, mode: safepoint, requested by thread 0x00007f630c009800


---------------  P R O C E S S  ---------------

Java Threads: ( => current thread )
  0x00007f630c0d4800 JavaThread "Service Thread" daemon [_thread_blocked, id=5967, stack(0x00007f62e6003000,0x00007f62e6104000)]
  0x00007f630c0c7800 JavaThread "C1 CompilerThread3" daemon [_thread_blocked, id=5966, stack(0x00007f62e6104000,0x00007f62e6205000)]
  0x00007f630c0c5000 JavaThread "C2 CompilerThread2" daemon [_thread_blocked, id=5965, stack(0x00007f62e6205000,0x00007f62e6306000)]
  0x00007f630c0c3800 JavaThread "C2 CompilerThread1" daemon [_thread_blocked, id=5964, stack(0x00007f62e6306000,0x00007f62e6407000)]
  0x00007f630c0c0800 JavaThread "C2 CompilerThread0" daemon [_thread_blocked, id=5963, stack(0x00007f62e6407000,0x00007f62e6508000)]
  0x00007f630c0bf000 JavaThread "Signal Dispatcher" daemon [_thread_blocked, id=5962, stack(0x00007f62e6508000,0x00007f62e6609000)]
  0x00007f630c087000 JavaThread "Finalizer" daemon [_thread_blocked, id=5961, stack(0x00007f62e6ced000,0x00007f62e6dee000)]
  0x00007f630c085000 JavaThread "Reference Handler" daemon [_thread_blocked, id=5960, stack(0x00007f62e6dee000,0x00007f62e6eef000)]
  0x00007f630c009800 JavaThread "main" [_thread_blocked, id=5950, stack(0x00007f6314a68000,0x00007f6314b69000)]

Other Threads:
=>0x00007f630c080000 VMThread [stack: 0x00007f62e6eef000,0x00007f62e6ff0000] [id=5959]
  0x00007f630c0d7800 WatcherThread [stack: 0x00007f62e5f02000,0x00007f62e6003000] [id=5968]

VM state:at safepoint (normal execution)

VM Mutex/Monitor currently owned by a thread:  ([mutex/lock_event])
[0x00007f630c005fb0] Threads_lock - owner thread: 0x00007f630c080000
[0x00007f630c0064b0] Heap_lock - owner thread: 0x00007f630c009800

Heap:
 PSYoungGen      total 525312K, used 96K [0x00000000d6780000, 0x00000000f6980000, 0x0000000100000000)
  eden space 524288K, 0% used [0x00000000d6780000,0x00000000d6780000,0x00000000f6780000)
  from space 1024K, 9% used [0x00000000f6780000,0x00000000f6798000,0x00000000f6880000)
  to   space 1024K, 0% used [0x00000000f6880000,0x00000000f6880000,0x00000000f6980000)
 ParOldGen       total 86016K, used 520K [0x0000000083600000, 0x0000000088a00000, 0x00000000d6780000)
  object space 86016K, 0% used [0x0000000083600000,0x0000000083682060,0x0000000088a00000)
 Metaspace       used 3188K, capacity 4564K, committed 4864K, reserved 1056768K
  class space    used 360K, capacity 388K, committed 512K, reserved 1048576K

Card table byte_map: [0x00007f6311447000,0x00007f631182d000] byte_map_base: 0x00007f631102c000

Marking Bits: (ParMarkBitMap*) 0x00007f6313f3c020
 Begin Bits: [0x00007f62ec1b0000, 0x00007f62ee0d8000)
 End Bits:   [0x00007f62ee0d8000, 0x00007f62f0000000)

Polling page: 0x00007f6314b83000

CodeCache: size=245760Kb used=1212Kb max_used=1226Kb free=244547Kb
 bounds [0x00007f62fd000000, 0x00007f62fd270000, 0x00007f630c000000]
 total_blobs=313 nmethods=75 adapters=152
 compilation: enabled

Compilation events (10 events):
Event: 0.200 Thread 0x00007f630c0c7800   71       3       BigInt::divideBy2 (132 bytes)
Event: 0.200 Thread 0x00007f630c0c5000   72       4       java.lang.AbstractStringBuilder::append (62 bytes)
Event: 0.201 Thread 0x00007f630c0c0800   73       4       java.lang.Integer::getChars (131 bytes)
Event: 0.201 Thread 0x00007f630c0c7800 nmethod 71 0x00007f62fd12b750 code [0x00007f62fd12ba00, 0x00007f62fd12d038]
Event: 0.202 Thread 0x00007f630c0c0800 nmethod 73 0x00007f62fd1285d0 code [0x00007f62fd128720, 0x00007f62fd128878]
Event: 0.202 Thread 0x00007f630c0c5000 nmethod 72 0x00007f62fd127f10 code [0x00007f62fd128080, 0x00007f62fd128308]
Event: 0.282 Thread 0x00007f630c0c3800   74 %     4       BigInt::divideBy2 @ 11 (132 bytes)
Event: 0.311 Thread 0x00007f630c0c3800 nmethod 74% 0x00007f62fd130d50 code [0x00007f62fd130f60, 0x00007f62fd131c58]
Event: 0.312 Thread 0x00007f630c0c0800   75       4       BigInt::divideBy2 (132 bytes)
Event: 0.327 Thread 0x00007f630c0c0800 nmethod 75 0x00007f62fd1328d0 code [0x00007f62fd132ae0, 0x00007f62fd133758]

GC Heap History (10 events):
Event: 0.190 GC heap after
Heap after GC invocations=4 (full 0):
 PSYoungGen      total 136192K, used 608K [0x00000000d6780000, 0x00000000df180000, 0x0000000100000000)
  eden space 131072K, 0% used [0x00000000d6780000,0x00000000d6780000,0x00000000de780000)
  from space 5120K, 11% used [0x00000000dec80000,0x00000000ded18020,0x00000000df180000)
  to   space 5120K, 0% used [0x00000000de780000,0x00000000de780000,0x00000000dec80000)
 ParOldGen       total 86016K, used 32K [0x0000000083600000, 0x0000000088a00000, 0x00000000d6780000)
  object space 86016K, 0% used [0x0000000083600000,0x0000000083608000,0x0000000088a00000)
 Metaspace       used 3186K, capacity 4564K, committed 4864K, reserved 1056768K
  class space    used 360K, capacity 388K, committed 512K, reserved 1048576K
}
Event: 0.253 GC heap before
{Heap before GC invocations=5 (full 0):
 PSYoungGen      total 136192K, used 131680K [0x00000000d6780000, 0x00000000df180000, 0x0000000100000000)
  eden space 131072K, 100% used [0x00000000d6780000,0x00000000de780000,0x00000000de780000)
  from space 5120K, 11% used [0x00000000dec80000,0x00000000ded18020,0x00000000df180000)
  to   space 5120K, 0% used [0x00000000de780000,0x00000000de780000,0x00000000dec80000)
 ParOldGen       total 86016K, used 32K [0x0000000083600000, 0x0000000088a00000, 0x00000000d6780000)
  object space 86016K, 0% used [0x0000000083600000,0x0000000083608000,0x0000000088a00000)
 Metaspace       used 3188K, capacity 4564K, committed 4864K, reserved 1056768K
  class space    used 360K, capacity 388K, committed 512K, reserved 1048576K
Event: 0.270 GC heap after
Heap after GC invocations=5 (full 0):
 PSYoungGen      total 136192K, used 576K [0x00000000d6780000, 0x00000000e6980000, 0x0000000100000000)
  eden space 131072K, 0% used [0x00000000d6780000,0x00000000d6780000,0x00000000de780000)
  from space 5120K, 11% used [0x00000000de780000,0x00000000de810020,0x00000000dec80000)
  to   space 1024K, 0% used [0x00000000e6880000,0x00000000e6880000,0x00000000e6980000)
 ParOldGen       total 86016K, used 32K [0x0000000083600000, 0x0000000088a00000, 0x00000000d6780000)
  object space 86016K, 0% used [0x0000000083600000,0x0000000083608000,0x0000000088a00000)
 Metaspace       used 3188K, capacity 4564K, committed 4864K, reserved 1056768K
  class space    used 360K, capacity 388K, committed 512K, reserved 1048576K
}
Event: 0.293 GC heap before
{Heap before GC invocations=6 (full 0):
 PSYoungGen      total 136192K, used 131648K [0x00000000d6780000, 0x00000000e6980000, 0x0000000100000000)
  eden space 131072K, 100% used [0x00000000d6780000,0x00000000de780000,0x00000000de780000)
  from space 5120K, 11% used [0x00000000de780000,0x00000000de810020,0x00000000dec80000)
  to   space 1024K, 0% used [0x00000000e6880000,0x00000000e6880000,0x00000000e6980000)
 ParOldGen       total 86016K, used 32K [0x0000000083600000, 0x0000000088a00000, 0x00000000d6780000)
  object space 86016K, 0% used [0x0000000083600000,0x0000000083608000,0x0000000088a00000)
 Metaspace       used 3188K, capacity 4564K, committed 4864K, reserved 1056768K
  class space    used 360K, capacity 388K, committed 512K, reserved 1048576K
Event: 0.301 GC heap after
Heap after GC invocations=6 (full 0):
 PSYoungGen      total 263168K, used 576K [0x00000000d6780000, 0x00000000e6980000, 0x0000000100000000)
  eden space 262144K, 0% used [0x00000000d6780000,0x00000000d6780000,0x00000000e6780000)
  from space 1024K, 56% used [0x00000000e6880000,0x00000000e6910000,0x00000000e6980000)
  to   space 1024K, 0% used [0x00000000e6780000,0x00000000e6780000,0x00000000e6880000)
 ParOldGen       total 86016K, used 32K [0x0000000083600000, 0x0000000088a00000, 0x00000000d6780000)
  object space 86016K, 0% used [0x0000000083600000,0x0000000083608000,0x0000000088a00000)
 Metaspace       used 3188K, capacity 4564K, committed 4864K, reserved 1056768K
  class space    used 360K, capacity 388K, committed 512K, reserved 1048576K
}
Event: 0.460 GC heap before
{Heap before GC invocations=7 (full 0):
 PSYoungGen      total 263168K, used 262720K [0x00000000d6780000, 0x00000000e6980000, 0x0000000100000000)
  eden space 262144K, 100% used [0x00000000d6780000,0x00000000e6780000,0x00000000e6780000)
  from space 1024K, 56% used [0x00000000e6880000,0x00000000e6910000,0x00000000e6980000)
  to   space 1024K, 0% used [0x00000000e6780000,0x00000000e6780000,0x00000000e6880000)
 ParOldGen       total 86016K, used 32K [0x0000000083600000, 0x0000000088a00000, 0x00000000d6780000)
  object space 86016K, 0% used [0x0000000083600000,0x0000000083608000,0x0000000088a00000)
 Metaspace       used 3188K, capacity 4564K, committed 4864K, reserved 1056768K
  class space    used 360K, capacity 388K, committed 512K, reserved 1048576K
Event: 0.469 GC heap after
Heap after GC invocations=7 (full 0):
 PSYoungGen      total 263168K, used 128K [0x00000000d6780000, 0x00000000f6980000, 0x0000000100000000)
  eden space 262144K, 0% used [0x00000000d6780000,0x00000000d6780000,0x00000000e6780000)
  from space 1024K, 12% used [0x00000000e6780000,0x00000000e67a0000,0x00000000e6880000)
  to   space 1024K, 0% used [0x00000000f6880000,0x00000000f6880000,0x00000000f6980000)
 ParOldGen       total 86016K, used 472K [0x0000000083600000, 0x0000000088a00000, 0x00000000d6780000)
  object space 86016K, 0% used [0x0000000083600000,0x0000000083676060,0x0000000088a00000)
 Metaspace       used 3188K, capacity 4564K, committed 4864K, reserved 1056768K
  class space    used 360K, capacity 388K, committed 512K, reserved 1048576K
}
Event: 0.506 GC heap before
{Heap before GC invocations=8 (full 0):
 PSYoungGen      total 263168K, used 262272K [0x00000000d6780000, 0x00000000f6980000, 0x0000000100000000)
  eden space 262144K, 100% used [0x00000000d6780000,0x00000000e6780000,0x00000000e6780000)
  from space 1024K, 12% used [0x00000000e6780000,0x00000000e67a0000,0x00000000e6880000)
  to   space 1024K, 0% used [0x00000000f6880000,0x00000000f6880000,0x00000000f6980000)
 ParOldGen       total 86016K, used 472K [0x0000000083600000, 0x0000000088a00000, 0x00000000d6780000)
  object space 86016K, 0% used [0x0000000083600000,0x0000000083676060,0x0000000088a00000)
 Metaspace       used 3188K, capacity 4564K, committed 4864K, reserved 1056768K
  class space    used 360K, capacity 388K, committed 512K, reserved 1048576K
Event: 0.507 GC heap after
Heap after GC invocations=8 (full 0):
 PSYoungGen      total 525312K, used 64K [0x00000000d6780000, 0x00000000f6980000, 0x0000000100000000)
  eden space 524288K, 0% used [0x00000000d6780000,0x00000000d6780000,0x00000000f6780000)
  from space 1024K, 6% used [0x00000000f6880000,0x00000000f6890000,0x00000000f6980000)
  to   space 1024K, 0% used [0x00000000f6780000,0x00000000f6780000,0x00000000f6880000)
 ParOldGen       total 86016K, used 480K [0x0000000083600000, 0x0000000088a00000, 0x00000000d6780000)
  object space 86016K, 0% used [0x0000000083600000,0x0000000083678060,0x0000000088a00000)
 Metaspace       used 3188K, capacity 4564K, committed 4864K, reserved 1056768K
  class space    used 360K, capacity 388K, committed 512K, reserved 1048576K
}
Event: 1.652 GC heap before
{Heap before GC invocations=9 (full 0):
 PSYoungGen      total 525312K, used 524352K [0x00000000d6780000, 0x00000000f6980000, 0x0000000100000000)
  eden space 524288K, 100% used [0x00000000d6780000,0x00000000f6780000,0x00000000f6780000)
  from space 1024K, 6% used [0x00000000f6880000,0x00000000f6890000,0x00000000f6980000)
  to   space 1024K, 0% used [0x00000000f6780000,0x00000000f6780000,0x00000000f6880000)
 ParOldGen       total 86016K, used 480K [0x0000000083600000, 0x0000000088a00000, 0x00000000d6780000)
  object space 86016K, 0% used [0x0000000083600000,0x0000000083678060,0x0000000088a00000)
 Metaspace       used 3188K, capacity 4564K, committed 4864K, reserved 1056768K
  class space    used 360K, capacity 388K, committed 512K, reserved 1048576K

Deoptimization events (0 events):
No events

Internal exceptions (6 events):
Event: 0.025 Thread 0x00007f630c009800 Exception <a 'java/lang/NoSuchMethodError': Method sun.misc.Unsafe.defineClass(Ljava/lang/String;[BII)Ljava/lang/Class; name or signature does not match> (0x00000000d6792b98) thrown at [/HUDSON/workspace/8-2-build-linux-amd64/jdk8u66/4988/hotspot/src/shar
Event: 0.025 Thread 0x00007f630c009800 Exception <a 'java/lang/NoSuchMethodError': Method sun.misc.Unsafe.prefetchRead(Ljava/lang/Object;J)V name or signature does not match> (0x00000000d6792e80) thrown at [/HUDSON/workspace/8-2-build-linux-amd64/jdk8u66/4988/hotspot/src/share/vm/prims/jni.cpp
Event: 0.064 Thread 0x00007f630c009800 Exception <a 'java/security/PrivilegedActionException'> (0x00000000d6803230) thrown at [/HUDSON/workspace/8-2-build-linux-amd64/jdk8u66/4988/hotspot/src/share/vm/prims/jvm.cpp, line 1386]
Event: 0.064 Thread 0x00007f630c009800 Exception <a 'java/security/PrivilegedActionException'> (0x00000000d6803628) thrown at [/HUDSON/workspace/8-2-build-linux-amd64/jdk8u66/4988/hotspot/src/share/vm/prims/jvm.cpp, line 1386]
Event: 0.065 Thread 0x00007f630c009800 Exception <a 'java/security/PrivilegedActionException'> (0x00000000d6805c50) thrown at [/HUDSON/workspace/8-2-build-linux-amd64/jdk8u66/4988/hotspot/src/share/vm/prims/jvm.cpp, line 1386]
Event: 0.065 Thread 0x00007f630c009800 Exception <a 'java/security/PrivilegedActionException'> (0x00000000d6806048) thrown at [/HUDSON/workspace/8-2-build-linux-amd64/jdk8u66/4988/hotspot/src/share/vm/prims/jvm.cpp, line 1386]

Events (10 events):
Event: 0.312 Thread 0x00007f630c009800 DEOPT UNPACKING pc=0x00007f62fd047633 sp=0x00007f6314b67500 mode 0
Event: 0.318 Thread 0x00007f630c009800 DEOPT PACKING pc=0x00007f62fd12ccb3 sp=0x00007f6314b67750
Event: 0.318 Thread 0x00007f630c009800 DEOPT UNPACKING pc=0x00007f62fd047633 sp=0x00007f6314b67500 mode 0
Event: 0.333 Thread 0x00007f630c009800 DEOPT PACKING pc=0x00007f62fd12ccb3 sp=0x00007f6314b67750
Event: 0.333 Thread 0x00007f630c009800 DEOPT UNPACKING pc=0x00007f62fd047633 sp=0x00007f6314b67500 mode 0
Event: 0.460 Executing VM operation: ParallelGCFailedAllocation
Event: 0.469 Executing VM operation: ParallelGCFailedAllocation done
Event: 0.506 Executing VM operation: ParallelGCFailedAllocation
Event: 0.507 Executing VM operation: ParallelGCFailedAllocation done
Event: 1.156 Executing VM operation: ParallelGCFailedAllocation


Dynamic libraries:
00400000-00401000 r-xp 00000000 08:01 902532                             /usr/lib/jvm/java-8-oracle/bin/java
00600000-00601000 rw-p 00000000 08:01 902532                             /usr/lib/jvm/java-8-oracle/bin/java
010b5000-010d6000 rw-p 00000000 00:00 0                                  [heap]
83600000-88a00000 rw-p 00000000 00:00 0 
88a00000-d6780000 ---p 00000000 00:00 0 
d6780000-f6980000 rw-p 00000000 00:00 0 
100000000-100080000 rw-p 00000000 00:00 0 
100080000-140000000 ---p 00000000 00:00 0 
7f62a0000000-7f62a0021000 rw-p 00000000 00:00 0 
7f62a0021000-7f62a4000000 ---p 00000000 00:00 0 
7f62a8000000-7f62a803a000 rw-p 00000000 00:00 0 
7f62a803a000-7f62ac000000 ---p 00000000 00:00 0 
7f62ac000000-7f62ac021000 rw-p 00000000 00:00 0 
7f62ac021000-7f62b0000000 ---p 00000000 00:00 0 
7f62b0000000-7f62b011e000 rw-p 00000000 00:00 0 
7f62b011e000-7f62b4000000 ---p 00000000 00:00 0 
7f62b4000000-7f62b404a000 rw-p 00000000 00:00 0 
7f62b404a000-7f62b8000000 ---p 00000000 00:00 0 
7f62b8000000-7f62b8021000 rw-p 00000000 00:00 0 
7f62b8021000-7f62bc000000 ---p 00000000 00:00 0 
7f62bc000000-7f62bc16f000 rw-p 00000000 00:00 0 
7f62bc16f000-7f62c0000000 ---p 00000000 00:00 0 
7f62c0000000-7f62c0021000 rw-p 00000000 00:00 0 
7f62c0021000-7f62c4000000 ---p 00000000 00:00 0 
7f62c4000000-7f62c4021000 rw-p 00000000 00:00 0 
7f62c4021000-7f62c8000000 ---p 00000000 00:00 0 
7f62c8000000-7f62c8021000 rw-p 00000000 00:00 0 
7f62c8021000-7f62cc000000 ---p 00000000 00:00 0 
7f62cc000000-7f62cc021000 rw-p 00000000 00:00 0 
7f62cc021000-7f62d0000000 ---p 00000000 00:00 0 
7f62d0000000-7f62d0021000 rw-p 00000000 00:00 0 
7f62d0021000-7f62d4000000 ---p 00000000 00:00 0 
7f62d8000000-7f62d8021000 rw-p 00000000 00:00 0 
7f62d8021000-7f62dc000000 ---p 00000000 00:00 0 
7f62e0000000-7f62e0021000 rw-p 00000000 00:00 0 
7f62e0021000-7f62e4000000 ---p 00000000 00:00 0 
7f62e5c7d000-7f62e5f02000 rw-p 00000000 00:00 0 
7f62e5f02000-7f62e5f03000 ---p 00000000 00:00 0 
7f62e5f03000-7f62e6003000 rw-p 00000000 00:00 0                          [stack:5968]
7f62e6003000-7f62e6006000 ---p 00000000 00:00 0 
7f62e6006000-7f62e6104000 rw-p 00000000 00:00 0                          [stack:5967]
7f62e6104000-7f62e6107000 ---p 00000000 00:00 0 
7f62e6107000-7f62e6205000 rw-p 00000000 00:00 0                          [stack:5966]
7f62e6205000-7f62e6208000 ---p 00000000 00:00 0 
7f62e6208000-7f62e6306000 rw-p 00000000 00:00 0                          [stack:5965]
7f62e6306000-7f62e6309000 ---p 00000000 00:00 0 
7f62e6309000-7f62e6407000 rw-p 00000000 00:00 0                          [stack:5964]
7f62e6407000-7f62e640a000 ---p 00000000 00:00 0 
7f62e640a000-7f62e6508000 rw-p 00000000 00:00 0                          [stack:5963]
7f62e6508000-7f62e650b000 ---p 00000000 00:00 0 
7f62e650b000-7f62e6609000 rw-p 00000000 00:00 0                          [stack:5962]
7f62e6609000-7f62e6ced000 r--p 00000000 08:01 659733                     /usr/lib/locale/locale-archive
7f62e6ced000-7f62e6cf0000 ---p 00000000 00:00 0 
7f62e6cf0000-7f62e6dee000 rw-p 00000000 00:00 0                          [stack:5961]
7f62e6dee000-7f62e6df1000 ---p 00000000 00:00 0 
7f62e6df1000-7f62e6eef000 rw-p 00000000 00:00 0                          [stack:5960]
7f62e6eef000-7f62e6ef0000 ---p 00000000 00:00 0 
7f62e6ef0000-7f62e8000000 rw-p 00000000 00:00 0                          [stack:5959]
7f62e8000000-7f62e8021000 rw-p 00000000 00:00 0 
7f62e8021000-7f62ec000000 ---p 00000000 00:00 0 
7f62ec08e000-7f62f0000000 rw-p 00000000 00:00 0 
7f62f0000000-7f62f0021000 rw-p 00000000 00:00 0 
7f62f0021000-7f62f4000000 ---p 00000000 00:00 0 
7f62f4000000-7f62f4021000 rw-p 00000000 00:00 0 
7f62f4021000-7f62f8000000 ---p 00000000 00:00 0 
7f62f8000000-7f62f8021000 rw-p 00000000 00:00 0 
7f62f8021000-7f62fc000000 ---p 00000000 00:00 0 
7f62fc012000-7f62fcc40000 rw-p 00000000 00:00 0 
7f62fcc40000-7f62fd000000 ---p 00000000 00:00 0 
7f62fd000000-7f62fd270000 rwxp 00000000 00:00 0 
7f62fd270000-7f630c000000 ---p 00000000 00:00 0 
7f630c000000-7f630c12d000 rw-p 00000000 00:00 0 
7f630c12d000-7f6310000000 ---p 00000000 00:00 0 
7f6310020000-7f6310372000 rw-p 00000000 00:00 0 
7f6310372000-7f631054b000 r--s 03d20000 08:01 539072                     /usr/lib/jvm/java-8-oracle/jre/lib/rt.jar
7f631054b000-7f63109a6000 rw-p 00000000 00:00 0 
7f63109a6000-7f63109a7000 ---p 00000000 00:00 0 
7f63109a7000-7f6310aa7000 rw-p 00000000 00:00 0                          [stack:5958]
7f6310aa7000-7f6310aa8000 ---p 00000000 00:00 0 
7f6310aa8000-7f6310ba8000 rw-p 00000000 00:00 0                          [stack:5957]
7f6310ba8000-7f6310ba9000 ---p 00000000 00:00 0 
7f6310ba9000-7f6310ca9000 rw-p 00000000 00:00 0                          [stack:5956]
7f6310ca9000-7f6310caa000 ---p 00000000 00:00 0 
7f6310caa000-7f6310daa000 rw-p 00000000 00:00 0                          [stack:5955]
7f6310daa000-7f6310dab000 ---p 00000000 00:00 0 
7f6310dab000-7f6310eab000 rw-p 00000000 00:00 0                          [stack:5954]
7f6310eab000-7f6310eac000 ---p 00000000 00:00 0 
7f6310eac000-7f6310fac000 rw-p 00000000 00:00 0                          [stack:5953]
7f6310fac000-7f6310fad000 ---p 00000000 00:00 0 
7f6310fad000-7f63110ad000 rw-p 00000000 00:00 0                          [stack:5952]
7f63110ad000-7f63110ae000 ---p 00000000 00:00 0 
7f63110ae000-7f63111d8000 rw-p 00000000 00:00 0                          [stack:5951]
7f63111d8000-7f6311447000 ---p 00000000 00:00 0 
7f6311447000-7f6311471000 rw-p 00000000 00:00 0 
7f6311471000-7f63116df000 ---p 00000000 00:00 0 
7f63116df000-7f63117e1000 rw-p 00000000 00:00 0 
7f63117e1000-7f631182c000 ---p 00000000 00:00 0 
7f631182c000-7f6311837000 rw-p 00000000 00:00 0 
7f6311837000-7f6311bed000 ---p 00000000 00:00 0 
7f6311bed000-7f6311c07000 r-xp 00000000 08:01 539120                     /usr/lib/jvm/java-8-oracle/jre/lib/amd64/libzip.so
7f6311c07000-7f6311e07000 ---p 0001a000 08:01 539120                     /usr/lib/jvm/java-8-oracle/jre/lib/amd64/libzip.so
7f6311e07000-7f6311e08000 rw-p 0001a000 08:01 539120                     /usr/lib/jvm/java-8-oracle/jre/lib/amd64/libzip.so
7f6311e08000-7f6311e13000 r-xp 00000000 08:01 393311                     /lib/x86_64-linux-gnu/libnss_files-2.19.so
7f6311e13000-7f6312012000 ---p 0000b000 08:01 393311                     /lib/x86_64-linux-gnu/libnss_files-2.19.so
7f6312012000-7f6312013000 r--p 0000a000 08:01 393311                     /lib/x86_64-linux-gnu/libnss_files-2.19.so
7f6312013000-7f6312014000 rw-p 0000b000 08:01 393311                     /lib/x86_64-linux-gnu/libnss_files-2.19.so
7f6312014000-7f631201f000 r-xp 00000000 08:01 397494                     /lib/x86_64-linux-gnu/libnss_nis-2.19.so
7f631201f000-7f631221e000 ---p 0000b000 08:01 397494                     /lib/x86_64-linux-gnu/libnss_nis-2.19.so
7f631221e000-7f631221f000 r--p 0000a000 08:01 397494                     /lib/x86_64-linux-gnu/libnss_nis-2.19.so
7f631221f000-7f6312220000 rw-p 0000b000 08:01 397494                     /lib/x86_64-linux-gnu/libnss_nis-2.19.so
7f6312220000-7f6312237000 r-xp 00000000 08:01 393320                     /lib/x86_64-linux-gnu/libnsl-2.19.so
7f6312237000-7f6312436000 ---p 00017000 08:01 393320                     /lib/x86_64-linux-gnu/libnsl-2.19.so
7f6312436000-7f6312437000 r--p 00016000 08:01 393320                     /lib/x86_64-linux-gnu/libnsl-2.19.so
7f6312437000-7f6312438000 rw-p 00017000 08:01 393320                     /lib/x86_64-linux-gnu/libnsl-2.19.so
7f6312438000-7f631243a000 rw-p 00000000 00:00 0 
7f631243a000-7f6312443000 r-xp 00000000 08:01 393319                     /lib/x86_64-linux-gnu/libnss_compat-2.19.so
7f6312443000-7f6312642000 ---p 00009000 08:01 393319                     /lib/x86_64-linux-gnu/libnss_compat-2.19.so
7f6312642000-7f6312643000 r--p 00008000 08:01 393319                     /lib/x86_64-linux-gnu/libnss_compat-2.19.so
7f6312643000-7f6312644000 rw-p 00009000 08:01 393319                     /lib/x86_64-linux-gnu/libnss_compat-2.19.so
7f6312644000-7f631266e000 r-xp 00000000 08:01 539127                     /usr/lib/jvm/java-8-oracle/jre/lib/amd64/libjava.so
7f631266e000-7f631286e000 ---p 0002a000 08:01 539127                     /usr/lib/jvm/java-8-oracle/jre/lib/amd64/libjava.so
7f631286e000-7f6312870000 rw-p 0002a000 08:01 539127                     /usr/lib/jvm/java-8-oracle/jre/lib/amd64/libjava.so
7f6312870000-7f631287d000 r-xp 00000000 08:01 539146                     /usr/lib/jvm/java-8-oracle/jre/lib/amd64/libverify.so
7f631287d000-7f6312a7d000 ---p 0000d000 08:01 539146                     /usr/lib/jvm/java-8-oracle/jre/lib/amd64/libverify.so
7f6312a7d000-7f6312a7f000 rw-p 0000d000 08:01 539146                     /usr/lib/jvm/java-8-oracle/jre/lib/amd64/libverify.so
7f6312a7f000-7f6312a86000 r-xp 00000000 08:01 394230                     /lib/x86_64-linux-gnu/librt-2.19.so
7f6312a86000-7f6312c85000 ---p 00007000 08:01 394230                     /lib/x86_64-linux-gnu/librt-2.19.so
7f6312c85000-7f6312c86000 r--p 00006000 08:01 394230                     /lib/x86_64-linux-gnu/librt-2.19.so
7f6312c86000-7f6312c87000 rw-p 00007000 08:01 394230                     /lib/x86_64-linux-gnu/librt-2.19.so
7f6312c87000-7f6312d8c000 r-xp 00000000 08:01 393310                     /lib/x86_64-linux-gnu/libm-2.19.so
7f6312d8c000-7f6312f8b000 ---p 00105000 08:01 393310                     /lib/x86_64-linux-gnu/libm-2.19.so
7f6312f8b000-7f6312f8c000 r--p 00104000 08:01 393310                     /lib/x86_64-linux-gnu/libm-2.19.so
7f6312f8c000-7f6312f8d000 rw-p 00105000 08:01 393310                     /lib/x86_64-linux-gnu/libm-2.19.so
7f6312f8d000-7f6313c4b000 r-xp 00000000 08:01 539157                     /usr/lib/jvm/java-8-oracle/jre/lib/amd64/server/libjvm.so
7f6313c4b000-7f6313e4a000 ---p 00cbe000 08:01 539157                     /usr/lib/jvm/java-8-oracle/jre/lib/amd64/server/libjvm.so
7f6313e4a000-7f6313f23000 rw-p 00cbd000 08:01 539157                     /usr/lib/jvm/java-8-oracle/jre/lib/amd64/server/libjvm.so
7f6313f23000-7f6313f67000 rw-p 00000000 00:00 0 
7f6313f67000-7f6314122000 r-xp 00000000 08:01 394226                     /lib/x86_64-linux-gnu/libc-2.19.so
7f6314122000-7f6314321000 ---p 001bb000 08:01 394226                     /lib/x86_64-linux-gnu/libc-2.19.so
7f6314321000-7f6314325000 r--p 001ba000 08:01 394226                     /lib/x86_64-linux-gnu/libc-2.19.so
7f6314325000-7f6314327000 rw-p 001be000 08:01 394226                     /lib/x86_64-linux-gnu/libc-2.19.so
7f6314327000-7f631432c000 rw-p 00000000 00:00 0 
7f631432c000-7f631432f000 r-xp 00000000 08:01 393314                     /lib/x86_64-linux-gnu/libdl-2.19.so
7f631432f000-7f631452e000 ---p 00003000 08:01 393314                     /lib/x86_64-linux-gnu/libdl-2.19.so
7f631452e000-7f631452f000 r--p 00002000 08:01 393314                     /lib/x86_64-linux-gnu/libdl-2.19.so
7f631452f000-7f6314530000 rw-p 00003000 08:01 393314                     /lib/x86_64-linux-gnu/libdl-2.19.so
7f6314530000-7f6314545000 r-xp 00000000 08:01 903800                     /usr/lib/jvm/java-8-oracle/lib/amd64/jli/libjli.so
7f6314545000-7f6314745000 ---p 00015000 08:01 903800                     /usr/lib/jvm/java-8-oracle/lib/amd64/jli/libjli.so
7f6314745000-7f6314746000 rw-p 00015000 08:01 903800                     /usr/lib/jvm/java-8-oracle/lib/amd64/jli/libjli.so
7f6314746000-7f631475f000 r-xp 00000000 08:01 394227                     /lib/x86_64-linux-gnu/libpthread-2.19.so
7f631475f000-7f631495e000 ---p 00019000 08:01 394227                     /lib/x86_64-linux-gnu/libpthread-2.19.so
7f631495e000-7f631495f000 r--p 00018000 08:01 394227                     /lib/x86_64-linux-gnu/libpthread-2.19.so
7f631495f000-7f6314960000 rw-p 00019000 08:01 394227                     /lib/x86_64-linux-gnu/libpthread-2.19.so
7f6314960000-7f6314964000 rw-p 00000000 00:00 0 
7f6314964000-7f6314987000 r-xp 00000000 08:01 394222                     /lib/x86_64-linux-gnu/ld-2.19.so
7f631499d000-7f6314a68000 rw-p 00000000 00:00 0 
7f6314a68000-7f6314a6b000 ---p 00000000 00:00 0 
7f6314a6b000-7f6314b6d000 rw-p 00000000 00:00 0                          [stack:5950]
7f6314b79000-7f6314b7a000 rw-p 00000000 00:00 0 
7f6314b7a000-7f6314b82000 rw-s 00000000 08:01 2099137                    /tmp/hsperfdata_k/5945
7f6314b82000-7f6314b83000 rw-p 00000000 00:00 0 
7f6314b83000-7f6314b84000 ---p 00000000 00:00 0 
7f6314b84000-7f6314b86000 rw-p 00000000 00:00 0 
7f6314b86000-7f6314b87000 r--p 00022000 08:01 394222                     /lib/x86_64-linux-gnu/ld-2.19.so
7f6314b87000-7f6314b88000 rw-p 00023000 08:01 394222                     /lib/x86_64-linux-gnu/ld-2.19.so
7f6314b88000-7f6314b89000 rw-p 00000000 00:00 0 
7ffe2142c000-7ffe2144d000 rw-p 00000000 00:00 0                          [stack]
7ffe2149c000-7ffe2149e000 r-xp 00000000 00:00 0                          [vdso]
7ffe2149e000-7ffe214a0000 r--p 00000000 00:00 0                          [vvar]
ffffffffff600000-ffffffffff601000 r-xp 00000000 00:00 0                  [vsyscall]

VM Arguments:
jvm_args: -Dfile.encoding=UTF-8 
java_command: MainClass
java_class_path (initial): /home/k/Dropbox/Java/Homework5/bin:/usr/share/eclipse/dropins/jdt/plugins/org.junit_4.8.2.dist/junit.jar:/usr/share/eclipse/dropins/jdt/plugins/org.hamcrest.core_1.3.0.jar
Launcher Type: SUN_STANDARD

Environment Variables:
JAVA_HOME=/usr/lib/jvm/java-8-oracle
PATH=/usr/local/sbin:/usr/local/bin:/usr/sbin:/usr/bin:/sbin:/bin:/usr/games:/usr/local/games:/usr/lib/jvm/java-8-oracle/bin:/usr/lib/jvm/java-8-oracle/db/bin:/usr/lib/jvm/java-8-oracle/jre/bin
SHELL=/bin/bash
DISPLAY=:0

Signal Handlers:
SIGSEGV: [libjvm.so+0xaba2a0], sa_mask[0]=11111111011111111101111111111110, sa_flags=SA_RESTART|SA_SIGINFO
SIGBUS: [libjvm.so+0xaba2a0], sa_mask[0]=11111111011111111101111111111110, sa_flags=SA_RESTART|SA_SIGINFO
SIGFPE: [libjvm.so+0x917710], sa_mask[0]=11111111011111111101111111111110, sa_flags=SA_RESTART|SA_SIGINFO
SIGPIPE: [libjvm.so+0x917710], sa_mask[0]=11111111011111111101111111111110, sa_flags=SA_RESTART|SA_SIGINFO
SIGXFSZ: [libjvm.so+0x917710], sa_mask[0]=11111111011111111101111111111110, sa_flags=SA_RESTART|SA_SIGINFO
SIGILL: [libjvm.so+0x917710], sa_mask[0]=11111111011111111101111111111110, sa_flags=SA_RESTART|SA_SIGINFO
SIGUSR1: SIG_DFL, sa_mask[0]=00000000000000000000000000000000, sa_flags=none
SIGUSR2: [libjvm.so+0x918d40], sa_mask[0]=00100000000000000000000000000000, sa_flags=SA_RESTART|SA_SIGINFO
SIGHUP: [libjvm.so+0x91a140], sa_mask[0]=11111111011111111101111111111110, sa_flags=SA_RESTART|SA_SIGINFO
SIGINT: [libjvm.so+0x91a140], sa_mask[0]=11111111011111111101111111111110, sa_flags=SA_RESTART|SA_SIGINFO
SIGTERM: [libjvm.so+0x91a140], sa_mask[0]=11111111011111111101111111111110, sa_flags=SA_RESTART|SA_SIGINFO
SIGQUIT: [libjvm.so+0x91a140], sa_mask[0]=11111111011111111101111111111110, sa_flags=SA_RESTART|SA_SIGINFO


---------------  S Y S T E M  ---------------

OS:DISTRIB_ID=Ubuntu
DISTRIB_RELEASE=14.04
DISTRIB_CODENAME=trusty
DISTRIB_DESCRIPTION="Ubuntu 14.04.3 LTS"

uname:Linux 3.16.0-53-generic #72~14.04.1-Ubuntu SMP Fri Nov 6 18:17:23 UTC 2015 x86_64
libc:glibc 2.19 NPTL 2.19 
rlimit: STACK 8192k, CORE 0k, NPROC 31802, NOFILE 4096, AS infinity
load average:5.94 2.11 1.31

/proc/meminfo:
MemTotal:        8162964 kB
MemFree:          120264 kB
MemAvailable:      63952 kB
Buffers:             196 kB
Cached:            69056 kB
SwapCached:            0 kB
Active:          6716708 kB
Inactive:          61028 kB
Active(anon):    6712004 kB
Inactive(anon):    57836 kB
Active(file):       4704 kB
Inactive(file):     3192 kB
Unevictable:      673120 kB
Mlocked:          673120 kB
SwapTotal:             0 kB
SwapFree:              0 kB
Dirty:               216 kB
Writeback:             0 kB
AnonPages:       7381544 kB
Mapped:            62424 kB
Shmem:             61416 kB
Slab:             109128 kB
SReclaimable:      48416 kB
SUnreclaim:        60712 kB
KernelStack:       23936 kB
PageTables:        58140 kB
NFS_Unstable:          0 kB
Bounce:                0 kB
WritebackTmp:          0 kB
CommitLimit:     4081480 kB
Committed_AS:   15433508 kB
VmallocTotal:   34359738367 kB
VmallocUsed:      183932 kB
VmallocChunk:   34359487348 kB
HardwareCorrupted:     0 kB
AnonHugePages:   4001792 kB
HugePages_Total:       0
HugePages_Free:        0
HugePages_Rsvd:        0
HugePages_Surp:        0
Hugepagesize:       2048 kB
DirectMap4k:       83776 kB
DirectMap2M:     8304640 kB


CPU:total 8 (8 cores per cpu, 1 threads per core) family 6 model 62 stepping 4, cmov, cx8, fxsr, mmx, sse, sse2, sse3, ssse3, sse4.1, sse4.2, popcnt, avx, aes, clmul, erms, tsc, tscinvbit

/proc/cpuinfo:
processor	: 0
vendor_id	: GenuineIntel
cpu family	: 6
model		: 62
model name	: Intel(R) Core(TM) i7-4820K CPU @ 3.70GHz
stepping	: 4
microcode	: 0x428
cpu MHz		: 3700.000
cache size	: 10240 KB
physical id	: 0
siblings	: 8
core id		: 0
cpu cores	: 8
apicid		: 0
initial apicid	: 0
fpu		: yes
fpu_exception	: yes
cpuid level	: 13
wp		: yes
flags		: fpu vme de pse tsc msr pae mce cx8 apic sep mtrr pge mca cmov pat pse36 clflush dts mmx fxsr sse sse2 ss ht syscall nx rdtscp lm constant_tsc arch_perfmon pebs bts nopl xtopology tsc_reliable nonstop_tsc aperfmperf pni pclmulqdq ssse3 cx16 pcid sse4_1 sse4_2 x2apic popcnt tsc_deadline_timer aes xsave avx f16c rdrand hypervisor lahf_lm ida arat pln pts dtherm fsgsbase tsc_adjust smep
bogomips	: 7400.00
clflush size	: 64
cache_alignment	: 64
address sizes	: 42 bits physical, 48 bits virtual
power management:

processor	: 1
vendor_id	: GenuineIntel
cpu family	: 6
model		: 62
model name	: Intel(R) Core(TM) i7-4820K CPU @ 3.70GHz
stepping	: 4
microcode	: 0x428
cpu MHz		: 3700.000
cache size	: 10240 KB
physical id	: 0
siblings	: 8
core id		: 1
cpu cores	: 8
apicid		: 1
initial apicid	: 1
fpu		: yes
fpu_exception	: yes
cpuid level	: 13
wp		: yes
flags		: fpu vme de pse tsc msr pae mce cx8 apic sep mtrr pge mca cmov pat pse36 clflush dts mmx fxsr sse sse2 ss ht syscall nx rdtscp lm constant_tsc arch_perfmon pebs bts nopl xtopology tsc_reliable nonstop_tsc aperfmperf pni pclmulqdq ssse3 cx16 pcid sse4_1 sse4_2 x2apic popcnt tsc_deadline_timer aes xsave avx f16c rdrand hypervisor lahf_lm ida arat pln pts dtherm fsgsbase tsc_adjust smep
bogomips	: 7400.00
clflush size	: 64
cache_alignment	: 64
address sizes	: 42 bits physical, 48 bits virtual
power management:

processor	: 2
vendor_id	: GenuineIntel
cpu family	: 6
model		: 62
model name	: Intel(R) Core(TM) i7-4820K CPU @ 3.70GHz
stepping	: 4
microcode	: 0x428
cpu MHz		: 3700.000
cache size	: 10240 KB
physical id	: 0
siblings	: 8
core id		: 2
cpu cores	: 8
apicid		: 2
initial apicid	: 2
fpu		: yes
fpu_exception	: yes
cpuid level	: 13
wp		: yes
flags		: fpu vme de pse tsc msr pae mce cx8 apic sep mtrr pge mca cmov pat pse36 clflush dts mmx fxsr sse sse2 ss ht syscall nx rdtscp lm constant_tsc arch_perfmon pebs bts nopl xtopology tsc_reliable nonstop_tsc aperfmperf pni pclmulqdq ssse3 cx16 pcid sse4_1 sse4_2 x2apic popcnt tsc_deadline_timer aes xsave avx f16c rdrand hypervisor lahf_lm ida arat pln pts dtherm fsgsbase tsc_adjust smep
bogomips	: 7400.00
clflush size	: 64
cache_alignment	: 64
address sizes	: 42 bits physical, 48 bits virtual
power management:

processor	: 3
vendor_id	: GenuineIntel
cpu family	: 6
model		: 62
model name	: Intel(R) Core(TM) i7-4820K CPU @ 3.70GHz
stepping	: 4
microcode	: 0x428
cpu MHz		: 3700.000
cache size	: 10240 KB
physical id	: 0
siblings	: 8
core id		: 3
cpu cores	: 8
apicid		: 3
initial apicid	: 3
fpu		: yes
fpu_exception	: yes
cpuid level	: 13
wp		: yes
flags		: fpu vme de pse tsc msr pae mce cx8 apic sep mtrr pge mca cmov pat pse36 clflush dts mmx fxsr sse sse2 ss ht syscall nx rdtscp lm constant_tsc arch_perfmon pebs bts nopl xtopology tsc_reliable nonstop_tsc aperfmperf pni pclmulqdq ssse3 cx16 pcid sse4_1 sse4_2 x2apic popcnt tsc_deadline_timer aes xsave avx f16c rdrand hypervisor lahf_lm ida arat pln pts dtherm fsgsbase tsc_adjust smep
bogomips	: 7400.00
clflush size	: 64
cache_alignment	: 64
address sizes	: 42 bits physical, 48 bits virtual
power management:

processor	: 4
vendor_id	: GenuineIntel
cpu family	: 6
model		: 62
model name	: Intel(R) Core(TM) i7-4820K CPU @ 3.70GHz
stepping	: 4
microcode	: 0x428
cpu MHz		: 3700.000
cache size	: 10240 KB
physical id	: 0
siblings	: 8
core id		: 4
cpu cores	: 8
apicid		: 4
initial apicid	: 4
fpu		: yes
fpu_exception	: yes
cpuid level	: 13
wp		: yes
flags		: fpu vme de pse tsc msr pae mce cx8 apic sep mtrr pge mca cmov pat pse36 clflush dts mmx fxsr sse sse2 ss ht syscall nx rdtscp lm constant_tsc arch_perfmon pebs bts nopl xtopology tsc_reliable nonstop_tsc aperfmperf pni pclmulqdq ssse3 cx16 pcid sse4_1 sse4_2 x2apic popcnt tsc_deadline_timer aes xsave avx f16c rdrand hypervisor lahf_lm ida arat pln pts dtherm fsgsbase tsc_adjust smep
bogomips	: 7400.00
clflush size	: 64
cache_alignment	: 64
address sizes	: 42 bits physical, 48 bits virtual
power management:

processor	: 5
vendor_id	: GenuineIntel
cpu family	: 6
model		: 62
model name	: Intel(R) Core(TM) i7-4820K CPU @ 3.70GHz
stepping	: 4
microcode	: 0x428
cpu MHz		: 3700.000
cache size	: 10240 KB
physical id	: 0
siblings	: 8
core id		: 5
cpu cores	: 8
apicid		: 5
initial apicid	: 5
fpu		: yes
fpu_exception	: yes
cpuid level	: 13
wp		: yes
flags		: fpu vme de pse tsc msr pae mce cx8 apic sep mtrr pge mca cmov pat pse36 clflush dts mmx fxsr sse sse2 ss ht syscall nx rdtscp lm constant_tsc arch_perfmon pebs bts nopl xtopology tsc_reliable nonstop_tsc aperfmperf pni pclmulqdq ssse3 cx16 pcid sse4_1 sse4_2 x2apic popcnt tsc_deadline_timer aes xsave avx f16c rdrand hypervisor lahf_lm ida arat pln pts dtherm fsgsbase tsc_adjust smep
bogomips	: 7400.00
clflush size	: 64
cache_alignment	: 64
address sizes	: 42 bits physical, 48 bits virtual
power management:

processor	: 6
vendor_id	: GenuineIntel
cpu family	: 6
model		: 62
model name	: Intel(R) Core(TM) i7-4820K CPU @ 3.70GHz
stepping	: 4
microcode	: 0x428
cpu MHz		: 3700.000
cache size	: 10240 KB
physical id	: 0
siblings	: 8
core id		: 6
cpu cores	: 8
apicid		: 6
initial apicid	: 6
fpu		: yes
fpu_exception	: yes
cpuid level	: 13
wp		: yes
flags		: fpu vme de pse tsc msr pae mce cx8 apic sep mtrr pge mca cmov pat pse36 clflush dts mmx fxsr sse sse2 ss ht syscall nx rdtscp lm constant_tsc arch_perfmon pebs bts nopl xtopology tsc_reliable nonstop_tsc aperfmperf pni pclmulqdq ssse3 cx16 pcid sse4_1 sse4_2 x2apic popcnt tsc_deadline_timer aes xsave avx f16c rdrand hypervisor lahf_lm ida arat pln pts dtherm fsgsbase tsc_adjust smep
bogomips	: 7400.00
clflush size	: 64
cache_alignment	: 64
address sizes	: 42 bits physical, 48 bits virtual
power management:

processor	: 7
vendor_id	: GenuineIntel
cpu family	: 6
model		: 62
model name	: Intel(R) Core(TM) i7-4820K CPU @ 3.70GHz
stepping	: 4
microcode	: 0x428
cpu MHz		: 3700.000
cache size	: 10240 KB
physical id	: 0
siblings	: 8
core id		: 7
cpu cores	: 8
apicid		: 7
initial apicid	: 7
fpu		: yes
fpu_exception	: yes
cpuid level	: 13
wp		: yes
flags		: fpu vme de pse tsc msr pae mce cx8 apic sep mtrr pge mca cmov pat pse36 clflush dts mmx fxsr sse sse2 ss ht syscall nx rdtscp lm constant_tsc arch_perfmon pebs bts nopl xtopology tsc_reliable nonstop_tsc aperfmperf pni pclmulqdq ssse3 cx16 pcid sse4_1 sse4_2 x2apic popcnt tsc_deadline_timer aes xsave avx f16c rdrand hypervisor lahf_lm ida arat pln pts dtherm fsgsbase tsc_adjust smep
bogomips	: 7400.00
clflush size	: 64
cache_alignment	: 64
address sizes	: 42 bits physical, 48 bits virtual
power management:



Memory: 4k page, physical 8162964k(119644k free), swap 0k(0k free)

vm_info: Java HotSpot(TM) 64-Bit Server VM (25.66-b17) for linux-amd64 JRE (1.8.0_66-b17), built on Oct  6 2015 17:28:34 by "java_re" with gcc 4.3.0 20080428 (Red Hat 4.3.0-8)

time: Wed Nov 18 11:33:27 2015
elapsed time: 16 seconds (0d 0h 0m 16s)

