#
# There is insufficient memory for the Java Runtime Environment to continue.
# Native memory allocation (mmap) failed to map 161480704 bytes for committing reserved memory.
# Possible reasons:
#   The system is out of physical RAM or swap space
#   In 32 bit mode, the process size limit was hit
# Possible solutions:
#   Reduce memory load on the system
#   Increase physical memory or swap space
#   Check if swap backing store is full
#   Use 64 bit Java on a 64 bit OS
#   Decrease Java heap size (-Xmx/-Xms)
#   Decrease number of Java threads
#   Decrease Java thread stack sizes (-Xss)
#   Set larger code cache with -XX:ReservedCodeCacheSize=
# This output file may be truncated or incomplete.
#
#  Out of Memory Error (os_linux.cpp:2627), pid=6024, tid=139825304831744
#
# JRE version: Java(TM) SE Runtime Environment (8.0_66-b17) (build 1.8.0_66-b17)
# Java VM: Java HotSpot(TM) 64-Bit Server VM (25.66-b17 mixed mode linux-amd64 compressed oops)
# Failed to write core dump. Core dumps have been disabled. To enable core dumping, try "ulimit -c unlimited" before starting Java again
#

---------------  T H R E A D  ---------------

Current thread (0x00007f2bd0080000):  VMThread [stack: 0x00007f2b9d900000,0x00007f2b9da01000] [id=6039]

Stack: [0x00007f2b9d900000,0x00007f2b9da01000],  sp=0x00007f2b9d9ff2e0,  free space=1020k
Native frames: (J=compiled Java code, j=interpreted, Vv=VM code, C=native code)
V  [libjvm.so+0xab9a1a]  VMError::report_and_die()+0x2ba
V  [libjvm.so+0x4f9e0b]  report_vm_out_of_memory(char const*, int, unsigned long, VMErrorType, char const*)+0x8b
V  [libjvm.so+0x91a8a3]  os::Linux::commit_memory_impl(char*, unsigned long, bool)+0x103
V  [libjvm.so+0x91adf9]  os::pd_commit_memory(char*, unsigned long, unsigned long, bool)+0x29
V  [libjvm.so+0x91510a]  os::commit_memory(char*, unsigned long, unsigned long, bool)+0x2a
V  [libjvm.so+0x9887a3]  PSVirtualSpace::expand_by(unsigned long)+0x53
V  [libjvm.so+0x989ba8]  PSYoungGen::resize_generation(unsigned long, unsigned long)+0xf8
V  [libjvm.so+0x988d02]  PSYoungGen::resize(unsigned long, unsigned long)+0x22
V  [libjvm.so+0x985fdb]  PSScavenge::invoke_no_policy()+0xf3b
V  [libjvm.so+0x986761]  PSScavenge::invoke()+0x41
V  [libjvm.so+0x93e500]  ParallelScavengeHeap::failed_mem_allocate(unsigned long)+0x70
V  [libjvm.so+0xabb437]  VM_ParallelGCFailedAllocation::doit()+0x97
V  [libjvm.so+0xac2e65]  VM_Operation::evaluate()+0x55
V  [libjvm.so+0xac123a]  VMThread::evaluate_operation(VM_Operation*)+0xba
V  [libjvm.so+0xac15be]  VMThread::loop()+0x1ce
V  [libjvm.so+0xac1a30]  VMThread::run()+0x70
V  [libjvm.so+0x91cc68]  java_start(Thread*)+0x108

VM_Operation (0x00007f2bd757e680): ParallelGCFailedAllocation, mode: safepoint, requested by thread 0x00007f2bd0009800


---------------  P R O C E S S  ---------------

Java Threads: ( => current thread )
  0x00007f2bd00d4800 JavaThread "Service Thread" daemon [_thread_blocked, id=6048, stack(0x00007f2b9ca14000,0x00007f2b9cb15000)]
  0x00007f2bd00c7800 JavaThread "C1 CompilerThread3" daemon [_thread_blocked, id=6047, stack(0x00007f2b9cb15000,0x00007f2b9cc16000)]
  0x00007f2bd00c5000 JavaThread "C2 CompilerThread2" daemon [_thread_blocked, id=6046, stack(0x00007f2b9cc16000,0x00007f2b9cd17000)]
  0x00007f2bd00c3800 JavaThread "C2 CompilerThread1" daemon [_thread_blocked, id=6045, stack(0x00007f2b9cd17000,0x00007f2b9ce18000)]
  0x00007f2bd00c0800 JavaThread "C2 CompilerThread0" daemon [_thread_blocked, id=6044, stack(0x00007f2b9ce18000,0x00007f2b9cf19000)]
  0x00007f2bd00bf000 JavaThread "Signal Dispatcher" daemon [_thread_blocked, id=6043, stack(0x00007f2b9cf19000,0x00007f2b9d01a000)]
  0x00007f2bd0087000 JavaThread "Finalizer" daemon [_thread_blocked, id=6041, stack(0x00007f2b9d6fe000,0x00007f2b9d7ff000)]
  0x00007f2bd0085000 JavaThread "Reference Handler" daemon [_thread_blocked, id=6040, stack(0x00007f2b9d7ff000,0x00007f2b9d900000)]
  0x00007f2bd0009800 JavaThread "main" [_thread_blocked, id=6030, stack(0x00007f2bd747f000,0x00007f2bd7580000)]

Other Threads:
=>0x00007f2bd0080000 VMThread [stack: 0x00007f2b9d900000,0x00007f2b9da01000] [id=6039]
  0x00007f2bd00d7800 WatcherThread [stack: 0x00007f2b9c913000,0x00007f2b9ca14000] [id=6049]

VM state:at safepoint (normal execution)

VM Mutex/Monitor currently owned by a thread:  ([mutex/lock_event])
[0x00007f2bd0005fb0] Threads_lock - owner thread: 0x00007f2bd0080000
[0x00007f2bd00064b0] Heap_lock - owner thread: 0x00007f2bd0009800

Heap:
 PSYoungGen      total 263168K, used 128K [0x00000000d6780000, 0x00000000e6980000, 0x0000000100000000)
  eden space 262144K, 0% used [0x00000000d6780000,0x00000000d6780000,0x00000000e6780000)
  from space 1024K, 12% used [0x00000000e6780000,0x00000000e67a0000,0x00000000e6880000)
  to   space 1024K, 0% used [0x00000000e6880000,0x00000000e6880000,0x00000000e6980000)
 ParOldGen       total 86016K, used 480K [0x0000000083600000, 0x0000000088a00000, 0x00000000d6780000)
  object space 86016K, 0% used [0x0000000083600000,0x0000000083678060,0x0000000088a00000)
 Metaspace       used 3187K, capacity 4564K, committed 4864K, reserved 1056768K
  class space    used 360K, capacity 388K, committed 512K, reserved 1048576K

Card table byte_map: [0x00007f2bc0c1a000,0x00007f2bc1000000] byte_map_base: 0x00007f2bc07ff000

Marking Bits: (ParMarkBitMap*) 0x00007f2bd6953020
 Begin Bits: [0x00007f2bac1b0000, 0x00007f2bae0d8000)
 End Bits:   [0x00007f2bae0d8000, 0x00007f2bb0000000)

Polling page: 0x00007f2bd759a000

CodeCache: size=245760Kb used=1211Kb max_used=1225Kb free=244548Kb
 bounds [0x00007f2bc1000000, 0x00007f2bc1270000, 0x00007f2bd0000000]
 total_blobs=311 nmethods=73 adapters=152
 compilation: enabled

Compilation events (10 events):
Event: 0.791 Thread 0x00007f2bd00c5000 nmethod 67 0x00007f2bc1127e10 code [0x00007f2bc1127fa0, 0x00007f2bc1128498]
Event: 0.791 Thread 0x00007f2bd00c3800 nmethod 68 0x00007f2bc1127450 code [0x00007f2bc11275c0, 0x00007f2bc1127a78]
Event: 0.880 Thread 0x00007f2bd00c7800   70 %     3       BigInt::divideBy2 @ 11 (132 bytes)
Event: 0.881 Thread 0x00007f2bd00c7800 nmethod 70% 0x00007f2bc1129f90 code [0x00007f2bc112a260, 0x00007f2bc112b978]
Event: 0.881 Thread 0x00007f2bd00c7800   71       3       BigInt::divideBy2 (132 bytes)
Event: 0.882 Thread 0x00007f2bd00c7800 nmethod 71 0x00007f2bc112c550 code [0x00007f2bc112c800, 0x00007f2bc112de38]
Event: 0.943 Thread 0x00007f2bd00c0800   72 %     4       BigInt::divideBy2 @ 11 (132 bytes)
Event: 0.973 Thread 0x00007f2bd00c0800 nmethod 72% 0x00007f2bc1130c10 code [0x00007f2bc1130e00, 0x00007f2bc1131988]
Event: 0.974 Thread 0x00007f2bd00c5000   73       4       BigInt::divideBy2 (132 bytes)
Event: 0.988 Thread 0x00007f2bd00c5000 nmethod 73 0x00007f2bc11325d0 code [0x00007f2bc11327a0, 0x00007f2bc1133328]

GC Heap History (10 events):
Event: 0.816 GC heap after
Heap after GC invocations=4 (full 0):
 PSYoungGen      total 70656K, used 512K [0x00000000d6780000, 0x00000000db180000, 0x0000000100000000)
  eden space 65536K, 0% used [0x00000000d6780000,0x00000000d6780000,0x00000000da780000)
  from space 5120K, 10% used [0x00000000dac80000,0x00000000dad00000,0x00000000db180000)
  to   space 5120K, 0% used [0x00000000da780000,0x00000000da780000,0x00000000dac80000)
 ParOldGen       total 86016K, used 32K [0x0000000083600000, 0x0000000088a00000, 0x00000000d6780000)
  object space 86016K, 0% used [0x0000000083600000,0x0000000083608000,0x0000000088a00000)
 Metaspace       used 3186K, capacity 4564K, committed 4864K, reserved 1056768K
  class space    used 360K, capacity 388K, committed 512K, reserved 1048576K
}
Event: 0.855 GC heap before
{Heap before GC invocations=5 (full 0):
 PSYoungGen      total 70656K, used 66048K [0x00000000d6780000, 0x00000000db180000, 0x0000000100000000)
  eden space 65536K, 100% used [0x00000000d6780000,0x00000000da780000,0x00000000da780000)
  from space 5120K, 10% used [0x00000000dac80000,0x00000000dad00000,0x00000000db180000)
  to   space 5120K, 0% used [0x00000000da780000,0x00000000da780000,0x00000000dac80000)
 ParOldGen       total 86016K, used 32K [0x0000000083600000, 0x0000000088a00000, 0x00000000d6780000)
  object space 86016K, 0% used [0x0000000083600000,0x0000000083608000,0x0000000088a00000)
 Metaspace       used 3186K, capacity 4564K, committed 4864K, reserved 1056768K
  class space    used 360K, capacity 388K, committed 512K, reserved 1048576K
Event: 0.872 GC heap after
Heap after GC invocations=5 (full 0):
 PSYoungGen      total 70656K, used 512K [0x00000000d6780000, 0x00000000de980000, 0x0000000100000000)
  eden space 65536K, 0% used [0x00000000d6780000,0x00000000d6780000,0x00000000da780000)
  from space 5120K, 10% used [0x00000000da780000,0x00000000da800000,0x00000000dac80000)
  to   space 1024K, 0% used [0x00000000de880000,0x00000000de880000,0x00000000de980000)
 ParOldGen       total 86016K, used 32K [0x0000000083600000, 0x0000000088a00000, 0x00000000d6780000)
  object space 86016K, 0% used [0x0000000083600000,0x0000000083608000,0x0000000088a00000)
 Metaspace       used 3186K, capacity 4564K, committed 4864K, reserved 1056768K
  class space    used 360K, capacity 388K, committed 512K, reserved 1048576K
}
Event: 0.883 GC heap before
{Heap before GC invocations=6 (full 0):
 PSYoungGen      total 70656K, used 66048K [0x00000000d6780000, 0x00000000de980000, 0x0000000100000000)
  eden space 65536K, 100% used [0x00000000d6780000,0x00000000da780000,0x00000000da780000)
  from space 5120K, 10% used [0x00000000da780000,0x00000000da800000,0x00000000dac80000)
  to   space 1024K, 0% used [0x00000000de880000,0x00000000de880000,0x00000000de980000)
 ParOldGen       total 86016K, used 32K [0x0000000083600000, 0x0000000088a00000, 0x00000000d6780000)
  object space 86016K, 0% used [0x0000000083600000,0x0000000083608000,0x0000000088a00000)
 Metaspace       used 3187K, capacity 4564K, committed 4864K, reserved 1056768K
  class space    used 360K, capacity 388K, committed 512K, reserved 1048576K
Event: 0.884 GC heap after
Heap after GC invocations=6 (full 0):
 PSYoungGen      total 132096K, used 496K [0x00000000d6780000, 0x00000000de980000, 0x0000000100000000)
  eden space 131072K, 0% used [0x00000000d6780000,0x00000000d6780000,0x00000000de780000)
  from space 1024K, 48% used [0x00000000de880000,0x00000000de8fc010,0x00000000de980000)
  to   space 1024K, 0% used [0x00000000de780000,0x00000000de780000,0x00000000de880000)
 ParOldGen       total 86016K, used 32K [0x0000000083600000, 0x0000000088a00000, 0x00000000d6780000)
  object space 86016K, 0% used [0x0000000083600000,0x0000000083608000,0x0000000088a00000)
 Metaspace       used 3187K, capacity 4564K, committed 4864K, reserved 1056768K
  class space    used 360K, capacity 388K, committed 512K, reserved 1048576K
}
Event: 0.940 GC heap before
{Heap before GC invocations=7 (full 0):
 PSYoungGen      total 132096K, used 131568K [0x00000000d6780000, 0x00000000de980000, 0x0000000100000000)
  eden space 131072K, 100% used [0x00000000d6780000,0x00000000de780000,0x00000000de780000)
  from space 1024K, 48% used [0x00000000de880000,0x00000000de8fc010,0x00000000de980000)
  to   space 1024K, 0% used [0x00000000de780000,0x00000000de780000,0x00000000de880000)
 ParOldGen       total 86016K, used 32K [0x0000000083600000, 0x0000000088a00000, 0x00000000d6780000)
  object space 86016K, 0% used [0x0000000083600000,0x0000000083608000,0x0000000088a00000)
 Metaspace       used 3187K, capacity 4564K, committed 4864K, reserved 1056768K
  class space    used 360K, capacity 388K, committed 512K, reserved 1048576K
Event: 0.941 GC heap after
Heap after GC invocations=7 (full 0):
 PSYoungGen      total 132096K, used 32K [0x00000000d6780000, 0x00000000e6980000, 0x0000000100000000)
  eden space 131072K, 0% used [0x00000000d6780000,0x00000000d6780000,0x00000000de780000)
  from space 1024K, 3% used [0x00000000de780000,0x00000000de788000,0x00000000de880000)
  to   space 1024K, 0% used [0x00000000e6880000,0x00000000e6880000,0x00000000e6980000)
 ParOldGen       total 86016K, used 464K [0x0000000083600000, 0x0000000088a00000, 0x00000000d6780000)
  object space 86016K, 0% used [0x0000000083600000,0x0000000083674060,0x0000000088a00000)
 Metaspace       used 3187K, capacity 4564K, committed 4864K, reserved 1056768K
  class space    used 360K, capacity 388K, committed 512K, reserved 1048576K
}
Event: 0.964 GC heap before
{Heap before GC invocations=8 (full 0):
 PSYoungGen      total 132096K, used 131104K [0x00000000d6780000, 0x00000000e6980000, 0x0000000100000000)
  eden space 131072K, 100% used [0x00000000d6780000,0x00000000de780000,0x00000000de780000)
  from space 1024K, 3% used [0x00000000de780000,0x00000000de788000,0x00000000de880000)
  to   space 1024K, 0% used [0x00000000e6880000,0x00000000e6880000,0x00000000e6980000)
 ParOldGen       total 86016K, used 464K [0x0000000083600000, 0x0000000088a00000, 0x00000000d6780000)
  object space 86016K, 0% used [0x0000000083600000,0x0000000083674060,0x0000000088a00000)
 Metaspace       used 3187K, capacity 4564K, committed 4864K, reserved 1056768K
  class space    used 360K, capacity 388K, committed 512K, reserved 1048576K
Event: 0.973 GC heap after
Heap after GC invocations=8 (full 0):
 PSYoungGen      total 263168K, used 64K [0x00000000d6780000, 0x00000000e6980000, 0x0000000100000000)
  eden space 262144K, 0% used [0x00000000d6780000,0x00000000d6780000,0x00000000e6780000)
  from space 1024K, 6% used [0x00000000e6880000,0x00000000e6890000,0x00000000e6980000)
  to   space 1024K, 0% used [0x00000000e6780000,0x00000000e6780000,0x00000000e6880000)
 ParOldGen       total 86016K, used 472K [0x0000000083600000, 0x0000000088a00000, 0x00000000d6780000)
  object space 86016K, 0% used [0x0000000083600000,0x0000000083676060,0x0000000088a00000)
 Metaspace       used 3187K, capacity 4564K, committed 4864K, reserved 1056768K
  class space    used 360K, capacity 388K, committed 512K, reserved 1048576K
}
Event: 1.610 GC heap before
{Heap before GC invocations=9 (full 0):
 PSYoungGen      total 263168K, used 262208K [0x00000000d6780000, 0x00000000e6980000, 0x0000000100000000)
  eden space 262144K, 100% used [0x00000000d6780000,0x00000000e6780000,0x00000000e6780000)
  from space 1024K, 6% used [0x00000000e6880000,0x00000000e6890000,0x00000000e6980000)
  to   space 1024K, 0% used [0x00000000e6780000,0x00000000e6780000,0x00000000e6880000)
 ParOldGen       total 86016K, used 472K [0x0000000083600000, 0x0000000088a00000, 0x00000000d6780000)
  object space 86016K, 0% used [0x0000000083600000,0x0000000083676060,0x0000000088a00000)
 Metaspace       used 3187K, capacity 4564K, committed 4864K, reserved 1056768K
  class space    used 360K, capacity 388K, committed 512K, reserved 1048576K

Deoptimization events (0 events):
No events

Internal exceptions (6 events):
Event: 0.262 Thread 0x00007f2bd0009800 Exception <a 'java/lang/NoSuchMethodError': Method sun.misc.Unsafe.defineClass(Ljava/lang/String;[BII)Ljava/lang/Class; name or signature does not match> (0x00000000d6792b98) thrown at [/HUDSON/workspace/8-2-build-linux-amd64/jdk8u66/4988/hotspot/src/shar
Event: 0.262 Thread 0x00007f2bd0009800 Exception <a 'java/lang/NoSuchMethodError': Method sun.misc.Unsafe.prefetchRead(Ljava/lang/Object;J)V name or signature does not match> (0x00000000d6792e80) thrown at [/HUDSON/workspace/8-2-build-linux-amd64/jdk8u66/4988/hotspot/src/share/vm/prims/jni.cpp
Event: 0.668 Thread 0x00007f2bd0009800 Exception <a 'java/security/PrivilegedActionException'> (0x00000000d68031f8) thrown at [/HUDSON/workspace/8-2-build-linux-amd64/jdk8u66/4988/hotspot/src/share/vm/prims/jvm.cpp, line 1386]
Event: 0.668 Thread 0x00007f2bd0009800 Exception <a 'java/security/PrivilegedActionException'> (0x00000000d68035f0) thrown at [/HUDSON/workspace/8-2-build-linux-amd64/jdk8u66/4988/hotspot/src/share/vm/prims/jvm.cpp, line 1386]
Event: 0.669 Thread 0x00007f2bd0009800 Exception <a 'java/security/PrivilegedActionException'> (0x00000000d6805c18) thrown at [/HUDSON/workspace/8-2-build-linux-amd64/jdk8u66/4988/hotspot/src/share/vm/prims/jvm.cpp, line 1386]
Event: 0.669 Thread 0x00007f2bd0009800 Exception <a 'java/security/PrivilegedActionException'> (0x00000000d6806010) thrown at [/HUDSON/workspace/8-2-build-linux-amd64/jdk8u66/4988/hotspot/src/share/vm/prims/jvm.cpp, line 1386]

Events (10 events):
Event: 0.941 Executing VM operation: ParallelGCFailedAllocation done
Event: 0.964 Executing VM operation: ParallelGCFailedAllocation
Event: 0.973 Executing VM operation: ParallelGCFailedAllocation done
Event: 0.974 Thread 0x00007f2bd0009800 DEOPT PACKING pc=0x00007f2bc112dab3 sp=0x00007f2bd757e750
Event: 0.974 Thread 0x00007f2bd0009800 DEOPT UNPACKING pc=0x00007f2bc1047633 sp=0x00007f2bd757e500 mode 0
Event: 0.979 Thread 0x00007f2bd0009800 DEOPT PACKING pc=0x00007f2bc112dab3 sp=0x00007f2bd757e750
Event: 0.979 Thread 0x00007f2bd0009800 DEOPT UNPACKING pc=0x00007f2bc1047633 sp=0x00007f2bd757e500 mode 0
Event: 0.984 Thread 0x00007f2bd0009800 DEOPT PACKING pc=0x00007f2bc112dab3 sp=0x00007f2bd757e750
Event: 0.984 Thread 0x00007f2bd0009800 DEOPT UNPACKING pc=0x00007f2bc1047633 sp=0x00007f2bd757e500 mode 0
Event: 1.460 Executing VM operation: ParallelGCFailedAllocation


Dynamic libraries:
00400000-00401000 r-xp 00000000 08:01 902532                             /usr/lib/jvm/java-8-oracle/bin/java
00600000-00601000 rw-p 00000000 08:01 902532                             /usr/lib/jvm/java-8-oracle/bin/java
00b8f000-00bb0000 rw-p 00000000 00:00 0                                  [heap]
83600000-88a00000 rw-p 00000000 00:00 0 
88a00000-d6780000 ---p 00000000 00:00 0 
d6780000-e6980000 rw-p 00000000 00:00 0 
f0380000-100000000 ---p 00000000 00:00 0 
100000000-100080000 rw-p 00000000 00:00 0 
100080000-140000000 ---p 00000000 00:00 0 
7f2b6c000000-7f2b6c021000 rw-p 00000000 00:00 0 
7f2b6c021000-7f2b70000000 ---p 00000000 00:00 0 
7f2b74000000-7f2b74062000 rw-p 00000000 00:00 0 
7f2b74062000-7f2b78000000 ---p 00000000 00:00 0 
7f2b78000000-7f2b78021000 rw-p 00000000 00:00 0 
7f2b78021000-7f2b7c000000 ---p 00000000 00:00 0 
7f2b7c000000-7f2b7c05d000 rw-p 00000000 00:00 0 
7f2b7c05d000-7f2b80000000 ---p 00000000 00:00 0 
7f2b80000000-7f2b80143000 rw-p 00000000 00:00 0 
7f2b80143000-7f2b84000000 ---p 00000000 00:00 0 
7f2b84000000-7f2b84021000 rw-p 00000000 00:00 0 
7f2b84021000-7f2b88000000 ---p 00000000 00:00 0 
7f2b88000000-7f2b8819b000 rw-p 00000000 00:00 0 
7f2b8819b000-7f2b8c000000 ---p 00000000 00:00 0 
7f2b8c000000-7f2b8c021000 rw-p 00000000 00:00 0 
7f2b8c021000-7f2b90000000 ---p 00000000 00:00 0 
7f2b90000000-7f2b90021000 rw-p 00000000 00:00 0 
7f2b90021000-7f2b94000000 ---p 00000000 00:00 0 
7f2b94000000-7f2b94021000 rw-p 00000000 00:00 0 
7f2b94021000-7f2b98000000 ---p 00000000 00:00 0 
7f2b98000000-7f2b98021000 rw-p 00000000 00:00 0 
7f2b98021000-7f2b9c000000 ---p 00000000 00:00 0 
7f2b9c68e000-7f2b9c913000 rw-p 00000000 00:00 0 
7f2b9c913000-7f2b9c914000 ---p 00000000 00:00 0 
7f2b9c914000-7f2b9ca14000 rw-p 00000000 00:00 0                          [stack:6049]
7f2b9ca14000-7f2b9ca17000 ---p 00000000 00:00 0 
7f2b9ca17000-7f2b9cb15000 rw-p 00000000 00:00 0                          [stack:6048]
7f2b9cb15000-7f2b9cb18000 ---p 00000000 00:00 0 
7f2b9cb18000-7f2b9cc16000 rw-p 00000000 00:00 0                          [stack:6047]
7f2b9cc16000-7f2b9cc19000 ---p 00000000 00:00 0 
7f2b9cc19000-7f2b9cd17000 rw-p 00000000 00:00 0                          [stack:6046]
7f2b9cd17000-7f2b9cd1a000 ---p 00000000 00:00 0 
7f2b9cd1a000-7f2b9ce18000 rw-p 00000000 00:00 0                          [stack:6045]
7f2b9ce18000-7f2b9ce1b000 ---p 00000000 00:00 0 
7f2b9ce1b000-7f2b9cf19000 rw-p 00000000 00:00 0                          [stack:6044]
7f2b9cf19000-7f2b9cf1c000 ---p 00000000 00:00 0 
7f2b9cf1c000-7f2b9d01a000 rw-p 00000000 00:00 0                          [stack:6043]
7f2b9d01a000-7f2b9d6fe000 r--p 00000000 08:01 659733                     /usr/lib/locale/locale-archive
7f2b9d6fe000-7f2b9d701000 ---p 00000000 00:00 0 
7f2b9d701000-7f2b9d7ff000 rw-p 00000000 00:00 0                          [stack:6041]
7f2b9d7ff000-7f2b9d802000 ---p 00000000 00:00 0 
7f2b9d802000-7f2b9d900000 rw-p 00000000 00:00 0                          [stack:6040]
7f2b9d900000-7f2b9d901000 ---p 00000000 00:00 0 
7f2b9d901000-7f2b9f85b000 rw-p 00000000 00:00 0                          [stack:6039]
7f2b9f85b000-7f2b9fc1b000 ---p 00000000 00:00 0 
7f2b9fc1b000-7f2ba0000000 rw-p 00000000 00:00 0 
7f2ba0000000-7f2ba0021000 rw-p 00000000 00:00 0 
7f2ba0021000-7f2ba4000000 ---p 00000000 00:00 0 
7f2ba4000000-7f2ba4021000 rw-p 00000000 00:00 0 
7f2ba4021000-7f2ba8000000 ---p 00000000 00:00 0 
7f2ba8000000-7f2ba8021000 rw-p 00000000 00:00 0 
7f2ba8021000-7f2bac000000 ---p 00000000 00:00 0 
7f2bac0af000-7f2bb0000000 rw-p 00000000 00:00 0 
7f2bb0000000-7f2bb0021000 rw-p 00000000 00:00 0 
7f2bb0021000-7f2bb4000000 ---p 00000000 00:00 0 
7f2bb4000000-7f2bb4021000 rw-p 00000000 00:00 0 
7f2bb4021000-7f2bb8000000 ---p 00000000 00:00 0 
7f2bb8000000-7f2bb8021000 rw-p 00000000 00:00 0 
7f2bb8021000-7f2bbc000000 ---p 00000000 00:00 0 
7f2bbc000000-7f2bbc021000 rw-p 00000000 00:00 0 
7f2bbc021000-7f2bc0000000 ---p 00000000 00:00 0 
7f2bc0017000-7f2bc012c000 rw-p 00000000 00:00 0 
7f2bc012c000-7f2bc0305000 r--s 03d20000 08:01 539072                     /usr/lib/jvm/java-8-oracle/jre/lib/rt.jar
7f2bc0305000-7f2bc037b000 rw-p 00000000 00:00 0 
7f2bc037b000-7f2bc037c000 ---p 00000000 00:00 0 
7f2bc037c000-7f2bc047c000 rw-p 00000000 00:00 0                          [stack:6038]
7f2bc047c000-7f2bc047d000 ---p 00000000 00:00 0 
7f2bc047d000-7f2bc057d000 rw-p 00000000 00:00 0                          [stack:6037]
7f2bc057d000-7f2bc057e000 ---p 00000000 00:00 0 
7f2bc057e000-7f2bc067e000 rw-p 00000000 00:00 0                          [stack:6036]
7f2bc067e000-7f2bc067f000 ---p 00000000 00:00 0 
7f2bc067f000-7f2bc077f000 rw-p 00000000 00:00 0                          [stack:6035]
7f2bc077f000-7f2bc0780000 ---p 00000000 00:00 0 
7f2bc0780000-7f2bc0880000 rw-p 00000000 00:00 0                          [stack:6034]
7f2bc0880000-7f2bc0881000 ---p 00000000 00:00 0 
7f2bc0881000-7f2bc09ab000 rw-p 00000000 00:00 0                          [stack:6033]
7f2bc09ab000-7f2bc0c1a000 ---p 00000000 00:00 0 
7f2bc0c1a000-7f2bc0c44000 rw-p 00000000 00:00 0 
7f2bc0c44000-7f2bc0eb2000 ---p 00000000 00:00 0 
7f2bc0eb2000-7f2bc0f34000 rw-p 00000000 00:00 0 
7f2bc0f34000-7f2bc0fff000 ---p 00000000 00:00 0 
7f2bc0fff000-7f2bc1000000 rw-p 00000000 00:00 0 
7f2bc1000000-7f2bc1270000 rwxp 00000000 00:00 0 
7f2bc1270000-7f2bd0000000 ---p 00000000 00:00 0 
7f2bd0000000-7f2bd011d000 rw-p 00000000 00:00 0 
7f2bd011d000-7f2bd4000000 ---p 00000000 00:00 0 
7f2bd4000000-7f2bd4042000 rw-p 00000000 00:00 0 
7f2bd4042000-7f2bd4043000 ---p 00000000 00:00 0 
7f2bd4043000-7f2bd4143000 rw-p 00000000 00:00 0                          [stack:6032]
7f2bd4143000-7f2bd4144000 ---p 00000000 00:00 0 
7f2bd4144000-7f2bd424e000 rw-p 00000000 00:00 0                          [stack:6031]
7f2bd424e000-7f2bd4604000 ---p 00000000 00:00 0 
7f2bd4604000-7f2bd461e000 r-xp 00000000 08:01 539120                     /usr/lib/jvm/java-8-oracle/jre/lib/amd64/libzip.so
7f2bd461e000-7f2bd481e000 ---p 0001a000 08:01 539120                     /usr/lib/jvm/java-8-oracle/jre/lib/amd64/libzip.so
7f2bd481e000-7f2bd481f000 rw-p 0001a000 08:01 539120                     /usr/lib/jvm/java-8-oracle/jre/lib/amd64/libzip.so
7f2bd481f000-7f2bd482a000 r-xp 00000000 08:01 393311                     /lib/x86_64-linux-gnu/libnss_files-2.19.so
7f2bd482a000-7f2bd4a29000 ---p 0000b000 08:01 393311                     /lib/x86_64-linux-gnu/libnss_files-2.19.so
7f2bd4a29000-7f2bd4a2a000 r--p 0000a000 08:01 393311                     /lib/x86_64-linux-gnu/libnss_files-2.19.so
7f2bd4a2a000-7f2bd4a2b000 rw-p 0000b000 08:01 393311                     /lib/x86_64-linux-gnu/libnss_files-2.19.so
7f2bd4a2b000-7f2bd4a36000 r-xp 00000000 08:01 397494                     /lib/x86_64-linux-gnu/libnss_nis-2.19.so
7f2bd4a36000-7f2bd4c35000 ---p 0000b000 08:01 397494                     /lib/x86_64-linux-gnu/libnss_nis-2.19.so
7f2bd4c35000-7f2bd4c36000 r--p 0000a000 08:01 397494                     /lib/x86_64-linux-gnu/libnss_nis-2.19.so
7f2bd4c36000-7f2bd4c37000 rw-p 0000b000 08:01 397494                     /lib/x86_64-linux-gnu/libnss_nis-2.19.so
7f2bd4c37000-7f2bd4c4e000 r-xp 00000000 08:01 393320                     /lib/x86_64-linux-gnu/libnsl-2.19.so
7f2bd4c4e000-7f2bd4e4d000 ---p 00017000 08:01 393320                     /lib/x86_64-linux-gnu/libnsl-2.19.so
7f2bd4e4d000-7f2bd4e4e000 r--p 00016000 08:01 393320                     /lib/x86_64-linux-gnu/libnsl-2.19.so
7f2bd4e4e000-7f2bd4e4f000 rw-p 00017000 08:01 393320                     /lib/x86_64-linux-gnu/libnsl-2.19.so
7f2bd4e4f000-7f2bd4e51000 rw-p 00000000 00:00 0 
7f2bd4e51000-7f2bd4e5a000 r-xp 00000000 08:01 393319                     /lib/x86_64-linux-gnu/libnss_compat-2.19.so
7f2bd4e5a000-7f2bd5059000 ---p 00009000 08:01 393319                     /lib/x86_64-linux-gnu/libnss_compat-2.19.so
7f2bd5059000-7f2bd505a000 r--p 00008000 08:01 393319                     /lib/x86_64-linux-gnu/libnss_compat-2.19.so
7f2bd505a000-7f2bd505b000 rw-p 00009000 08:01 393319                     /lib/x86_64-linux-gnu/libnss_compat-2.19.so
7f2bd505b000-7f2bd5085000 r-xp 00000000 08:01 539127                     /usr/lib/jvm/java-8-oracle/jre/lib/amd64/libjava.so
7f2bd5085000-7f2bd5285000 ---p 0002a000 08:01 539127                     /usr/lib/jvm/java-8-oracle/jre/lib/amd64/libjava.so
7f2bd5285000-7f2bd5287000 rw-p 0002a000 08:01 539127                     /usr/lib/jvm/java-8-oracle/jre/lib/amd64/libjava.so
7f2bd5287000-7f2bd5294000 r-xp 00000000 08:01 539146                     /usr/lib/jvm/java-8-oracle/jre/lib/amd64/libverify.so
7f2bd5294000-7f2bd5494000 ---p 0000d000 08:01 539146                     /usr/lib/jvm/java-8-oracle/jre/lib/amd64/libverify.so
7f2bd5494000-7f2bd5496000 rw-p 0000d000 08:01 539146                     /usr/lib/jvm/java-8-oracle/jre/lib/amd64/libverify.so
7f2bd5496000-7f2bd549d000 r-xp 00000000 08:01 394230                     /lib/x86_64-linux-gnu/librt-2.19.so
7f2bd549d000-7f2bd569c000 ---p 00007000 08:01 394230                     /lib/x86_64-linux-gnu/librt-2.19.so
7f2bd569c000-7f2bd569d000 r--p 00006000 08:01 394230                     /lib/x86_64-linux-gnu/librt-2.19.so
7f2bd569d000-7f2bd569e000 rw-p 00007000 08:01 394230                     /lib/x86_64-linux-gnu/librt-2.19.so
7f2bd569e000-7f2bd57a3000 r-xp 00000000 08:01 393310                     /lib/x86_64-linux-gnu/libm-2.19.so
7f2bd57a3000-7f2bd59a2000 ---p 00105000 08:01 393310                     /lib/x86_64-linux-gnu/libm-2.19.so
7f2bd59a2000-7f2bd59a3000 r--p 00104000 08:01 393310                     /lib/x86_64-linux-gnu/libm-2.19.so
7f2bd59a3000-7f2bd59a4000 rw-p 00105000 08:01 393310                     /lib/x86_64-linux-gnu/libm-2.19.so
7f2bd59a4000-7f2bd6662000 r-xp 00000000 08:01 539157                     /usr/lib/jvm/java-8-oracle/jre/lib/amd64/server/libjvm.so
7f2bd6662000-7f2bd6861000 ---p 00cbe000 08:01 539157                     /usr/lib/jvm/java-8-oracle/jre/lib/amd64/server/libjvm.so
7f2bd6861000-7f2bd693a000 rw-p 00cbd000 08:01 539157                     /usr/lib/jvm/java-8-oracle/jre/lib/amd64/server/libjvm.so
7f2bd693a000-7f2bd697e000 rw-p 00000000 00:00 0 
7f2bd697e000-7f2bd6b39000 r-xp 00000000 08:01 394226                     /lib/x86_64-linux-gnu/libc-2.19.so
7f2bd6b39000-7f2bd6d38000 ---p 001bb000 08:01 394226                     /lib/x86_64-linux-gnu/libc-2.19.so
7f2bd6d38000-7f2bd6d3c000 r--p 001ba000 08:01 394226                     /lib/x86_64-linux-gnu/libc-2.19.so
7f2bd6d3c000-7f2bd6d3e000 rw-p 001be000 08:01 394226                     /lib/x86_64-linux-gnu/libc-2.19.so
7f2bd6d3e000-7f2bd6d43000 rw-p 00000000 00:00 0 
7f2bd6d43000-7f2bd6d46000 r-xp 00000000 08:01 393314                     /lib/x86_64-linux-gnu/libdl-2.19.so
7f2bd6d46000-7f2bd6f45000 ---p 00003000 08:01 393314                     /lib/x86_64-linux-gnu/libdl-2.19.so
7f2bd6f45000-7f2bd6f46000 r--p 00002000 08:01 393314                     /lib/x86_64-linux-gnu/libdl-2.19.so
7f2bd6f46000-7f2bd6f47000 rw-p 00003000 08:01 393314                     /lib/x86_64-linux-gnu/libdl-2.19.so
7f2bd6f47000-7f2bd6f5c000 r-xp 00000000 08:01 903800                     /usr/lib/jvm/java-8-oracle/lib/amd64/jli/libjli.so
7f2bd6f5c000-7f2bd715c000 ---p 00015000 08:01 903800                     /usr/lib/jvm/java-8-oracle/lib/amd64/jli/libjli.so
7f2bd715c000-7f2bd715d000 rw-p 00015000 08:01 903800                     /usr/lib/jvm/java-8-oracle/lib/amd64/jli/libjli.so
7f2bd715d000-7f2bd7176000 r-xp 00000000 08:01 394227                     /lib/x86_64-linux-gnu/libpthread-2.19.so
7f2bd7176000-7f2bd7375000 ---p 00019000 08:01 394227                     /lib/x86_64-linux-gnu/libpthread-2.19.so
7f2bd7375000-7f2bd7376000 r--p 00018000 08:01 394227                     /lib/x86_64-linux-gnu/libpthread-2.19.so
7f2bd7376000-7f2bd7377000 rw-p 00019000 08:01 394227                     /lib/x86_64-linux-gnu/libpthread-2.19.so
7f2bd7377000-7f2bd737b000 rw-p 00000000 00:00 0 
7f2bd737b000-7f2bd739e000 r-xp 00000000 08:01 394222                     /lib/x86_64-linux-gnu/ld-2.19.so
7f2bd73b4000-7f2bd747f000 rw-p 00000000 00:00 0 
7f2bd747f000-7f2bd7482000 ---p 00000000 00:00 0 
7f2bd7482000-7f2bd7584000 rw-p 00000000 00:00 0                          [stack:6030]
7f2bd7590000-7f2bd7591000 rw-p 00000000 00:00 0 
7f2bd7591000-7f2bd7599000 rw-s 00000000 08:01 2099140                    /tmp/hsperfdata_k/6024
7f2bd7599000-7f2bd759a000 rw-p 00000000 00:00 0 
7f2bd759a000-7f2bd759b000 ---p 00000000 00:00 0 
7f2bd759b000-7f2bd759d000 rw-p 00000000 00:00 0 
7f2bd759d000-7f2bd759e000 r--p 00022000 08:01 394222                     /lib/x86_64-linux-gnu/ld-2.19.so
7f2bd759e000-7f2bd759f000 rw-p 00023000 08:01 394222                     /lib/x86_64-linux-gnu/ld-2.19.so
7f2bd759f000-7f2bd75a0000 rw-p 00000000 00:00 0 
7ffc0e30d000-7ffc0e32e000 rw-p 00000000 00:00 0                          [stack]
7ffc0e399000-7ffc0e39b000 r-xp 00000000 00:00 0                          [vdso]
7ffc0e39b000-7ffc0e39d000 r--p 00000000 00:00 0                          [vvar]
ffffffffff600000-ffffffffff601000 r-xp 00000000 00:00 0                  [vsyscall]

VM Arguments:
jvm_args: -Dfile.encoding=UTF-8 
java_command: MainClass
java_class_path (initial): /home/k/Dropbox/Java/Homework5/bin:/usr/share/eclipse/dropins/jdt/plugins/org.junit_4.8.2.dist/junit.jar:/usr/share/eclipse/dropins/jdt/plugins/org.hamcrest.core_1.3.0.jar
Launcher Type: SUN_STANDARD

Environment Variables:
JAVA_HOME=/usr/lib/jvm/java-8-oracle
PATH=/usr/local/sbin:/usr/local/bin:/usr/sbin:/usr/bin:/sbin:/bin:/usr/games:/usr/local/games:/usr/lib/jvm/java-8-oracle/bin:/usr/lib/jvm/java-8-oracle/db/bin:/usr/lib/jvm/java-8-oracle/jre/bin
SHELL=/bin/bash
DISPLAY=:0

Signal Handlers:
SIGSEGV: [libjvm.so+0xaba2a0], sa_mask[0]=11111111011111111101111111111110, sa_flags=SA_RESTART|SA_SIGINFO
SIGBUS: [libjvm.so+0xaba2a0], sa_mask[0]=11111111011111111101111111111110, sa_flags=SA_RESTART|SA_SIGINFO
SIGFPE: [libjvm.so+0x917710], sa_mask[0]=11111111011111111101111111111110, sa_flags=SA_RESTART|SA_SIGINFO
SIGPIPE: [libjvm.so+0x917710], sa_mask[0]=11111111011111111101111111111110, sa_flags=SA_RESTART|SA_SIGINFO
SIGXFSZ: [libjvm.so+0x917710], sa_mask[0]=11111111011111111101111111111110, sa_flags=SA_RESTART|SA_SIGINFO
SIGILL: [libjvm.so+0x917710], sa_mask[0]=11111111011111111101111111111110, sa_flags=SA_RESTART|SA_SIGINFO
SIGUSR1: SIG_DFL, sa_mask[0]=00000000000000000000000000000000, sa_flags=none
SIGUSR2: [libjvm.so+0x918d40], sa_mask[0]=00100000000000000000000000000000, sa_flags=SA_RESTART|SA_SIGINFO
SIGHUP: [libjvm.so+0x91a140], sa_mask[0]=11111111011111111101111111111110, sa_flags=SA_RESTART|SA_SIGINFO
SIGINT: [libjvm.so+0x91a140], sa_mask[0]=11111111011111111101111111111110, sa_flags=SA_RESTART|SA_SIGINFO
SIGTERM: [libjvm.so+0x91a140], sa_mask[0]=11111111011111111101111111111110, sa_flags=SA_RESTART|SA_SIGINFO
SIGQUIT: [libjvm.so+0x91a140], sa_mask[0]=11111111011111111101111111111110, sa_flags=SA_RESTART|SA_SIGINFO


---------------  S Y S T E M  ---------------

OS:DISTRIB_ID=Ubuntu
DISTRIB_RELEASE=14.04
DISTRIB_CODENAME=trusty
DISTRIB_DESCRIPTION="Ubuntu 14.04.3 LTS"

uname:Linux 3.16.0-53-generic #72~14.04.1-Ubuntu SMP Fri Nov 6 18:17:23 UTC 2015 x86_64
libc:glibc 2.19 NPTL 2.19 
rlimit: STACK 8192k, CORE 0k, NPROC 31802, NOFILE 4096, AS infinity
load average:3.91 2.27 1.42

/proc/meminfo:
MemTotal:        8162964 kB
MemFree:          128740 kB
MemAvailable:     112252 kB
Buffers:            1280 kB
Cached:           124648 kB
SwapCached:            0 kB
Active:          6763160 kB
Inactive:          78780 kB
Active(anon):    6721236 kB
Inactive(anon):    33156 kB
Active(file):      41924 kB
Inactive(file):    45624 kB
Unevictable:      673120 kB
Mlocked:          673120 kB
SwapTotal:             0 kB
SwapFree:              0 kB
Dirty:               240 kB
Writeback:             0 kB
AnonPages:       7391288 kB
Mapped:           107960 kB
Shmem:             36228 kB
Slab:             109156 kB
SReclaimable:      48408 kB
SUnreclaim:        60748 kB
KernelStack:       23904 kB
PageTables:        56376 kB
NFS_Unstable:          0 kB
Bounce:                0 kB
WritebackTmp:          0 kB
CommitLimit:     4081480 kB
Committed_AS:   15399876 kB
VmallocTotal:   34359738367 kB
VmallocUsed:      183920 kB
VmallocChunk:   34359480348 kB
HardwareCorrupted:     0 kB
AnonHugePages:   4177920 kB
HugePages_Total:       0
HugePages_Free:        0
HugePages_Rsvd:        0
HugePages_Surp:        0
Hugepagesize:       2048 kB
DirectMap4k:       83776 kB
DirectMap2M:     8304640 kB


CPU:total 8 (8 cores per cpu, 1 threads per core) family 6 model 62 stepping 4, cmov, cx8, fxsr, mmx, sse, sse2, sse3, ssse3, sse4.1, sse4.2, popcnt, avx, aes, clmul, erms, tsc, tscinvbit

/proc/cpuinfo:
processor	: 0
vendor_id	: GenuineIntel
cpu family	: 6
model		: 62
model name	: Intel(R) Core(TM) i7-4820K CPU @ 3.70GHz
stepping	: 4
microcode	: 0x428
cpu MHz		: 3700.000
cache size	: 10240 KB
physical id	: 0
siblings	: 8
core id		: 0
cpu cores	: 8
apicid		: 0
initial apicid	: 0
fpu		: yes
fpu_exception	: yes
cpuid level	: 13
wp		: yes
flags		: fpu vme de pse tsc msr pae mce cx8 apic sep mtrr pge mca cmov pat pse36 clflush dts mmx fxsr sse sse2 ss ht syscall nx rdtscp lm constant_tsc arch_perfmon pebs bts nopl xtopology tsc_reliable nonstop_tsc aperfmperf pni pclmulqdq ssse3 cx16 pcid sse4_1 sse4_2 x2apic popcnt tsc_deadline_timer aes xsave avx f16c rdrand hypervisor lahf_lm ida arat pln pts dtherm fsgsbase tsc_adjust smep
bogomips	: 7400.00
clflush size	: 64
cache_alignment	: 64
address sizes	: 42 bits physical, 48 bits virtual
power management:

processor	: 1
vendor_id	: GenuineIntel
cpu family	: 6
model		: 62
model name	: Intel(R) Core(TM) i7-4820K CPU @ 3.70GHz
stepping	: 4
microcode	: 0x428
cpu MHz		: 3700.000
cache size	: 10240 KB
physical id	: 0
siblings	: 8
core id		: 1
cpu cores	: 8
apicid		: 1
initial apicid	: 1
fpu		: yes
fpu_exception	: yes
cpuid level	: 13
wp		: yes
flags		: fpu vme de pse tsc msr pae mce cx8 apic sep mtrr pge mca cmov pat pse36 clflush dts mmx fxsr sse sse2 ss ht syscall nx rdtscp lm constant_tsc arch_perfmon pebs bts nopl xtopology tsc_reliable nonstop_tsc aperfmperf pni pclmulqdq ssse3 cx16 pcid sse4_1 sse4_2 x2apic popcnt tsc_deadline_timer aes xsave avx f16c rdrand hypervisor lahf_lm ida arat pln pts dtherm fsgsbase tsc_adjust smep
bogomips	: 7400.00
clflush size	: 64
cache_alignment	: 64
address sizes	: 42 bits physical, 48 bits virtual
power management:

processor	: 2
vendor_id	: GenuineIntel
cpu family	: 6
model		: 62
model name	: Intel(R) Core(TM) i7-4820K CPU @ 3.70GHz
stepping	: 4
microcode	: 0x428
cpu MHz		: 3700.000
cache size	: 10240 KB
physical id	: 0
siblings	: 8
core id		: 2
cpu cores	: 8
apicid		: 2
initial apicid	: 2
fpu		: yes
fpu_exception	: yes
cpuid level	: 13
wp		: yes
flags		: fpu vme de pse tsc msr pae mce cx8 apic sep mtrr pge mca cmov pat pse36 clflush dts mmx fxsr sse sse2 ss ht syscall nx rdtscp lm constant_tsc arch_perfmon pebs bts nopl xtopology tsc_reliable nonstop_tsc aperfmperf pni pclmulqdq ssse3 cx16 pcid sse4_1 sse4_2 x2apic popcnt tsc_deadline_timer aes xsave avx f16c rdrand hypervisor lahf_lm ida arat pln pts dtherm fsgsbase tsc_adjust smep
bogomips	: 7400.00
clflush size	: 64
cache_alignment	: 64
address sizes	: 42 bits physical, 48 bits virtual
power management:

processor	: 3
vendor_id	: GenuineIntel
cpu family	: 6
model		: 62
model name	: Intel(R) Core(TM) i7-4820K CPU @ 3.70GHz
stepping	: 4
microcode	: 0x428
cpu MHz		: 3700.000
cache size	: 10240 KB
physical id	: 0
siblings	: 8
core id		: 3
cpu cores	: 8
apicid		: 3
initial apicid	: 3
fpu		: yes
fpu_exception	: yes
cpuid level	: 13
wp		: yes
flags		: fpu vme de pse tsc msr pae mce cx8 apic sep mtrr pge mca cmov pat pse36 clflush dts mmx fxsr sse sse2 ss ht syscall nx rdtscp lm constant_tsc arch_perfmon pebs bts nopl xtopology tsc_reliable nonstop_tsc aperfmperf pni pclmulqdq ssse3 cx16 pcid sse4_1 sse4_2 x2apic popcnt tsc_deadline_timer aes xsave avx f16c rdrand hypervisor lahf_lm ida arat pln pts dtherm fsgsbase tsc_adjust smep
bogomips	: 7400.00
clflush size	: 64
cache_alignment	: 64
address sizes	: 42 bits physical, 48 bits virtual
power management:

processor	: 4
vendor_id	: GenuineIntel
cpu family	: 6
model		: 62
model name	: Intel(R) Core(TM) i7-4820K CPU @ 3.70GHz
stepping	: 4
microcode	: 0x428
cpu MHz		: 3700.000
cache size	: 10240 KB
physical id	: 0
siblings	: 8
core id		: 4
cpu cores	: 8
apicid		: 4
initial apicid	: 4
fpu		: yes
fpu_exception	: yes
cpuid level	: 13
wp		: yes
flags		: fpu vme de pse tsc msr pae mce cx8 apic sep mtrr pge mca cmov pat pse36 clflush dts mmx fxsr sse sse2 ss ht syscall nx rdtscp lm constant_tsc arch_perfmon pebs bts nopl xtopology tsc_reliable nonstop_tsc aperfmperf pni pclmulqdq ssse3 cx16 pcid sse4_1 sse4_2 x2apic popcnt tsc_deadline_timer aes xsave avx f16c rdrand hypervisor lahf_lm ida arat pln pts dtherm fsgsbase tsc_adjust smep
bogomips	: 7400.00
clflush size	: 64
cache_alignment	: 64
address sizes	: 42 bits physical, 48 bits virtual
power management:

processor	: 5
vendor_id	: GenuineIntel
cpu family	: 6
model		: 62
model name	: Intel(R) Core(TM) i7-4820K CPU @ 3.70GHz
stepping	: 4
microcode	: 0x428
cpu MHz		: 3700.000
cache size	: 10240 KB
physical id	: 0
siblings	: 8
core id		: 5
cpu cores	: 8
apicid		: 5
initial apicid	: 5
fpu		: yes
fpu_exception	: yes
cpuid level	: 13
wp		: yes
flags		: fpu vme de pse tsc msr pae mce cx8 apic sep mtrr pge mca cmov pat pse36 clflush dts mmx fxsr sse sse2 ss ht syscall nx rdtscp lm constant_tsc arch_perfmon pebs bts nopl xtopology tsc_reliable nonstop_tsc aperfmperf pni pclmulqdq ssse3 cx16 pcid sse4_1 sse4_2 x2apic popcnt tsc_deadline_timer aes xsave avx f16c rdrand hypervisor lahf_lm ida arat pln pts dtherm fsgsbase tsc_adjust smep
bogomips	: 7400.00
clflush size	: 64
cache_alignment	: 64
address sizes	: 42 bits physical, 48 bits virtual
power management:

processor	: 6
vendor_id	: GenuineIntel
cpu family	: 6
model		: 62
model name	: Intel(R) Core(TM) i7-4820K CPU @ 3.70GHz
stepping	: 4
microcode	: 0x428
cpu MHz		: 3700.000
cache size	: 10240 KB
physical id	: 0
siblings	: 8
core id		: 6
cpu cores	: 8
apicid		: 6
initial apicid	: 6
fpu		: yes
fpu_exception	: yes
cpuid level	: 13
wp		: yes
flags		: fpu vme de pse tsc msr pae mce cx8 apic sep mtrr pge mca cmov pat pse36 clflush dts mmx fxsr sse sse2 ss ht syscall nx rdtscp lm constant_tsc arch_perfmon pebs bts nopl xtopology tsc_reliable nonstop_tsc aperfmperf pni pclmulqdq ssse3 cx16 pcid sse4_1 sse4_2 x2apic popcnt tsc_deadline_timer aes xsave avx f16c rdrand hypervisor lahf_lm ida arat pln pts dtherm fsgsbase tsc_adjust smep
bogomips	: 7400.00
clflush size	: 64
cache_alignment	: 64
address sizes	: 42 bits physical, 48 bits virtual
power management:

processor	: 7
vendor_id	: GenuineIntel
cpu family	: 6
model		: 62
model name	: Intel(R) Core(TM) i7-4820K CPU @ 3.70GHz
stepping	: 4
microcode	: 0x428
cpu MHz		: 3700.000
cache size	: 10240 KB
physical id	: 0
siblings	: 8
core id		: 7
cpu cores	: 8
apicid		: 7
initial apicid	: 7
fpu		: yes
fpu_exception	: yes
cpuid level	: 13
wp		: yes
flags		: fpu vme de pse tsc msr pae mce cx8 apic sep mtrr pge mca cmov pat pse36 clflush dts mmx fxsr sse sse2 ss ht syscall nx rdtscp lm constant_tsc arch_perfmon pebs bts nopl xtopology tsc_reliable nonstop_tsc aperfmperf pni pclmulqdq ssse3 cx16 pcid sse4_1 sse4_2 x2apic popcnt tsc_deadline_timer aes xsave avx f16c rdrand hypervisor lahf_lm ida arat pln pts dtherm fsgsbase tsc_adjust smep
bogomips	: 7400.00
clflush size	: 64
cache_alignment	: 64
address sizes	: 42 bits physical, 48 bits virtual
power management:



Memory: 4k page, physical 8162964k(128740k free), swap 0k(0k free)

vm_info: Java HotSpot(TM) 64-Bit Server VM (25.66-b17) for linux-amd64 JRE (1.8.0_66-b17), built on Oct  6 2015 17:28:34 by "java_re" with gcc 4.3.0 20080428 (Red Hat 4.3.0-8)

time: Wed Nov 18 11:34:20 2015
elapsed time: 2 seconds (0d 0h 0m 2s)

