#
# There is insufficient memory for the Java Runtime Environment to continue.
# Native memory allocation (mmap) failed to map 157810688 bytes for committing reserved memory.
# Possible reasons:
#   The system is out of physical RAM or swap space
#   In 32 bit mode, the process size limit was hit
# Possible solutions:
#   Reduce memory load on the system
#   Increase physical memory or swap space
#   Check if swap backing store is full
#   Use 64 bit Java on a 64 bit OS
#   Decrease Java heap size (-Xmx/-Xms)
#   Decrease number of Java threads
#   Decrease Java thread stack sizes (-Xss)
#   Set larger code cache with -XX:ReservedCodeCacheSize=
# This output file may be truncated or incomplete.
#
#  Out of Memory Error (os_linux.cpp:2627), pid=4141, tid=140036698846976
#
# JRE version: Java(TM) SE Runtime Environment (8.0_66-b17) (build 1.8.0_66-b17)
# Java VM: Java HotSpot(TM) 64-Bit Server VM (25.66-b17 mixed mode linux-amd64 compressed oops)
# Failed to write core dump. Core dumps have been disabled. To enable core dumping, try "ulimit -c unlimited" before starting Java again
#

---------------  T H R E A D  ---------------

Current thread (0x00007f5d00080000):  VMThread [stack: 0x00007f5cd5a0b000,0x00007f5cd5b0c000] [id=4157]

Stack: [0x00007f5cd5a0b000,0x00007f5cd5b0c000],  sp=0x00007f5cd5b0a060,  free space=1020k
Native frames: (J=compiled Java code, j=interpreted, Vv=VM code, C=native code)
V  [libjvm.so+0xab9a1a]  VMError::report_and_die()+0x2ba
V  [libjvm.so+0x4f9e0b]  report_vm_out_of_memory(char const*, int, unsigned long, VMErrorType, char const*)+0x8b
V  [libjvm.so+0x91a8a3]  os::Linux::commit_memory_impl(char*, unsigned long, bool)+0x103
V  [libjvm.so+0x91adf9]  os::pd_commit_memory(char*, unsigned long, unsigned long, bool)+0x29
V  [libjvm.so+0x91510a]  os::commit_memory(char*, unsigned long, unsigned long, bool)+0x2a
V  [libjvm.so+0x9887a3]  PSVirtualSpace::expand_by(unsigned long)+0x53
V  [libjvm.so+0x989ba8]  PSYoungGen::resize_generation(unsigned long, unsigned long)+0xf8
V  [libjvm.so+0x988d02]  PSYoungGen::resize(unsigned long, unsigned long)+0x22
V  [libjvm.so+0x985fdb]  PSScavenge::invoke_no_policy()+0xf3b
V  [libjvm.so+0x986761]  PSScavenge::invoke()+0x41
V  [libjvm.so+0x93e500]  ParallelScavengeHeap::failed_mem_allocate(unsigned long)+0x70
V  [libjvm.so+0xabb437]  VM_ParallelGCFailedAllocation::doit()+0x97
V  [libjvm.so+0xac2e65]  VM_Operation::evaluate()+0x55
V  [libjvm.so+0xac123a]  VMThread::evaluate_operation(VM_Operation*)+0xba
V  [libjvm.so+0xac15be]  VMThread::loop()+0x1ce
V  [libjvm.so+0xac1a30]  VMThread::run()+0x70
V  [libjvm.so+0x91cc68]  java_start(Thread*)+0x108

VM_Operation (0x00007f5d0761e690): ParallelGCFailedAllocation, mode: safepoint, requested by thread 0x00007f5d00009800


---------------  P R O C E S S  ---------------

Java Threads: ( => current thread )
  0x00007f5d000d4800 JavaThread "Service Thread" daemon [_thread_blocked, id=4165, stack(0x00007f5cd4b1f000,0x00007f5cd4c20000)]
  0x00007f5d000c7800 JavaThread "C1 CompilerThread3" daemon [_thread_blocked, id=4164, stack(0x00007f5cd4c20000,0x00007f5cd4d21000)]
  0x00007f5d000c5000 JavaThread "C2 CompilerThread2" daemon [_thread_blocked, id=4163, stack(0x00007f5cd4d21000,0x00007f5cd4e22000)]
  0x00007f5d000c3800 JavaThread "C2 CompilerThread1" daemon [_thread_blocked, id=4162, stack(0x00007f5cd4e22000,0x00007f5cd4f23000)]
  0x00007f5d000c0800 JavaThread "C2 CompilerThread0" daemon [_thread_blocked, id=4161, stack(0x00007f5cd4f23000,0x00007f5cd5024000)]
  0x00007f5d000bf000 JavaThread "Signal Dispatcher" daemon [_thread_blocked, id=4160, stack(0x00007f5cd5024000,0x00007f5cd5125000)]
  0x00007f5d00087000 JavaThread "Finalizer" daemon [_thread_blocked, id=4159, stack(0x00007f5cd5809000,0x00007f5cd590a000)]
  0x00007f5d00085000 JavaThread "Reference Handler" daemon [_thread_blocked, id=4158, stack(0x00007f5cd590a000,0x00007f5cd5a0b000)]
  0x00007f5d00009800 JavaThread "main" [_thread_blocked, id=4148, stack(0x00007f5d0751f000,0x00007f5d07620000)]

Other Threads:
=>0x00007f5d00080000 VMThread [stack: 0x00007f5cd5a0b000,0x00007f5cd5b0c000] [id=4157]
  0x00007f5d000d7800 WatcherThread [stack: 0x00007f5cd4a1e000,0x00007f5cd4b1f000] [id=4166]

VM state:at safepoint (normal execution)

VM Mutex/Monitor currently owned by a thread:  ([mutex/lock_event])
[0x00007f5d00005fb0] Threads_lock - owner thread: 0x00007f5d00080000
[0x00007f5d000064b0] Heap_lock - owner thread: 0x00007f5d00009800

Heap:
 PSYoungGen      total 525312K, used 96K [0x00000000d6780000, 0x00000000f6980000, 0x0000000100000000)
  eden space 524288K, 0% used [0x00000000d6780000,0x00000000d6780000,0x00000000f6780000)
  from space 1024K, 9% used [0x00000000f6780000,0x00000000f6798000,0x00000000f6880000)
  to   space 1024K, 0% used [0x00000000f6880000,0x00000000f6880000,0x00000000f6980000)
 ParOldGen       total 86016K, used 488K [0x0000000083600000, 0x0000000088a00000, 0x00000000d6780000)
  object space 86016K, 0% used [0x0000000083600000,0x000000008367a060,0x0000000088a00000)
 Metaspace       used 3188K, capacity 4564K, committed 4864K, reserved 1056768K
  class space    used 360K, capacity 388K, committed 512K, reserved 1048576K

Card table byte_map: [0x00007f5cf0c1a000,0x00007f5cf1000000] byte_map_base: 0x00007f5cf07ff000

Marking Bits: (ParMarkBitMap*) 0x00007f5d069f3020
 Begin Bits: [0x00007f5ce81b0000, 0x00007f5cea0d8000)
 End Bits:   [0x00007f5cea0d8000, 0x00007f5cec000000)

Polling page: 0x00007f5d0763a000

CodeCache: size=245760Kb used=1214Kb max_used=1228Kb free=244545Kb
 bounds [0x00007f5cf1000000, 0x00007f5cf1270000, 0x00007f5d00000000]
 total_blobs=313 nmethods=75 adapters=152
 compilation: enabled

Compilation events (10 events):
Event: 0.506 Thread 0x00007f5d000c0800 nmethod 69 0x00007f5cf1125f50 code [0x00007f5cf11260e0, 0x00007f5cf1126598]
Event: 0.518 Thread 0x00007f5d000c5000 nmethod 71 0x00007f5cf1125590 code [0x00007f5cf1125700, 0x00007f5cf1125bb8]
Event: 0.574 Thread 0x00007f5d000c7800   72 %     3       BigInt::divideBy2 @ 11 (132 bytes)
Event: 0.575 Thread 0x00007f5d000c7800 nmethod 72% 0x00007f5cf112b2d0 code [0x00007f5cf112b5a0, 0x00007f5cf112ccb8]
Event: 0.575 Thread 0x00007f5d000c7800   73       3       BigInt::divideBy2 (132 bytes)
Event: 0.576 Thread 0x00007f5d000c7800 nmethod 73 0x00007f5cf112d890 code [0x00007f5cf112db40, 0x00007f5cf112f178]
Event: 0.635 Thread 0x00007f5d000c3800   74 %     4       BigInt::divideBy2 @ 11 (132 bytes)
Event: 0.657 Thread 0x00007f5d000c3800 nmethod 74% 0x00007f5cf1131f50 code [0x00007f5cf1132140, 0x00007f5cf1132cc8]
Event: 0.659 Thread 0x00007f5d000c0800   75       4       BigInt::divideBy2 (132 bytes)
Event: 0.687 Thread 0x00007f5d000c0800 nmethod 75 0x00007f5cf1133910 code [0x00007f5cf1133ae0, 0x00007f5cf1134668]

GC Heap History (10 events):
Event: 0.566 GC heap after
Heap after GC invocations=4 (full 0):
 PSYoungGen      total 136192K, used 592K [0x00000000d6780000, 0x00000000df180000, 0x0000000100000000)
  eden space 131072K, 0% used [0x00000000d6780000,0x00000000d6780000,0x00000000de780000)
  from space 5120K, 11% used [0x00000000dec80000,0x00000000ded14010,0x00000000df180000)
  to   space 5120K, 0% used [0x00000000de780000,0x00000000de780000,0x00000000dec80000)
 ParOldGen       total 86016K, used 32K [0x0000000083600000, 0x0000000088a00000, 0x00000000d6780000)
  object space 86016K, 0% used [0x0000000083600000,0x0000000083608000,0x0000000088a00000)
 Metaspace       used 3186K, capacity 4564K, committed 4864K, reserved 1056768K
  class space    used 360K, capacity 388K, committed 512K, reserved 1048576K
}
Event: 0.620 GC heap before
{Heap before GC invocations=5 (full 0):
 PSYoungGen      total 136192K, used 131664K [0x00000000d6780000, 0x00000000df180000, 0x0000000100000000)
  eden space 131072K, 100% used [0x00000000d6780000,0x00000000de780000,0x00000000de780000)
  from space 5120K, 11% used [0x00000000dec80000,0x00000000ded14010,0x00000000df180000)
  to   space 5120K, 0% used [0x00000000de780000,0x00000000de780000,0x00000000dec80000)
 ParOldGen       total 86016K, used 32K [0x0000000083600000, 0x0000000088a00000, 0x00000000d6780000)
  object space 86016K, 0% used [0x0000000083600000,0x0000000083608000,0x0000000088a00000)
 Metaspace       used 3188K, capacity 4564K, committed 4864K, reserved 1056768K
  class space    used 360K, capacity 388K, committed 512K, reserved 1048576K
Event: 0.621 GC heap after
Heap after GC invocations=5 (full 0):
 PSYoungGen      total 136192K, used 496K [0x00000000d6780000, 0x00000000e6980000, 0x0000000100000000)
  eden space 131072K, 0% used [0x00000000d6780000,0x00000000d6780000,0x00000000de780000)
  from space 5120K, 9% used [0x00000000de780000,0x00000000de7fc010,0x00000000dec80000)
  to   space 1024K, 0% used [0x00000000e6880000,0x00000000e6880000,0x00000000e6980000)
 ParOldGen       total 86016K, used 32K [0x0000000083600000, 0x0000000088a00000, 0x00000000d6780000)
  object space 86016K, 0% used [0x0000000083600000,0x0000000083608000,0x0000000088a00000)
 Metaspace       used 3188K, capacity 4564K, committed 4864K, reserved 1056768K
  class space    used 360K, capacity 388K, committed 512K, reserved 1048576K
}
Event: 0.644 GC heap before
{Heap before GC invocations=6 (full 0):
 PSYoungGen      total 136192K, used 131568K [0x00000000d6780000, 0x00000000e6980000, 0x0000000100000000)
  eden space 131072K, 100% used [0x00000000d6780000,0x00000000de780000,0x00000000de780000)
  from space 5120K, 9% used [0x00000000de780000,0x00000000de7fc010,0x00000000dec80000)
  to   space 1024K, 0% used [0x00000000e6880000,0x00000000e6880000,0x00000000e6980000)
 ParOldGen       total 86016K, used 32K [0x0000000083600000, 0x0000000088a00000, 0x00000000d6780000)
  object space 86016K, 0% used [0x0000000083600000,0x0000000083608000,0x0000000088a00000)
 Metaspace       used 3188K, capacity 4564K, committed 4864K, reserved 1056768K
  class space    used 360K, capacity 388K, committed 512K, reserved 1048576K
Event: 0.648 GC heap after
Heap after GC invocations=6 (full 0):
 PSYoungGen      total 263168K, used 512K [0x00000000d6780000, 0x00000000e6980000, 0x0000000100000000)
  eden space 262144K, 0% used [0x00000000d6780000,0x00000000d6780000,0x00000000e6780000)
  from space 1024K, 50% used [0x00000000e6880000,0x00000000e6900020,0x00000000e6980000)
  to   space 1024K, 0% used [0x00000000e6780000,0x00000000e6780000,0x00000000e6880000)
 ParOldGen       total 86016K, used 32K [0x0000000083600000, 0x0000000088a00000, 0x00000000d6780000)
  object space 86016K, 0% used [0x0000000083600000,0x0000000083608000,0x0000000088a00000)
 Metaspace       used 3188K, capacity 4564K, committed 4864K, reserved 1056768K
  class space    used 360K, capacity 388K, committed 512K, reserved 1048576K
}
Event: 0.822 GC heap before
{Heap before GC invocations=7 (full 0):
 PSYoungGen      total 263168K, used 262656K [0x00000000d6780000, 0x00000000e6980000, 0x0000000100000000)
  eden space 262144K, 100% used [0x00000000d6780000,0x00000000e6780000,0x00000000e6780000)
  from space 1024K, 50% used [0x00000000e6880000,0x00000000e6900020,0x00000000e6980000)
  to   space 1024K, 0% used [0x00000000e6780000,0x00000000e6780000,0x00000000e6880000)
 ParOldGen       total 86016K, used 32K [0x0000000083600000, 0x0000000088a00000, 0x00000000d6780000)
  object space 86016K, 0% used [0x0000000083600000,0x0000000083608000,0x0000000088a00000)
 Metaspace       used 3188K, capacity 4564K, committed 4864K, reserved 1056768K
  class space    used 360K, capacity 388K, committed 512K, reserved 1048576K
Event: 0.827 GC heap after
Heap after GC invocations=7 (full 0):
 PSYoungGen      total 263168K, used 96K [0x00000000d6780000, 0x00000000f6980000, 0x0000000100000000)
  eden space 262144K, 0% used [0x00000000d6780000,0x00000000d6780000,0x00000000e6780000)
  from space 1024K, 9% used [0x00000000e6780000,0x00000000e6798000,0x00000000e6880000)
  to   space 1024K, 0% used [0x00000000f6880000,0x00000000f6880000,0x00000000f6980000)
 ParOldGen       total 86016K, used 464K [0x0000000083600000, 0x0000000088a00000, 0x00000000d6780000)
  object space 86016K, 0% used [0x0000000083600000,0x0000000083674060,0x0000000088a00000)
 Metaspace       used 3188K, capacity 4564K, committed 4864K, reserved 1056768K
  class space    used 360K, capacity 388K, committed 512K, reserved 1048576K
}
Event: 0.865 GC heap before
{Heap before GC invocations=8 (full 0):
 PSYoungGen      total 263168K, used 262240K [0x00000000d6780000, 0x00000000f6980000, 0x0000000100000000)
  eden space 262144K, 100% used [0x00000000d6780000,0x00000000e6780000,0x00000000e6780000)
  from space 1024K, 9% used [0x00000000e6780000,0x00000000e6798000,0x00000000e6880000)
  to   space 1024K, 0% used [0x00000000f6880000,0x00000000f6880000,0x00000000f6980000)
 ParOldGen       total 86016K, used 464K [0x0000000083600000, 0x0000000088a00000, 0x00000000d6780000)
  object space 86016K, 0% used [0x0000000083600000,0x0000000083674060,0x0000000088a00000)
 Metaspace       used 3188K, capacity 4564K, committed 4864K, reserved 1056768K
  class space    used 360K, capacity 388K, committed 512K, reserved 1048576K
Event: 0.865 GC heap after
Heap after GC invocations=8 (full 0):
 PSYoungGen      total 525312K, used 64K [0x00000000d6780000, 0x00000000f6980000, 0x0000000100000000)
  eden space 524288K, 0% used [0x00000000d6780000,0x00000000d6780000,0x00000000f6780000)
  from space 1024K, 6% used [0x00000000f6880000,0x00000000f6890000,0x00000000f6980000)
  to   space 1024K, 0% used [0x00000000f6780000,0x00000000f6780000,0x00000000f6880000)
 ParOldGen       total 86016K, used 472K [0x0000000083600000, 0x0000000088a00000, 0x00000000d6780000)
  object space 86016K, 0% used [0x0000000083600000,0x0000000083676060,0x0000000088a00000)
 Metaspace       used 3188K, capacity 4564K, committed 4864K, reserved 1056768K
  class space    used 360K, capacity 388K, committed 512K, reserved 1048576K
}
Event: 1.441 GC heap before
{Heap before GC invocations=9 (full 0):
 PSYoungGen      total 525312K, used 524352K [0x00000000d6780000, 0x00000000f6980000, 0x0000000100000000)
  eden space 524288K, 100% used [0x00000000d6780000,0x00000000f6780000,0x00000000f6780000)
  from space 1024K, 6% used [0x00000000f6880000,0x00000000f6890000,0x00000000f6980000)
  to   space 1024K, 0% used [0x00000000f6780000,0x00000000f6780000,0x00000000f6880000)
 ParOldGen       total 86016K, used 472K [0x0000000083600000, 0x0000000088a00000, 0x00000000d6780000)
  object space 86016K, 0% used [0x0000000083600000,0x0000000083676060,0x0000000088a00000)
 Metaspace       used 3188K, capacity 4564K, committed 4864K, reserved 1056768K
  class space    used 360K, capacity 388K, committed 512K, reserved 1048576K

Deoptimization events (0 events):
No events

Internal exceptions (6 events):
Event: 0.199 Thread 0x00007f5d00009800 Exception <a 'java/lang/NoSuchMethodError': Method sun.misc.Unsafe.defineClass(Ljava/lang/String;[BII)Ljava/lang/Class; name or signature does not match> (0x00000000d6792b98) thrown at [/HUDSON/workspace/8-2-build-linux-amd64/jdk8u66/4988/hotspot/src/shar
Event: 0.199 Thread 0x00007f5d00009800 Exception <a 'java/lang/NoSuchMethodError': Method sun.misc.Unsafe.prefetchRead(Ljava/lang/Object;J)V name or signature does not match> (0x00000000d6792e80) thrown at [/HUDSON/workspace/8-2-build-linux-amd64/jdk8u66/4988/hotspot/src/share/vm/prims/jni.cpp
Event: 0.368 Thread 0x00007f5d00009800 Exception <a 'java/security/PrivilegedActionException'> (0x00000000d6803330) thrown at [/HUDSON/workspace/8-2-build-linux-amd64/jdk8u66/4988/hotspot/src/share/vm/prims/jvm.cpp, line 1386]
Event: 0.368 Thread 0x00007f5d00009800 Exception <a 'java/security/PrivilegedActionException'> (0x00000000d6803728) thrown at [/HUDSON/workspace/8-2-build-linux-amd64/jdk8u66/4988/hotspot/src/share/vm/prims/jvm.cpp, line 1386]
Event: 0.368 Thread 0x00007f5d00009800 Exception <a 'java/security/PrivilegedActionException'> (0x00000000d6805d50) thrown at [/HUDSON/workspace/8-2-build-linux-amd64/jdk8u66/4988/hotspot/src/share/vm/prims/jvm.cpp, line 1386]
Event: 0.369 Thread 0x00007f5d00009800 Exception <a 'java/security/PrivilegedActionException'> (0x00000000d6806148) thrown at [/HUDSON/workspace/8-2-build-linux-amd64/jdk8u66/4988/hotspot/src/share/vm/prims/jvm.cpp, line 1386]

Events (10 events):
Event: 0.659 Thread 0x00007f5d00009800 DEOPT UNPACKING pc=0x00007f5cf1047633 sp=0x00007f5d0761e500 mode 0
Event: 0.665 Thread 0x00007f5d00009800 DEOPT PACKING pc=0x00007f5cf112edf3 sp=0x00007f5d0761e750
Event: 0.665 Thread 0x00007f5d00009800 DEOPT UNPACKING pc=0x00007f5cf1047633 sp=0x00007f5d0761e500 mode 0
Event: 0.673 Thread 0x00007f5d00009800 DEOPT PACKING pc=0x00007f5cf112edf3 sp=0x00007f5d0761e750
Event: 0.673 Thread 0x00007f5d00009800 DEOPT UNPACKING pc=0x00007f5cf1047633 sp=0x00007f5d0761e500 mode 0
Event: 0.822 Executing VM operation: ParallelGCFailedAllocation
Event: 0.827 Executing VM operation: ParallelGCFailedAllocation done
Event: 0.865 Executing VM operation: ParallelGCFailedAllocation
Event: 0.866 Executing VM operation: ParallelGCFailedAllocation done
Event: 1.440 Executing VM operation: ParallelGCFailedAllocation


Dynamic libraries:
00400000-00401000 r-xp 00000000 08:01 902532                             /usr/lib/jvm/java-8-oracle/bin/java
00600000-00601000 rw-p 00000000 08:01 902532                             /usr/lib/jvm/java-8-oracle/bin/java
01c9d000-01cbe000 rw-p 00000000 00:00 0                                  [heap]
83600000-88a00000 rw-p 00000000 00:00 0 
88a00000-d6780000 ---p 00000000 00:00 0 
d6780000-f6980000 rw-p 00000000 00:00 0 
100000000-100080000 rw-p 00000000 00:00 0 
100080000-140000000 ---p 00000000 00:00 0 
7f5c98000000-7f5c98021000 rw-p 00000000 00:00 0 
7f5c98021000-7f5c9c000000 ---p 00000000 00:00 0 
7f5ca0000000-7f5ca002a000 rw-p 00000000 00:00 0 
7f5ca002a000-7f5ca4000000 ---p 00000000 00:00 0 
7f5ca4000000-7f5ca4021000 rw-p 00000000 00:00 0 
7f5ca4021000-7f5ca8000000 ---p 00000000 00:00 0 
7f5ca8000000-7f5ca814f000 rw-p 00000000 00:00 0 
7f5ca814f000-7f5cac000000 ---p 00000000 00:00 0 
7f5cac000000-7f5cac077000 rw-p 00000000 00:00 0 
7f5cac077000-7f5cb0000000 ---p 00000000 00:00 0 
7f5cb0000000-7f5cb0021000 rw-p 00000000 00:00 0 
7f5cb0021000-7f5cb4000000 ---p 00000000 00:00 0 
7f5cb4000000-7f5cb41c0000 rw-p 00000000 00:00 0 
7f5cb41c0000-7f5cb8000000 ---p 00000000 00:00 0 
7f5cb8000000-7f5cb8021000 rw-p 00000000 00:00 0 
7f5cb8021000-7f5cbc000000 ---p 00000000 00:00 0 
7f5cbc000000-7f5cbc021000 rw-p 00000000 00:00 0 
7f5cbc021000-7f5cc0000000 ---p 00000000 00:00 0 
7f5cc0000000-7f5cc0021000 rw-p 00000000 00:00 0 
7f5cc0021000-7f5cc4000000 ---p 00000000 00:00 0 
7f5cc4000000-7f5cc4021000 rw-p 00000000 00:00 0 
7f5cc4021000-7f5cc8000000 ---p 00000000 00:00 0 
7f5cc8000000-7f5cc8021000 rw-p 00000000 00:00 0 
7f5cc8021000-7f5ccc000000 ---p 00000000 00:00 0 
7f5cd0000000-7f5cd0021000 rw-p 00000000 00:00 0 
7f5cd0021000-7f5cd4000000 ---p 00000000 00:00 0 
7f5cd4799000-7f5cd4a1e000 rw-p 00000000 00:00 0 
7f5cd4a1e000-7f5cd4a1f000 ---p 00000000 00:00 0 
7f5cd4a1f000-7f5cd4b1f000 rw-p 00000000 00:00 0                          [stack:4166]
7f5cd4b1f000-7f5cd4b22000 ---p 00000000 00:00 0 
7f5cd4b22000-7f5cd4c20000 rw-p 00000000 00:00 0                          [stack:4165]
7f5cd4c20000-7f5cd4c23000 ---p 00000000 00:00 0 
7f5cd4c23000-7f5cd4d21000 rw-p 00000000 00:00 0                          [stack:4164]
7f5cd4d21000-7f5cd4d24000 ---p 00000000 00:00 0 
7f5cd4d24000-7f5cd4e22000 rw-p 00000000 00:00 0                          [stack:4163]
7f5cd4e22000-7f5cd4e25000 ---p 00000000 00:00 0 
7f5cd4e25000-7f5cd4f23000 rw-p 00000000 00:00 0                          [stack:4162]
7f5cd4f23000-7f5cd4f26000 ---p 00000000 00:00 0 
7f5cd4f26000-7f5cd5024000 rw-p 00000000 00:00 0                          [stack:4161]
7f5cd5024000-7f5cd5027000 ---p 00000000 00:00 0 
7f5cd5027000-7f5cd5125000 rw-p 00000000 00:00 0                          [stack:4160]
7f5cd5125000-7f5cd5809000 r--p 00000000 08:01 659733                     /usr/lib/locale/locale-archive
7f5cd5809000-7f5cd580c000 ---p 00000000 00:00 0 
7f5cd580c000-7f5cd590a000 rw-p 00000000 00:00 0                          [stack:4159]
7f5cd590a000-7f5cd590d000 ---p 00000000 00:00 0 
7f5cd590d000-7f5cd5a0b000 rw-p 00000000 00:00 0                          [stack:4158]
7f5cd5a0b000-7f5cd5a0c000 ---p 00000000 00:00 0 
7f5cd5a0c000-7f5cd7627000 rw-p 00000000 00:00 0                          [stack:4157]
7f5cd7627000-7f5cd7800000 r--s 03d20000 08:01 539072                     /usr/lib/jvm/java-8-oracle/jre/lib/rt.jar
7f5cd7800000-7f5cd7c40000 rw-p 00000000 00:00 0 
7f5cd7c40000-7f5cd8000000 ---p 00000000 00:00 0 
7f5cd8000000-7f5cd8021000 rw-p 00000000 00:00 0 
7f5cd8021000-7f5cdc000000 ---p 00000000 00:00 0 
7f5cdc000000-7f5cdc021000 rw-p 00000000 00:00 0 
7f5cdc021000-7f5ce0000000 ---p 00000000 00:00 0 
7f5ce0000000-7f5ce0021000 rw-p 00000000 00:00 0 
7f5ce0021000-7f5ce4000000 ---p 00000000 00:00 0 
7f5ce4000000-7f5ce4021000 rw-p 00000000 00:00 0 
7f5ce4021000-7f5ce8000000 ---p 00000000 00:00 0 
7f5ce8046000-7f5cec000000 rw-p 00000000 00:00 0 
7f5cec000000-7f5cec021000 rw-p 00000000 00:00 0 
7f5cec021000-7f5cf0000000 ---p 00000000 00:00 0 
7f5cf000c000-7f5cf0412000 rw-p 00000000 00:00 0 
7f5cf0412000-7f5cf0413000 ---p 00000000 00:00 0 
7f5cf0413000-7f5cf0513000 rw-p 00000000 00:00 0                          [stack:4156]
7f5cf0513000-7f5cf0514000 ---p 00000000 00:00 0 
7f5cf0514000-7f5cf0614000 rw-p 00000000 00:00 0                          [stack:4155]
7f5cf0614000-7f5cf0615000 ---p 00000000 00:00 0 
7f5cf0615000-7f5cf0715000 rw-p 00000000 00:00 0                          [stack:4154]
7f5cf0715000-7f5cf0716000 ---p 00000000 00:00 0 
7f5cf0716000-7f5cf0816000 rw-p 00000000 00:00 0                          [stack:4153]
7f5cf0816000-7f5cf0817000 ---p 00000000 00:00 0 
7f5cf0817000-7f5cf0917000 rw-p 00000000 00:00 0                          [stack:4152]
7f5cf0917000-7f5cf0918000 ---p 00000000 00:00 0 
7f5cf0918000-7f5cf0a18000 rw-p 00000000 00:00 0                          [stack:4151]
7f5cf0a18000-7f5cf0a19000 ---p 00000000 00:00 0 
7f5cf0a19000-7f5cf0b19000 rw-p 00000000 00:00 0                          [stack:4150]
7f5cf0b19000-7f5cf0b1a000 ---p 00000000 00:00 0 
7f5cf0b1a000-7f5cf0c44000 rw-p 00000000 00:00 0                          [stack:4149]
7f5cf0c44000-7f5cf0eb2000 ---p 00000000 00:00 0 
7f5cf0eb2000-7f5cf0fb4000 rw-p 00000000 00:00 0 
7f5cf0fb4000-7f5cf0fff000 ---p 00000000 00:00 0 
7f5cf0fff000-7f5cf1000000 rw-p 00000000 00:00 0 
7f5cf1000000-7f5cf1270000 rwxp 00000000 00:00 0 
7f5cf1270000-7f5d00000000 ---p 00000000 00:00 0 
7f5d00000000-7f5d00115000 rw-p 00000000 00:00 0 
7f5d00115000-7f5d04000000 ---p 00000000 00:00 0 
7f5d04009000-7f5d04075000 rw-p 00000000 00:00 0 
7f5d04075000-7f5d042e4000 ---p 00000000 00:00 0 
7f5d042e4000-7f5d042ee000 rw-p 00000000 00:00 0 
7f5d042ee000-7f5d046a4000 ---p 00000000 00:00 0 
7f5d046a4000-7f5d046be000 r-xp 00000000 08:01 539120                     /usr/lib/jvm/java-8-oracle/jre/lib/amd64/libzip.so
7f5d046be000-7f5d048be000 ---p 0001a000 08:01 539120                     /usr/lib/jvm/java-8-oracle/jre/lib/amd64/libzip.so
7f5d048be000-7f5d048bf000 rw-p 0001a000 08:01 539120                     /usr/lib/jvm/java-8-oracle/jre/lib/amd64/libzip.so
7f5d048bf000-7f5d048ca000 r-xp 00000000 08:01 393311                     /lib/x86_64-linux-gnu/libnss_files-2.19.so
7f5d048ca000-7f5d04ac9000 ---p 0000b000 08:01 393311                     /lib/x86_64-linux-gnu/libnss_files-2.19.so
7f5d04ac9000-7f5d04aca000 r--p 0000a000 08:01 393311                     /lib/x86_64-linux-gnu/libnss_files-2.19.so
7f5d04aca000-7f5d04acb000 rw-p 0000b000 08:01 393311                     /lib/x86_64-linux-gnu/libnss_files-2.19.so
7f5d04acb000-7f5d04ad6000 r-xp 00000000 08:01 397494                     /lib/x86_64-linux-gnu/libnss_nis-2.19.so
7f5d04ad6000-7f5d04cd5000 ---p 0000b000 08:01 397494                     /lib/x86_64-linux-gnu/libnss_nis-2.19.so
7f5d04cd5000-7f5d04cd6000 r--p 0000a000 08:01 397494                     /lib/x86_64-linux-gnu/libnss_nis-2.19.so
7f5d04cd6000-7f5d04cd7000 rw-p 0000b000 08:01 397494                     /lib/x86_64-linux-gnu/libnss_nis-2.19.so
7f5d04cd7000-7f5d04cee000 r-xp 00000000 08:01 393320                     /lib/x86_64-linux-gnu/libnsl-2.19.so
7f5d04cee000-7f5d04eed000 ---p 00017000 08:01 393320                     /lib/x86_64-linux-gnu/libnsl-2.19.so
7f5d04eed000-7f5d04eee000 r--p 00016000 08:01 393320                     /lib/x86_64-linux-gnu/libnsl-2.19.so
7f5d04eee000-7f5d04eef000 rw-p 00017000 08:01 393320                     /lib/x86_64-linux-gnu/libnsl-2.19.so
7f5d04eef000-7f5d04ef1000 rw-p 00000000 00:00 0 
7f5d04ef1000-7f5d04efa000 r-xp 00000000 08:01 393319                     /lib/x86_64-linux-gnu/libnss_compat-2.19.so
7f5d04efa000-7f5d050f9000 ---p 00009000 08:01 393319                     /lib/x86_64-linux-gnu/libnss_compat-2.19.so
7f5d050f9000-7f5d050fa000 r--p 00008000 08:01 393319                     /lib/x86_64-linux-gnu/libnss_compat-2.19.so
7f5d050fa000-7f5d050fb000 rw-p 00009000 08:01 393319                     /lib/x86_64-linux-gnu/libnss_compat-2.19.so
7f5d050fb000-7f5d05125000 r-xp 00000000 08:01 539127                     /usr/lib/jvm/java-8-oracle/jre/lib/amd64/libjava.so
7f5d05125000-7f5d05325000 ---p 0002a000 08:01 539127                     /usr/lib/jvm/java-8-oracle/jre/lib/amd64/libjava.so
7f5d05325000-7f5d05327000 rw-p 0002a000 08:01 539127                     /usr/lib/jvm/java-8-oracle/jre/lib/amd64/libjava.so
7f5d05327000-7f5d05334000 r-xp 00000000 08:01 539146                     /usr/lib/jvm/java-8-oracle/jre/lib/amd64/libverify.so
7f5d05334000-7f5d05534000 ---p 0000d000 08:01 539146                     /usr/lib/jvm/java-8-oracle/jre/lib/amd64/libverify.so
7f5d05534000-7f5d05536000 rw-p 0000d000 08:01 539146                     /usr/lib/jvm/java-8-oracle/jre/lib/amd64/libverify.so
7f5d05536000-7f5d0553d000 r-xp 00000000 08:01 394230                     /lib/x86_64-linux-gnu/librt-2.19.so
7f5d0553d000-7f5d0573c000 ---p 00007000 08:01 394230                     /lib/x86_64-linux-gnu/librt-2.19.so
7f5d0573c000-7f5d0573d000 r--p 00006000 08:01 394230                     /lib/x86_64-linux-gnu/librt-2.19.so
7f5d0573d000-7f5d0573e000 rw-p 00007000 08:01 394230                     /lib/x86_64-linux-gnu/librt-2.19.so
7f5d0573e000-7f5d05843000 r-xp 00000000 08:01 393310                     /lib/x86_64-linux-gnu/libm-2.19.so
7f5d05843000-7f5d05a42000 ---p 00105000 08:01 393310                     /lib/x86_64-linux-gnu/libm-2.19.so
7f5d05a42000-7f5d05a43000 r--p 00104000 08:01 393310                     /lib/x86_64-linux-gnu/libm-2.19.so
7f5d05a43000-7f5d05a44000 rw-p 00105000 08:01 393310                     /lib/x86_64-linux-gnu/libm-2.19.so
7f5d05a44000-7f5d06702000 r-xp 00000000 08:01 539157                     /usr/lib/jvm/java-8-oracle/jre/lib/amd64/server/libjvm.so
7f5d06702000-7f5d06901000 ---p 00cbe000 08:01 539157                     /usr/lib/jvm/java-8-oracle/jre/lib/amd64/server/libjvm.so
7f5d06901000-7f5d069da000 rw-p 00cbd000 08:01 539157                     /usr/lib/jvm/java-8-oracle/jre/lib/amd64/server/libjvm.so
7f5d069da000-7f5d06a1e000 rw-p 00000000 00:00 0 
7f5d06a1e000-7f5d06bd9000 r-xp 00000000 08:01 394226                     /lib/x86_64-linux-gnu/libc-2.19.so
7f5d06bd9000-7f5d06dd8000 ---p 001bb000 08:01 394226                     /lib/x86_64-linux-gnu/libc-2.19.so
7f5d06dd8000-7f5d06ddc000 r--p 001ba000 08:01 394226                     /lib/x86_64-linux-gnu/libc-2.19.so
7f5d06ddc000-7f5d06dde000 rw-p 001be000 08:01 394226                     /lib/x86_64-linux-gnu/libc-2.19.so
7f5d06dde000-7f5d06de3000 rw-p 00000000 00:00 0 
7f5d06de3000-7f5d06de6000 r-xp 00000000 08:01 393314                     /lib/x86_64-linux-gnu/libdl-2.19.so
7f5d06de6000-7f5d06fe5000 ---p 00003000 08:01 393314                     /lib/x86_64-linux-gnu/libdl-2.19.so
7f5d06fe5000-7f5d06fe6000 r--p 00002000 08:01 393314                     /lib/x86_64-linux-gnu/libdl-2.19.so
7f5d06fe6000-7f5d06fe7000 rw-p 00003000 08:01 393314                     /lib/x86_64-linux-gnu/libdl-2.19.so
7f5d06fe7000-7f5d06ffc000 r-xp 00000000 08:01 903800                     /usr/lib/jvm/java-8-oracle/lib/amd64/jli/libjli.so
7f5d06ffc000-7f5d071fc000 ---p 00015000 08:01 903800                     /usr/lib/jvm/java-8-oracle/lib/amd64/jli/libjli.so
7f5d071fc000-7f5d071fd000 rw-p 00015000 08:01 903800                     /usr/lib/jvm/java-8-oracle/lib/amd64/jli/libjli.so
7f5d071fd000-7f5d07216000 r-xp 00000000 08:01 394227                     /lib/x86_64-linux-gnu/libpthread-2.19.so
7f5d07216000-7f5d07415000 ---p 00019000 08:01 394227                     /lib/x86_64-linux-gnu/libpthread-2.19.so
7f5d07415000-7f5d07416000 r--p 00018000 08:01 394227                     /lib/x86_64-linux-gnu/libpthread-2.19.so
7f5d07416000-7f5d07417000 rw-p 00019000 08:01 394227                     /lib/x86_64-linux-gnu/libpthread-2.19.so
7f5d07417000-7f5d0741b000 rw-p 00000000 00:00 0 
7f5d0741b000-7f5d0743e000 r-xp 00000000 08:01 394222                     /lib/x86_64-linux-gnu/ld-2.19.so
7f5d07454000-7f5d0751f000 rw-p 00000000 00:00 0 
7f5d0751f000-7f5d07522000 ---p 00000000 00:00 0 
7f5d07522000-7f5d07624000 rw-p 00000000 00:00 0                          [stack:4148]
7f5d07630000-7f5d07631000 rw-p 00000000 00:00 0 
7f5d07631000-7f5d07639000 rw-s 00000000 08:01 1849782                    /tmp/hsperfdata_k/4141
7f5d07639000-7f5d0763a000 rw-p 00000000 00:00 0 
7f5d0763a000-7f5d0763b000 ---p 00000000 00:00 0 
7f5d0763b000-7f5d0763d000 rw-p 00000000 00:00 0 
7f5d0763d000-7f5d0763e000 r--p 00022000 08:01 394222                     /lib/x86_64-linux-gnu/ld-2.19.so
7f5d0763e000-7f5d0763f000 rw-p 00023000 08:01 394222                     /lib/x86_64-linux-gnu/ld-2.19.so
7f5d0763f000-7f5d07640000 rw-p 00000000 00:00 0 
7ffd61536000-7ffd61557000 rw-p 00000000 00:00 0                          [stack]
7ffd615b9000-7ffd615bb000 r-xp 00000000 00:00 0                          [vdso]
7ffd615bb000-7ffd615bd000 r--p 00000000 00:00 0                          [vvar]
ffffffffff600000-ffffffffff601000 r-xp 00000000 00:00 0                  [vsyscall]

VM Arguments:
jvm_args: -Dfile.encoding=UTF-8 
java_command: MainClass
java_class_path (initial): /home/k/Dropbox/Java/Homework5/bin:/usr/share/eclipse/dropins/jdt/plugins/org.junit_4.8.2.dist/junit.jar:/usr/share/eclipse/dropins/jdt/plugins/org.hamcrest.core_1.3.0.jar
Launcher Type: SUN_STANDARD

Environment Variables:
JAVA_HOME=/usr/lib/jvm/java-8-oracle
PATH=/usr/local/sbin:/usr/local/bin:/usr/sbin:/usr/bin:/sbin:/bin:/usr/games:/usr/local/games:/usr/lib/jvm/java-8-oracle/bin:/usr/lib/jvm/java-8-oracle/db/bin:/usr/lib/jvm/java-8-oracle/jre/bin
SHELL=/bin/bash
DISPLAY=:0

Signal Handlers:
SIGSEGV: [libjvm.so+0xaba2a0], sa_mask[0]=11111111011111111101111111111110, sa_flags=SA_RESTART|SA_SIGINFO
SIGBUS: [libjvm.so+0xaba2a0], sa_mask[0]=11111111011111111101111111111110, sa_flags=SA_RESTART|SA_SIGINFO
SIGFPE: [libjvm.so+0x917710], sa_mask[0]=11111111011111111101111111111110, sa_flags=SA_RESTART|SA_SIGINFO
SIGPIPE: [libjvm.so+0x917710], sa_mask[0]=11111111011111111101111111111110, sa_flags=SA_RESTART|SA_SIGINFO
SIGXFSZ: [libjvm.so+0x917710], sa_mask[0]=11111111011111111101111111111110, sa_flags=SA_RESTART|SA_SIGINFO
SIGILL: [libjvm.so+0x917710], sa_mask[0]=11111111011111111101111111111110, sa_flags=SA_RESTART|SA_SIGINFO
SIGUSR1: SIG_DFL, sa_mask[0]=00000000000000000000000000000000, sa_flags=none
SIGUSR2: [libjvm.so+0x918d40], sa_mask[0]=00100000000000000000000000000000, sa_flags=SA_RESTART|SA_SIGINFO
SIGHUP: [libjvm.so+0x91a140], sa_mask[0]=11111111011111111101111111111110, sa_flags=SA_RESTART|SA_SIGINFO
SIGINT: [libjvm.so+0x91a140], sa_mask[0]=11111111011111111101111111111110, sa_flags=SA_RESTART|SA_SIGINFO
SIGTERM: [libjvm.so+0x91a140], sa_mask[0]=11111111011111111101111111111110, sa_flags=SA_RESTART|SA_SIGINFO
SIGQUIT: [libjvm.so+0x91a140], sa_mask[0]=11111111011111111101111111111110, sa_flags=SA_RESTART|SA_SIGINFO


---------------  S Y S T E M  ---------------

OS:DISTRIB_ID=Ubuntu
DISTRIB_RELEASE=14.04
DISTRIB_CODENAME=trusty
DISTRIB_DESCRIPTION="Ubuntu 14.04.3 LTS"

uname:Linux 3.16.0-53-generic #72~14.04.1-Ubuntu SMP Fri Nov 6 18:17:23 UTC 2015 x86_64
libc:glibc 2.19 NPTL 2.19 
rlimit: STACK 8192k, CORE 0k, NPROC 31802, NOFILE 4096, AS infinity
load average:12.85 3.86 1.49

/proc/meminfo:
MemTotal:        8162964 kB
MemFree:          133820 kB
MemAvailable:      68288 kB
Buffers:             212 kB
Cached:            39188 kB
SwapCached:            0 kB
Active:          7245920 kB
Inactive:          33472 kB
Active(anon):    7245920 kB
Inactive(anon):    33056 kB
Active(file):          0 kB
Inactive(file):      416 kB
Unevictable:      221624 kB
Mlocked:          221624 kB
SwapTotal:             0 kB
SwapFree:              0 kB
Dirty:                68 kB
Writeback:             0 kB
AnonPages:       7464180 kB
Mapped:            31832 kB
Shmem:             36420 kB
Slab:              95680 kB
SReclaimable:      37452 kB
SUnreclaim:        58228 kB
KernelStack:       22016 kB
PageTables:        58332 kB
NFS_Unstable:          0 kB
Bounce:                0 kB
WritebackTmp:          0 kB
CommitLimit:     4081480 kB
Committed_AS:   14365716 kB
VmallocTotal:   34359738367 kB
VmallocUsed:      183920 kB
VmallocChunk:   34359502192 kB
HardwareCorrupted:     0 kB
AnonHugePages:   5062656 kB
HugePages_Total:       0
HugePages_Free:        0
HugePages_Rsvd:        0
HugePages_Surp:        0
Hugepagesize:       2048 kB
DirectMap4k:       85824 kB
DirectMap2M:     8302592 kB


CPU:total 8 (8 cores per cpu, 1 threads per core) family 6 model 62 stepping 4, cmov, cx8, fxsr, mmx, sse, sse2, sse3, ssse3, sse4.1, sse4.2, popcnt, avx, aes, clmul, erms, tsc, tscinvbit

/proc/cpuinfo:
processor	: 0
vendor_id	: GenuineIntel
cpu family	: 6
model		: 62
model name	: Intel(R) Core(TM) i7-4820K CPU @ 3.70GHz
stepping	: 4
microcode	: 0x428
cpu MHz		: 3700.000
cache size	: 10240 KB
physical id	: 0
siblings	: 8
core id		: 0
cpu cores	: 8
apicid		: 0
initial apicid	: 0
fpu		: yes
fpu_exception	: yes
cpuid level	: 13
wp		: yes
flags		: fpu vme de pse tsc msr pae mce cx8 apic sep mtrr pge mca cmov pat pse36 clflush dts mmx fxsr sse sse2 ss ht syscall nx rdtscp lm constant_tsc arch_perfmon pebs bts nopl xtopology tsc_reliable nonstop_tsc aperfmperf pni pclmulqdq ssse3 cx16 pcid sse4_1 sse4_2 x2apic popcnt tsc_deadline_timer aes xsave avx f16c rdrand hypervisor lahf_lm ida arat pln pts dtherm fsgsbase tsc_adjust smep
bogomips	: 7400.00
clflush size	: 64
cache_alignment	: 64
address sizes	: 42 bits physical, 48 bits virtual
power management:

processor	: 1
vendor_id	: GenuineIntel
cpu family	: 6
model		: 62
model name	: Intel(R) Core(TM) i7-4820K CPU @ 3.70GHz
stepping	: 4
microcode	: 0x428
cpu MHz		: 3700.000
cache size	: 10240 KB
physical id	: 0
siblings	: 8
core id		: 1
cpu cores	: 8
apicid		: 1
initial apicid	: 1
fpu		: yes
fpu_exception	: yes
cpuid level	: 13
wp		: yes
flags		: fpu vme de pse tsc msr pae mce cx8 apic sep mtrr pge mca cmov pat pse36 clflush dts mmx fxsr sse sse2 ss ht syscall nx rdtscp lm constant_tsc arch_perfmon pebs bts nopl xtopology tsc_reliable nonstop_tsc aperfmperf pni pclmulqdq ssse3 cx16 pcid sse4_1 sse4_2 x2apic popcnt tsc_deadline_timer aes xsave avx f16c rdrand hypervisor lahf_lm ida arat pln pts dtherm fsgsbase tsc_adjust smep
bogomips	: 7400.00
clflush size	: 64
cache_alignment	: 64
address sizes	: 42 bits physical, 48 bits virtual
power management:

processor	: 2
vendor_id	: GenuineIntel
cpu family	: 6
model		: 62
model name	: Intel(R) Core(TM) i7-4820K CPU @ 3.70GHz
stepping	: 4
microcode	: 0x428
cpu MHz		: 3700.000
cache size	: 10240 KB
physical id	: 0
siblings	: 8
core id		: 2
cpu cores	: 8
apicid		: 2
initial apicid	: 2
fpu		: yes
fpu_exception	: yes
cpuid level	: 13
wp		: yes
flags		: fpu vme de pse tsc msr pae mce cx8 apic sep mtrr pge mca cmov pat pse36 clflush dts mmx fxsr sse sse2 ss ht syscall nx rdtscp lm constant_tsc arch_perfmon pebs bts nopl xtopology tsc_reliable nonstop_tsc aperfmperf pni pclmulqdq ssse3 cx16 pcid sse4_1 sse4_2 x2apic popcnt tsc_deadline_timer aes xsave avx f16c rdrand hypervisor lahf_lm ida arat pln pts dtherm fsgsbase tsc_adjust smep
bogomips	: 7400.00
clflush size	: 64
cache_alignment	: 64
address sizes	: 42 bits physical, 48 bits virtual
power management:

processor	: 3
vendor_id	: GenuineIntel
cpu family	: 6
model		: 62
model name	: Intel(R) Core(TM) i7-4820K CPU @ 3.70GHz
stepping	: 4
microcode	: 0x428
cpu MHz		: 3700.000
cache size	: 10240 KB
physical id	: 0
siblings	: 8
core id		: 3
cpu cores	: 8
apicid		: 3
initial apicid	: 3
fpu		: yes
fpu_exception	: yes
cpuid level	: 13
wp		: yes
flags		: fpu vme de pse tsc msr pae mce cx8 apic sep mtrr pge mca cmov pat pse36 clflush dts mmx fxsr sse sse2 ss ht syscall nx rdtscp lm constant_tsc arch_perfmon pebs bts nopl xtopology tsc_reliable nonstop_tsc aperfmperf pni pclmulqdq ssse3 cx16 pcid sse4_1 sse4_2 x2apic popcnt tsc_deadline_timer aes xsave avx f16c rdrand hypervisor lahf_lm ida arat pln pts dtherm fsgsbase tsc_adjust smep
bogomips	: 7400.00
clflush size	: 64
cache_alignment	: 64
address sizes	: 42 bits physical, 48 bits virtual
power management:

processor	: 4
vendor_id	: GenuineIntel
cpu family	: 6
model		: 62
model name	: Intel(R) Core(TM) i7-4820K CPU @ 3.70GHz
stepping	: 4
microcode	: 0x428
cpu MHz		: 3700.000
cache size	: 10240 KB
physical id	: 0
siblings	: 8
core id		: 4
cpu cores	: 8
apicid		: 4
initial apicid	: 4
fpu		: yes
fpu_exception	: yes
cpuid level	: 13
wp		: yes
flags		: fpu vme de pse tsc msr pae mce cx8 apic sep mtrr pge mca cmov pat pse36 clflush dts mmx fxsr sse sse2 ss ht syscall nx rdtscp lm constant_tsc arch_perfmon pebs bts nopl xtopology tsc_reliable nonstop_tsc aperfmperf pni pclmulqdq ssse3 cx16 pcid sse4_1 sse4_2 x2apic popcnt tsc_deadline_timer aes xsave avx f16c rdrand hypervisor lahf_lm ida arat pln pts dtherm fsgsbase tsc_adjust smep
bogomips	: 7400.00
clflush size	: 64
cache_alignment	: 64
address sizes	: 42 bits physical, 48 bits virtual
power management:

processor	: 5
vendor_id	: GenuineIntel
cpu family	: 6
model		: 62
model name	: Intel(R) Core(TM) i7-4820K CPU @ 3.70GHz
stepping	: 4
microcode	: 0x428
cpu MHz		: 3700.000
cache size	: 10240 KB
physical id	: 0
siblings	: 8
core id		: 5
cpu cores	: 8
apicid		: 5
initial apicid	: 5
fpu		: yes
fpu_exception	: yes
cpuid level	: 13
wp		: yes
flags		: fpu vme de pse tsc msr pae mce cx8 apic sep mtrr pge mca cmov pat pse36 clflush dts mmx fxsr sse sse2 ss ht syscall nx rdtscp lm constant_tsc arch_perfmon pebs bts nopl xtopology tsc_reliable nonstop_tsc aperfmperf pni pclmulqdq ssse3 cx16 pcid sse4_1 sse4_2 x2apic popcnt tsc_deadline_timer aes xsave avx f16c rdrand hypervisor lahf_lm ida arat pln pts dtherm fsgsbase tsc_adjust smep
bogomips	: 7400.00
clflush size	: 64
cache_alignment	: 64
address sizes	: 42 bits physical, 48 bits virtual
power management:

processor	: 6
vendor_id	: GenuineIntel
cpu family	: 6
model		: 62
model name	: Intel(R) Core(TM) i7-4820K CPU @ 3.70GHz
stepping	: 4
microcode	: 0x428
cpu MHz		: 3700.000
cache size	: 10240 KB
physical id	: 0
siblings	: 8
core id		: 6
cpu cores	: 8
apicid		: 6
initial apicid	: 6
fpu		: yes
fpu_exception	: yes
cpuid level	: 13
wp		: yes
flags		: fpu vme de pse tsc msr pae mce cx8 apic sep mtrr pge mca cmov pat pse36 clflush dts mmx fxsr sse sse2 ss ht syscall nx rdtscp lm constant_tsc arch_perfmon pebs bts nopl xtopology tsc_reliable nonstop_tsc aperfmperf pni pclmulqdq ssse3 cx16 pcid sse4_1 sse4_2 x2apic popcnt tsc_deadline_timer aes xsave avx f16c rdrand hypervisor lahf_lm ida arat pln pts dtherm fsgsbase tsc_adjust smep
bogomips	: 7400.00
clflush size	: 64
cache_alignment	: 64
address sizes	: 42 bits physical, 48 bits virtual
power management:

processor	: 7
vendor_id	: GenuineIntel
cpu family	: 6
model		: 62
model name	: Intel(R) Core(TM) i7-4820K CPU @ 3.70GHz
stepping	: 4
microcode	: 0x428
cpu MHz		: 3700.000
cache size	: 10240 KB
physical id	: 0
siblings	: 8
core id		: 7
cpu cores	: 8
apicid		: 7
initial apicid	: 7
fpu		: yes
fpu_exception	: yes
cpuid level	: 13
wp		: yes
flags		: fpu vme de pse tsc msr pae mce cx8 apic sep mtrr pge mca cmov pat pse36 clflush dts mmx fxsr sse sse2 ss ht syscall nx rdtscp lm constant_tsc arch_perfmon pebs bts nopl xtopology tsc_reliable nonstop_tsc aperfmperf pni pclmulqdq ssse3 cx16 pcid sse4_1 sse4_2 x2apic popcnt tsc_deadline_timer aes xsave avx f16c rdrand hypervisor lahf_lm ida arat pln pts dtherm fsgsbase tsc_adjust smep
bogomips	: 7400.00
clflush size	: 64
cache_alignment	: 64
address sizes	: 42 bits physical, 48 bits virtual
power management:



Memory: 4k page, physical 8162964k(133200k free), swap 0k(0k free)

vm_info: Java HotSpot(TM) 64-Bit Server VM (25.66-b17) for linux-amd64 JRE (1.8.0_66-b17), built on Oct  6 2015 17:28:34 by "java_re" with gcc 4.3.0 20080428 (Red Hat 4.3.0-8)

time: Wed Nov 18 12:00:12 2015
elapsed time: 39 seconds (0d 0h 0m 39s)

